#
# A fatal error has been detected by the Java Runtime Environment:
#
#  EXCEPTION_ACCESS_VIOLATION (0xc0000005) at pc=0xffffffffa31c5120, pid=6180, tid=6992
#
# JRE version: Java(TM) SE Runtime Environment (8.0_31-b13) (build 1.8.0_31-b13)
# Java VM: Java HotSpot(TM) 64-Bit Server VM (25.31-b07 mixed mode windows-amd64 compressed oops)
# Problematic frame:
# C  0xffffffffa31c5120
#
# Failed to write core dump. Minidumps are not enabled by default on client versions of Windows
#
# If you would like to submit a bug report, please visit:
#   http://bugreport.java.com/bugreport/crash.jsp
#

---------------  T H R E A D  ---------------

Current thread (0x00000000020c2800):  JavaThread "main" [_thread_in_Java, id=6992, stack(0x0000000001ce0000,0x0000000001de0000)]

siginfo: ExceptionCode=0xc0000005, ExceptionInformation=0x0000000000000008 0xffffffffa31c5120

Registers:
RAX=0x00000000140abb38, RBX=0x00000000140abb38, RCX=0x00000000ec4c3068, RDX=0x00000000ec4c3068
RSP=0x0000000001dde2b8, RBP=0x0000000001dde310, RSI=0x0000000000000002, RDI=0x0000000000000002
R8 =0x0000000000000000, R9 =0x0000000000000002, R10=0x00000000683962c0, R11=0x0000000002465080
R12=0x0000000000000000, R13=0x0000000001dde2c8, R14=0x0000000001dde338, R15=0x00000000020c2800
RIP=0xffffffffa31c5120, EFLAGS=0x0000000000010206

Top of Stack: (sp=0x0000000001dde2b8)
0x0000000001dde2b8:   00000000021c7a2d 00000000021c7a2d
0x0000000001dde2c8:   00000000ec4c3068 0000000001dde2d0
0x0000000001dde2d8:   0000000019a6ab2d 0000000001dde338
0x0000000001dde2e8:   0000000019a6aba8 0000000000000000
0x0000000001dde2f8:   0000000019a6ab38 0000000001dde2c8
0x0000000001dde308:   0000000001dde320 0000000001dde380
0x0000000001dde318:   00000000021c7a2d 0000000000000000
0x0000000001dde328:   0000000000000215 0000000000000000
0x0000000001dde338:   00000000ec4c3038 0000000001dde340
0x0000000001dde348:   0000000019a6233c 0000000001dde3c0
0x0000000001dde358:   0000000019a65f48 0000000000000000
0x0000000001dde368:   0000000019a62358 0000000001dde320
0x0000000001dde378:   0000000001dde3a0 0000000001dde408
0x0000000001dde388:   00000000021c7a2d 0000000000000000
0x0000000001dde398:   0000000000000215 00000000ec4c3038
0x0000000001dde3a8:   00000000ec4c4668 0000000000000010 

Instructions: (pc=0xffffffffa31c5120)
0xffffffffa31c5100:   
[error occurred during error reporting (printing registers, top of stack, instructions near pc), id 0xc0000005]

Register to memory mapping:

RAX={method} {0x00000000140abb40} 'markDirty' '()V' in 'sun/java2d/StateTrackableDelegate'
RBX={method} {0x00000000140abb40} 'markDirty' '()V' in 'sun/java2d/StateTrackableDelegate'
RCX=0x00000000ec4c3068 is an oop
sun.java2d.StateTrackableDelegate 
 - klass: 'sun/java2d/StateTrackableDelegate'
RDX=0x00000000ec4c3068 is an oop
sun.java2d.StateTrackableDelegate 
 - klass: 'sun/java2d/StateTrackableDelegate'
RSP=0x0000000001dde2b8 is pointing into the stack for thread: 0x00000000020c2800
RBP=0x0000000001dde310 is pointing into the stack for thread: 0x00000000020c2800
RSI=0x0000000000000002 is an unknown value
RDI=0x0000000000000002 is an unknown value
R8 =0x0000000000000000 is an unknown value
R9 =0x0000000000000002 is an unknown value
R10=0x00000000683962c0 is an unknown value
R11=0x0000000002465080 is at entry_point+32 in (nmethod*)0x0000000002464f10
R12=0x0000000000000000 is an unknown value
R13=0x0000000001dde2c8 is pointing into the stack for thread: 0x00000000020c2800
R14=0x0000000001dde338 is pointing into the stack for thread: 0x00000000020c2800
R15=0x00000000020c2800 is a thread


Stack: [0x0000000001ce0000,0x0000000001de0000],  sp=0x0000000001dde2b8,  free space=1016k
Native frames: (J=compiled Java code, j=interpreted, Vv=VM code, C=native code)
C  0xffffffffa31c5120


---------------  P R O C E S S  ---------------

Java Threads: ( => current thread )
  0x00000000192df000 JavaThread "Abandoned connection cleanup thread" daemon [_thread_blocked, id=6608, stack(0x000000001bb30000,0x000000001bc30000)]
  0x0000000019260800 JavaThread "TimerQueue" daemon [_thread_blocked, id=2704, stack(0x000000001aa30000,0x000000001ab30000)]
  0x0000000015d5c800 JavaThread "D3D Screen Updater" daemon [_thread_blocked, id=288, stack(0x0000000019680000,0x0000000019780000)]
  0x0000000015d4d000 JavaThread "AWT-EventQueue-0" [_thread_blocked, id=5868, stack(0x0000000018c80000,0x0000000018d80000)]
  0x0000000015d17000 JavaThread "AWT-Windows" daemon [_thread_in_native, id=3184, stack(0x00000000165e0000,0x00000000166e0000)]
  0x0000000015d15000 JavaThread "AWT-Shutdown" [_thread_blocked, id=2400, stack(0x00000000164e0000,0x00000000165e0000)]
  0x0000000015d12000 JavaThread "Java2D Disposer" daemon [_thread_blocked, id=3776, stack(0x00000000163e0000,0x00000000164e0000)]
  0x000000001464c000 JavaThread "Service Thread" daemon [_thread_blocked, id=5056, stack(0x0000000015780000,0x0000000015880000)]
  0x0000000014648800 JavaThread "C1 CompilerThread1" daemon [_thread_blocked, id=5168, stack(0x0000000015680000,0x0000000015780000)]
  0x0000000014645800 JavaThread "C2 CompilerThread0" daemon [_thread_blocked, id=1900, stack(0x0000000015580000,0x0000000015680000)]
  0x0000000014643800 JavaThread "Attach Listener" daemon [_thread_blocked, id=3348, stack(0x0000000015480000,0x0000000015580000)]
  0x0000000014650000 JavaThread "Signal Dispatcher" daemon [_thread_blocked, id=6656, stack(0x0000000015380000,0x0000000015480000)]
  0x0000000014609000 JavaThread "Finalizer" daemon [_thread_blocked, id=4032, stack(0x0000000015280000,0x0000000015380000)]
  0x0000000014601000 JavaThread "Reference Handler" daemon [_thread_blocked, id=6312, stack(0x0000000015180000,0x0000000015280000)]
=>0x00000000020c2800 JavaThread "main" [_thread_in_Java, id=6992, stack(0x0000000001ce0000,0x0000000001de0000)]

Other Threads:
  0x00000000145fc000 VMThread [stack: 0x0000000015080000,0x0000000015180000] [id=4632]
  0x000000001464d800 WatcherThread [stack: 0x0000000015880000,0x0000000015980000] [id=5808]

VM state:not at safepoint (normal execution)

VM Mutex/Monitor currently owned by a thread: None

Heap:
 PSYoungGen      total 34816K, used 28834K [0x00000000eab00000, 0x00000000f0100000, 0x0000000100000000)
  eden space 32256K, 82% used [0x00000000eab00000,0x00000000ec4ee798,0x00000000eca80000)
  from space 2560K, 89% used [0x00000000eca80000,0x00000000eccba168,0x00000000ecd00000)
  to   space 21504K, 0% used [0x00000000eec00000,0x00000000eec00000,0x00000000f0100000)
 ParOldGen       total 57856K, used 33659K [0x00000000c0000000, 0x00000000c3880000, 0x00000000eab00000)
  object space 57856K, 58% used [0x00000000c0000000,0x00000000c20def20,0x00000000c3880000)
 Metaspace       used 17322K, capacity 17466K, committed 17792K, reserved 1064960K
  class space    used 2047K, capacity 2117K, committed 2176K, reserved 1048576K

Card table byte_map: [0x0000000011580000,0x0000000011790000] byte_map_base: 0x0000000010f80000

Marking Bits: (ParMarkBitMap*) 0x00000000683ad4f0
 Begin Bits: [0x0000000011af0000, 0x0000000012af0000)
 End Bits:   [0x0000000012af0000, 0x0000000013af0000)

Polling page: 0x0000000000460000

CodeCache: size=245760Kb used=6734Kb max_used=6734Kb free=239025Kb
 bounds [0x00000000021c0000, 0x0000000002860000, 0x00000000111c0000]
 total_blobs=2543 nmethods=1942 adapters=515
 compilation: enabled

Compilation events (10 events):
Event: 24.313 Thread 0x0000000014648800 1952       3       java.awt.image.ComponentSampleModel::getPixel (115 bytes)
Event: 24.313 Thread 0x0000000014648800 nmethod 1952 0x0000000002855890 code [0x0000000002855a40, 0x0000000002856058]
Event: 24.313 Thread 0x0000000014648800 1955       3       java.awt.image.ComponentSampleModel::setPixel (94 bytes)
Event: 24.313 Thread 0x0000000014648800 nmethod 1955 0x00000000028563d0 code [0x0000000002856580, 0x0000000002856a98]
Event: 24.313 Thread 0x0000000014648800 1951       3       java.awt.image.Raster::getPixel (25 bytes)
Event: 24.313 Thread 0x0000000014648800 nmethod 1951 0x0000000002856dd0 code [0x0000000002856f40, 0x0000000002857168]
Event: 24.313 Thread 0x0000000014648800 1954       3       java.awt.image.WritableRaster::setPixel (25 bytes)
Event: 24.314 Thread 0x0000000014648800 nmethod 1954 0x0000000002857250 code [0x00000000028573c0, 0x00000000028575e8]
Event: 24.314 Thread 0x0000000014648800 1956       3       java.awt.image.DataBufferByte::setElem (25 bytes)
Event: 24.314 Thread 0x0000000014648800 nmethod 1956 0x00000000028576d0 code [0x0000000002857840, 0x0000000002857b10]

GC Heap History (10 events):
Event: 0.936 GC heap before
{Heap before GC invocations=2 (full 0):
 PSYoungGen      total 18944K, used 15324K [0x00000000eab00000, 0x00000000ec000000, 0x0000000100000000)
  eden space 16384K, 77% used [0x00000000eab00000,0x00000000eb7789d0,0x00000000ebb00000)
  from space 2560K, 99% used [0x00000000ebb00000,0x00000000ebd7e830,0x00000000ebd80000)
  to   space 2560K, 0% used [0x00000000ebd80000,0x00000000ebd80000,0x00000000ec000000)
 ParOldGen       total 44032K, used 2267K [0x00000000c0000000, 0x00000000c2b00000, 0x00000000eab00000)
  object space 44032K, 5% used [0x00000000c0000000,0x00000000c0236d10,0x00000000c2b00000)
 Metaspace       used 9911K, capacity 10090K, committed 10240K, reserved 1058816K
  class space    used 1156K, capacity 1219K, committed 1280K, reserved 1048576K
Event: 0.945 GC heap after
Heap after GC invocations=2 (full 0):
 PSYoungGen      total 18944K, used 2546K [0x00000000eab00000, 0x00000000ed000000, 0x0000000100000000)
  eden space 16384K, 0% used [0x00000000eab00000,0x00000000eab00000,0x00000000ebb00000)
  from space 2560K, 99% used [0x00000000ebd80000,0x00000000ebffc820,0x00000000ec000000)
  to   space 2560K, 0% used [0x00000000ebb00000,0x00000000ebb00000,0x00000000ebd80000)
 ParOldGen       total 44032K, used 10968K [0x00000000c0000000, 0x00000000c2b00000, 0x00000000eab00000)
  object space 44032K, 24% used [0x00000000c0000000,0x00000000c0ab6090,0x00000000c2b00000)
 Metaspace       used 9911K, capacity 10090K, committed 10240K, reserved 1058816K
  class space    used 1156K, capacity 1219K, committed 1280K, reserved 1048576K
}
Event: 1.024 GC heap before
{Heap before GC invocations=3 (full 0):
 PSYoungGen      total 18944K, used 18267K [0x00000000eab00000, 0x00000000ed000000, 0x0000000100000000)
  eden space 16384K, 95% used [0x00000000eab00000,0x00000000eba5a420,0x00000000ebb00000)
  from space 2560K, 99% used [0x00000000ebd80000,0x00000000ebffc820,0x00000000ec000000)
  to   space 2560K, 0% used [0x00000000ebb00000,0x00000000ebb00000,0x00000000ebd80000)
 ParOldGen       total 44032K, used 10968K [0x00000000c0000000, 0x00000000c2b00000, 0x00000000eab00000)
  object space 44032K, 24% used [0x00000000c0000000,0x00000000c0ab6090,0x00000000c2b00000)
 Metaspace       used 9942K, capacity 10090K, committed 10240K, reserved 1058816K
  class space    used 1159K, capacity 1219K, committed 1280K, reserved 1048576K
Event: 1.036 GC heap after
Heap after GC invocations=3 (full 0):
 PSYoungGen      total 18944K, used 2546K [0x00000000eab00000, 0x00000000ed000000, 0x0000000100000000)
  eden space 16384K, 0% used [0x00000000eab00000,0x00000000eab00000,0x00000000ebb00000)
  from space 2560K, 99% used [0x00000000ebb00000,0x00000000ebd7c820,0x00000000ebd80000)
  to   space 2560K, 0% used [0x00000000ecd80000,0x00000000ecd80000,0x00000000ed000000)
 ParOldGen       total 44032K, used 26577K [0x00000000c0000000, 0x00000000c2b00000, 0x00000000eab00000)
  object space 44032K, 60% used [0x00000000c0000000,0x00000000c19f4500,0x00000000c2b00000)
 Metaspace       used 9942K, capacity 10090K, committed 10240K, reserved 1058816K
  class space    used 1159K, capacity 1219K, committed 1280K, reserved 1048576K
}
Event: 1.036 GC heap before
{Heap before GC invocations=4 (full 1):
 PSYoungGen      total 18944K, used 2546K [0x00000000eab00000, 0x00000000ed000000, 0x0000000100000000)
  eden space 16384K, 0% used [0x00000000eab00000,0x00000000eab00000,0x00000000ebb00000)
  from space 2560K, 99% used [0x00000000ebb00000,0x00000000ebd7c820,0x00000000ebd80000)
  to   space 2560K, 0% used [0x00000000ecd80000,0x00000000ecd80000,0x00000000ed000000)
 ParOldGen       total 44032K, used 26577K [0x00000000c0000000, 0x00000000c2b00000, 0x00000000eab00000)
  object space 44032K, 60% used [0x00000000c0000000,0x00000000c19f4500,0x00000000c2b00000)
 Metaspace       used 9942K, capacity 10090K, committed 10240K, reserved 1058816K
  class space    used 1159K, capacity 1219K, committed 1280K, reserved 1048576K
Event: 1.067 GC heap after
Heap after GC invocations=4 (full 1):
 PSYoungGen      total 18944K, used 0K [0x00000000eab00000, 0x00000000ed000000, 0x0000000100000000)
  eden space 16384K, 0% used [0x00000000eab00000,0x00000000eab00000,0x00000000ebb00000)
  from space 2560K, 0% used [0x00000000ebb00000,0x00000000ebb00000,0x00000000ebd80000)
  to   space 2560K, 0% used [0x00000000ecd80000,0x00000000ecd80000,0x00000000ed000000)
 ParOldGen       total 57856K, used 17571K [0x00000000c0000000, 0x00000000c3880000, 0x00000000eab00000)
  object space 57856K, 30% used [0x00000000c0000000,0x00000000c1128f40,0x00000000c3880000)
 Metaspace       used 9941K, capacity 10088K, committed 10240K, reserved 1058816K
  class space    used 1158K, capacity 1218K, committed 1280K, reserved 1048576K
}
Event: 1.212 GC heap before
{Heap before GC invocations=5 (full 1):
 PSYoungGen      total 18944K, used 16384K [0x00000000eab00000, 0x00000000ed000000, 0x0000000100000000)
  eden space 16384K, 100% used [0x00000000eab00000,0x00000000ebb00000,0x00000000ebb00000)
  from space 2560K, 0% used [0x00000000ebb00000,0x00000000ebb00000,0x00000000ebd80000)
  to   space 2560K, 0% used [0x00000000ecd80000,0x00000000ecd80000,0x00000000ed000000)
 ParOldGen       total 57856K, used 17571K [0x00000000c0000000, 0x00000000c3880000, 0x00000000eab00000)
  object space 57856K, 30% used [0x00000000c0000000,0x00000000c1128f40,0x00000000c3880000)
 Metaspace       used 10059K, capacity 10216K, committed 10496K, reserved 1058816K
  class space    used 1170K, capacity 1218K, committed 1280K, reserved 1048576K
Event: 1.220 GC heap after
Heap after GC invocations=5 (full 1):
 PSYoungGen      total 29696K, used 2029K [0x00000000eab00000, 0x00000000ecf80000, 0x0000000100000000)
  eden space 27648K, 0% used [0x00000000eab00000,0x00000000eab00000,0x00000000ec600000)
  from space 2048K, 99% used [0x00000000ecd80000,0x00000000ecf7b478,0x00000000ecf80000)
  to   space 2560K, 0% used [0x00000000eca80000,0x00000000eca80000,0x00000000ecd00000)
 ParOldGen       total 57856K, used 28950K [0x00000000c0000000, 0x00000000c3880000, 0x00000000eab00000)
  object space 57856K, 50% used [0x00000000c0000000,0x00000000c1c45b40,0x00000000c3880000)
 Metaspace       used 10059K, capacity 10216K, committed 10496K, reserved 1058816K
  class space    used 1170K, capacity 1218K, committed 1280K, reserved 1048576K
}
Event: 3.665 GC heap before
{Heap before GC invocations=6 (full 1):
 PSYoungGen      total 29696K, used 29677K [0x00000000eab00000, 0x00000000ecf80000, 0x0000000100000000)
  eden space 27648K, 100% used [0x00000000eab00000,0x00000000ec600000,0x00000000ec600000)
  from space 2048K, 99% used [0x00000000ecd80000,0x00000000ecf7b478,0x00000000ecf80000)
  to   space 2560K, 0% used [0x00000000eca80000,0x00000000eca80000,0x00000000ecd00000)
 ParOldGen       total 57856K, used 28950K [0x00000000c0000000, 0x00000000c3880000, 0x00000000eab00000)
  object space 57856K, 50% used [0x00000000c0000000,0x00000000c1c45b40,0x00000000c3880000)
 Metaspace       used 11663K, capacity 11816K, committed 12160K, reserved 1060864K
  class space    used 1476K, capacity 1538K, committed 1664K, reserved 1048576K
Event: 3.670 GC heap after
Heap after GC invocations=6 (full 1):
 PSYoungGen      total 34816K, used 2280K [0x00000000eab00000, 0x00000000f0100000, 0x0000000100000000)
  eden space 32256K, 0% used [0x00000000eab00000,0x00000000eab00000,0x00000000eca80000)
  from space 2560K, 89% used [0x00000000eca80000,0x00000000eccba168,0x00000000ecd00000)
  to   space 21504K, 0% used [0x00000000eec00000,0x00000000eec00000,0x00000000f0100000)
 ParOldGen       total 57856K, used 33659K [0x00000000c0000000, 0x00000000c3880000, 0x00000000eab00000)
  object space 57856K, 58% used [0x00000000c0000000,0x00000000c20def20,0x00000000c3880000)
 Metaspace       used 11663K, capacity 11816K, committed 12160K, reserved 1060864K
  class space    used 1476K, capacity 1538K, committed 1664K, reserved 1048576K
}

Deoptimization events (10 events):
Event: 9.070 Thread 0x0000000015d4d000 Uncommon trap: reason=class_check action=maybe_recompile pc=0x000000000238f668 method=java.lang.String.equals(Ljava/lang/Object;)Z @ 8
Event: 9.070 Thread 0x0000000015d4d000 Uncommon trap: reason=class_check action=maybe_recompile pc=0x000000000238f668 method=java.lang.String.equals(Ljava/lang/Object;)Z @ 8
Event: 22.007 Thread 0x0000000015d4d000 Uncommon trap: reason=class_check action=maybe_recompile pc=0x0000000002727a50 method=java.awt.Container.findComponentAtImpl(IIZ)Ljava/awt/Component; @ 76
Event: 22.007 Thread 0x0000000015d4d000 Uncommon trap: reason=class_check action=maybe_recompile pc=0x0000000002727a50 method=java.awt.Container.findComponentAtImpl(IIZ)Ljava/awt/Component; @ 76
Event: 22.009 Thread 0x0000000015d4d000 Uncommon trap: reason=class_check action=maybe_recompile pc=0x0000000002727a50 method=java.awt.Container.findComponentAtImpl(IIZ)Ljava/awt/Component; @ 76
Event: 22.009 Thread 0x0000000015d4d000 Uncommon trap: reason=class_check action=maybe_recompile pc=0x0000000002727a50 method=java.awt.Container.findComponentAtImpl(IIZ)Ljava/awt/Component; @ 76
Event: 24.258 Thread 0x0000000015d4d000 Uncommon trap: reason=unloaded action=reinterpret pc=0x000000000245df44 method=org.json.simple.parser.Yylex.yylex()Lorg/json/simple/parser/Yytoken; @ 537
Event: 24.273 Thread 0x0000000015d4d000 Uncommon trap: reason=unreached action=reinterpret pc=0x00000000025d13a8 method=sun.java2d.SurfaceData.getSourceSurfaceData(Ljava/awt/Image;ILsun/java2d/loops/CompositeType;Ljava/awt/Color;)Lsun/java2d/SurfaceData; @ 26
Event: 24.279 Thread 0x00000000020c2800 Uncommon trap: reason=bimorphic action=maybe_recompile pc=0x00000000025d857c method=sun.java2d.SurfaceData.getTransparency()I @ 4
Event: 24.296 Thread 0x00000000020c2800 Uncommon trap: reason=bimorphic action=maybe_recompile pc=0x00000000025d857c method=sun.java2d.SurfaceData.getTransparency()I @ 4

Internal exceptions (10 events):
Event: 19.173 Thread 0x0000000015d4d000 Exception <a 'java/security/PrivilegedActionException'> (0x00000000ebaac3b0) thrown at [C:\workspace\8-2-build-windows-amd64-cygwin\jdk8u31\2394\hotspot\src\share\vm\prims\jvm.cpp, line 1312]
Event: 19.174 Thread 0x0000000015d4d000 Exception <a 'java/security/PrivilegedActionException'> (0x00000000ebaaf900) thrown at [C:\workspace\8-2-build-windows-amd64-cygwin\jdk8u31\2394\hotspot\src\share\vm\prims\jvm.cpp, line 1312]
Event: 19.174 Thread 0x0000000015d4d000 Exception <a 'java/security/PrivilegedActionException'> (0x00000000ebab32a0) thrown at [C:\workspace\8-2-build-windows-amd64-cygwin\jdk8u31\2394\hotspot\src\share\vm\prims\jvm.cpp, line 1312]
Event: 19.318 Thread 0x0000000015d4d000 Exception <a 'java/security/PrivilegedActionException'> (0x00000000ebab86e0) thrown at [C:\workspace\8-2-build-windows-amd64-cygwin\jdk8u31\2394\hotspot\src\share\vm\prims\jvm.cpp, line 1312]
Event: 24.231 Thread 0x00000000020c2800 Exception <a 'java/security/PrivilegedActionException'> (0x00000000eb13eb10) thrown at [C:\workspace\8-2-build-windows-amd64-cygwin\jdk8u31\2394\hotspot\src\share\vm\prims\jvm.cpp, line 1312]
Event: 24.232 Thread 0x00000000020c2800 Exception <a 'java/security/PrivilegedActionException'> (0x00000000eb143c78) thrown at [C:\workspace\8-2-build-windows-amd64-cygwin\jdk8u31\2394\hotspot\src\share\vm\prims\jvm.cpp, line 1312]
Event: 24.273 Thread 0x0000000015d4d000 Implicit null exception at 0x00000000025d0be1 to 0x00000000025d1379
Event: 24.275 Thread 0x0000000015d4d000 Exception <a 'java/security/PrivilegedActionException'> (0x00000000ec056358) thrown at [C:\workspace\8-2-build-windows-amd64-cygwin\jdk8u31\2394\hotspot\src\share\vm\prims\jvm.cpp, line 1312]
Event: 24.288 Thread 0x00000000020c2800 Exception <a 'java/security/PrivilegedActionException'> (0x00000000ec31e418) thrown at [C:\workspace\8-2-build-windows-amd64-cygwin\jdk8u31\2394\hotspot\src\share\vm\prims\jvm.cpp, line 1312]
Event: 24.309 Thread 0x00000000020c2800 Exception <a 'java/security/PrivilegedActionException'> (0x00000000ec4b0af8) thrown at [C:\workspace\8-2-build-windows-amd64-cygwin\jdk8u31\2394\hotspot\src\share\vm\prims\jvm.cpp, line 1312]

Events (10 events):
Event: 24.288 loading class SpaceInvaders_V4/Entity/EnemySwarmer done
Event: 24.296 Thread 0x00000000020c2800 Uncommon trap: trap_request=0xffffffc6 fr.pc=0x00000000025d857c
Event: 24.296 Thread 0x00000000020c2800 DEOPT PACKING pc=0x00000000025d857c sp=0x0000000001dde410
Event: 24.296 Thread 0x00000000020c2800 DEOPT UNPACKING pc=0x000000000220556a sp=0x0000000001dde2e0 mode 2
Event: 24.309 loading class SpaceInvaders_V4/Entity/EnemyDart
Event: 24.309 loading class SpaceInvaders_V4/Entity/EnemyDart done
Event: 24.311 loading class sun/nio/cs/ISO_8859_1$Decoder
Event: 24.311 loading class sun/nio/cs/ISO_8859_1$Decoder done
Event: 24.312 loading class javax/imageio/ImageTypeSpecifier$Indexed
Event: 24.312 loading class javax/imageio/ImageTypeSpecifier$Indexed done


Dynamic libraries:
0x000007f6ee900000 - 0x000007f6ee934000 	C:\Program Files\Java\jdk1.8.0_31\bin\java.exe
0x000007fa6ca20000 - 0x000007fa6cbdd000 	C:\Windows\SYSTEM32\ntdll.dll
0x000007fa6a920000 - 0x000007fa6aa57000 	C:\Windows\system32\KERNEL32.DLL
0x000007fa69980000 - 0x000007fa69a74000 	C:\Windows\system32\KERNELBASE.dll
0x000007fa6ad40000 - 0x000007fa6ae1e000 	C:\Windows\system32\ADVAPI32.dll
0x000007fa6a5b0000 - 0x000007fa6a6fc000 	C:\Windows\system32\USER32.dll
0x000007fa65ad0000 - 0x000007fa65d3a000 	C:\Windows\WinSxS\amd64_microsoft.windows.common-controls_6595b64144ccf1df_6.0.9200.17321_none_41866eeb718ed8b9\COMCTL32.dll
0x000007fa6ab10000 - 0x000007fa6abb5000 	C:\Windows\system32\msvcrt.dll
0x000007fa6a8d0000 - 0x000007fa6a918000 	C:\Windows\SYSTEM32\sechost.dll
0x000007fa6b1c0000 - 0x000007fa6b305000 	C:\Windows\system32\RPCRT4.dll
0x000007fa6c8d0000 - 0x000007fa6ca11000 	C:\Windows\system32\GDI32.dll
0x000007fa6b0e0000 - 0x000007fa6b119000 	C:\Windows\system32\IMM32.DLL
0x000007fa6a490000 - 0x000007fa6a5a5000 	C:\Windows\system32\MSCTF.dll
0x0000000067af0000 - 0x0000000067bc2000 	C:\Program Files\Java\jdk1.8.0_31\jre\bin\msvcr100.dll
0x0000000067bd0000 - 0x000000006842a000 	C:\Program Files\Java\jdk1.8.0_31\jre\bin\server\jvm.dll
0x000007fa5ff30000 - 0x000007fa5ff39000 	C:\Windows\SYSTEM32\WSOCK32.dll
0x000007fa65490000 - 0x000007fa654b0000 	C:\Windows\SYSTEM32\WINMM.dll
0x000007fa6c8b0000 - 0x000007fa6c8b7000 	C:\Windows\system32\PSAPI.DLL
0x000007fa6b310000 - 0x000007fa6b368000 	C:\Windows\system32\WS2_32.dll
0x000007fa65100000 - 0x000007fa65133000 	C:\Windows\SYSTEM32\WINMMBASE.dll
0x000007fa6c670000 - 0x000007fa6c679000 	C:\Windows\system32\NSI.dll
0x000007fa69a80000 - 0x000007fa69acf000 	C:\Windows\SYSTEM32\cfgmgr32.dll
0x000007fa69dc0000 - 0x000007fa69de2000 	C:\Windows\system32\DEVOBJ.dll
0x0000000067aa0000 - 0x0000000067aaf000 	C:\Program Files\Java\jdk1.8.0_31\jre\bin\verify.dll
0x0000000067a70000 - 0x0000000067a98000 	C:\Program Files\Java\jdk1.8.0_31\jre\bin\java.dll
0x0000000067a50000 - 0x0000000067a66000 	C:\Program Files\Java\jdk1.8.0_31\jre\bin\zip.dll
0x000007fa6b370000 - 0x000007fa6c655000 	C:\Windows\system32\SHELL32.dll
0x000007fa6a720000 - 0x000007fa6a8d0000 	C:\Windows\SYSTEM32\combase.dll
0x000007fa6ae20000 - 0x000007fa6ae70000 	C:\Windows\system32\SHLWAPI.dll
0x000007fa68a70000 - 0x000007fa68b06000 	C:\Windows\SYSTEM32\SHCORE.dll
0x000007fa69920000 - 0x000007fa69935000 	C:\Windows\system32\profapi.dll
0x0000000067870000 - 0x0000000067a08000 	C:\Program Files\Java\jdk1.8.0_31\jre\bin\awt.dll
0x000007fa6ae70000 - 0x000007fa6af33000 	C:\Windows\system32\OLEAUT32.dll
0x000007fa62390000 - 0x000007fa6242f000 	C:\Windows\system32\apphelp.dll
0x000000006b340000 - 0x000000006b437000 	C:\Users\Bee-Jay\AppData\Local\Temp\libgdxBee-Jay\783853fc\jglfw64.dll
0x000007fa5dc70000 - 0x000007fa5dd8f000 	C:\Windows\SYSTEM32\OPENGL32.dll
0x000007fa5f2f0000 - 0x000007fa5f31c000 	C:\Windows\SYSTEM32\GLU32.dll
0x000007fa4e250000 - 0x000007fa4e33a000 	C:\Windows\SYSTEM32\DDRAW.dll
0x000007fa60dc0000 - 0x000007fa60dc8000 	C:\Windows\SYSTEM32\DCIMAN32.dll
0x000007fa68690000 - 0x000007fa68776000 	C:\Windows\system32\uxtheme.dll
0x000007fa67e00000 - 0x000007fa67e21000 	C:\Windows\system32\DWMAPI.DLL
0x000007fa61040000 - 0x000007fa61051000 	C:\Program Files (x86)\Dexpot\hooxpot64.dll
0x000007fa6abc0000 - 0x000007fa6ad3e000 	C:\Windows\system32\ole32.dll
0x000007fa696d0000 - 0x000007fa696da000 	C:\Windows\SYSTEM32\CRYPTBASE.dll
0x000007fa69670000 - 0x000007fa696cc000 	C:\Windows\SYSTEM32\bcryptPrimitives.dll
0x000007fa5ebf0000 - 0x000007fa5edf0000 	C:\Windows\system32\d3d9.dll
0x000007fa66080000 - 0x000007fa66089000 	C:\Windows\SYSTEM32\VERSION.dll
0x000007fa3f5d0000 - 0x000007fa40686000 	C:\Windows\SYSTEM32\nvd3dumx.dll
0x000007fa69830000 - 0x000007fa69873000 	C:\Windows\system32\powrprof.dll
0x000007fa66090000 - 0x000007fa661fa000 	C:\Program Files (x86)\NVIDIA Corporation\3D Vision\nvSCPAPI64.dll
0x000007fa6a150000 - 0x000007fa6a320000 	C:\Windows\system32\SETUPAPI.dll
0x000007fa65d40000 - 0x000007fa66073000 	C:\Windows\system32\nvapi64.dll
0x000007fa69d60000 - 0x000007fa69db5000 	C:\Windows\system32\WINTRUST.dll
0x000007fa69ad0000 - 0x000007fa69ca1000 	C:\Windows\system32\CRYPT32.dll
0x000007fa69940000 - 0x000007fa69956000 	C:\Windows\system32\MSASN1.dll
0x000007fa67b40000 - 0x000007fa67bb4000 	C:\Windows\system32\dxgi.dll
0x0000000067820000 - 0x0000000067867000 	C:\Program Files\Java\jdk1.8.0_31\jre\bin\fontmanager.dll
0x000007fa69140000 - 0x000007fa6915a000 	C:\Windows\SYSTEM32\CRYPTSP.dll
0x000007fa68de0000 - 0x000007fa68e2b000 	C:\Windows\system32\rsaenh.dll
0x000007fa69960000 - 0x000007fa6997f000 	C:\Windows\system32\USERENV.dll
0x0000000067a30000 - 0x0000000067a4a000 	C:\Program Files\Java\jdk1.8.0_31\jre\bin\net.dll
0x000007fa690e0000 - 0x000007fa6913c000 	C:\Windows\system32\mswsock.dll
0x000007fa638c0000 - 0x000007fa638ea000 	C:\Windows\SYSTEM32\IPHLPAPI.DLL
0x000007fa638a0000 - 0x000007fa638aa000 	C:\Windows\SYSTEM32\WINNSI.DLL
0x000007fa633b0000 - 0x000007fa633c3000 	C:\Windows\SYSTEM32\dhcpcsvc6.DLL
0x000007fa633f0000 - 0x000007fa63408000 	C:\Windows\SYSTEM32\dhcpcsvc.DLL
0x0000000067a10000 - 0x0000000067a21000 	C:\Program Files\Java\jdk1.8.0_31\jre\bin\nio.dll
0x000007fa6b120000 - 0x000007fa6b1b6000 	C:\Windows\SYSTEM32\clbcatq.dll
0x000007fa67c60000 - 0x000007fa67df3000 	C:\Windows\SYSTEM32\WindowsCodecs.dll
0x00000000677d0000 - 0x0000000067811000 	C:\Program Files\Java\jdk1.8.0_31\jre\bin\t2k.dll
0x0000000067790000 - 0x00000000677ba000 	C:\Program Files\Java\jdk1.8.0_31\jre\bin\dcpr.dll
0x000007fa5a090000 - 0x000007fa5a1f3000 	C:\Windows\SYSTEM32\dbghelp.dll

VM Arguments:
jvm_args: -Dfile.encoding=UTF-8 -Djava.library.path=lib/natives/ 
java_command: SpaceInvaders_V4.Main.Game
java_class_path (initial): C:\Users\Bee-Jay\OneDrive\Courses\CIS-18B Java Objects\WarfieldBrian_CSC18B_42029\Project\space_invaders\SpaceInvaders_solo\lib\jars\lwjgl.jar;C:\Users\Bee-Jay\OneDrive\Courses\CIS-18B Java Objects\WarfieldBrian_CSC18B_42029\Project\space_invaders\SpaceInvaders_solo\lib\jars\lwjgl_util.jar;C:\Users\Bee-Jay\OneDrive\Courses\CIS-18B Java Objects\WarfieldBrian_CSC18B_42029\Project\space_invaders\SpaceInvaders_solo\lib\jars\jglfw.jar;C:\Users\Bee-Jay\OneDrive\Courses\CIS-18B Java Objects\WarfieldBrian_CSC18B_42029\Project\space_invaders\SpaceInvaders_solo\lib\jars\jglfw-natives.jar;C:\Users\Bee-Jay\OneDrive\Courses\CIS-18B Java Objects\WarfieldBrian_CSC18B_42029\Project\space_invaders\SpaceInvaders_solo\lib\jars\slick-util.jar;C:\Users\Bee-Jay\OneDrive\Courses\CIS-18B Java Objects\WarfieldBrian_CSC18B_42029\Project\space_invaders\SpaceInvaders_solo\lib\jars\json-simple-1.1.1.jar;C:\Users\Bee-Jay\OneDrive\Courses\CIS-18B Java Objects\WarfieldBrian_CSC18B_42029\Project\space_invaders\SpaceInvaders_solo\lib\absolutelayout\AbsoluteLayout.jar;C:\Users\Bee-Jay\OneDrive\Courses\CIS-18B Java Objects\WarfieldBrian_CSC18B_42029\Project\space_invaders\SpaceInvaders_solo\lib\Apache_Commons_Codec_1.10\commons-codec-1.10.jar;C:\Users\Bee-Jay\OneDrive\Courses\CIS-18B Java Objects\WarfieldBrian_CSC18B_42029\Project\space_invaders\SpaceInvaders_solo\lib\MySQLDriver\mysql-connector-java-5.1.23-bin.jar;C:\Users\Bee-Jay\OneDrive\Courses\CIS-18B Java Objects\WarfieldBrian_CSC18B_42029\Project\space_invaders\SpaceInvaders_solo\build\classes
Launcher Type: SUN_STANDARD

Environment Variables:
PATH=C:\ProgramData\Oracle\Java\javapath;C:\Program Files (x86)\NVIDIA Corporation\PhysX\Common;C:\Windows\system32;C:\Windows;C:\Windows\System32\Wbem;C:\Windows\System32\WindowsPowerShell\v1.0\;C:\Program Files (x86)\QuickTime\QTSystem\;C:\Users\Bee-Jay\Desktop\App Dump\exercism;C:\Program Files\nodejs\;C:\Program Files (x86)\AAC Audiobook Creator\Tools\SSA;C:\Users\Bee-Jay\AppData\Roaming\npm;C:\Program Files (x86)\AAC Audiobook Creator\Tools\SSA;C:\Program Files\Java\jdk1.8.0_40\bin;C:\Program Files (x86)\gradle-2.3\bin;
USERNAME=Bee-Jay
OS=Windows_NT
PROCESSOR_IDENTIFIER=Intel64 Family 6 Model 23 Stepping 6, GenuineIntel



---------------  S Y S T E M  ---------------

OS: Windows 8 , 64 bit Build 9200 

CPU:total 2 (2 cores per cpu, 1 threads per core) family 6 model 23 stepping 6, cmov, cx8, fxsr, mmx, sse, sse2, sse3, ssse3, sse4.1, tsc

Memory: 4k page, physical 4191712k(1050768k free), swap 11269600k(5322928k free)

vm_info: Java HotSpot(TM) 64-Bit Server VM (25.31-b07) for windows-amd64 JRE (1.8.0_31-b13), built on Dec 17 2014 21:00:28 by "java_re" with MS VC++ 10.0 (VS2010)

time: Wed Jun 10 12:07:44 2015
elapsed time: 24 seconds (0d 0h 0m 24s)

