#
# A fatal error has been detected by the Java Runtime Environment:
#
#  EXCEPTION_ACCESS_VIOLATION (0xc0000005) at pc=0xffffffffa3715120, pid=6044, tid=312
#
# JRE version: Java(TM) SE Runtime Environment (8.0_31-b13) (build 1.8.0_31-b13)
# Java VM: Java HotSpot(TM) 64-Bit Server VM (25.31-b07 mixed mode windows-amd64 compressed oops)
# Problematic frame:
# C  0xffffffffa3715120
#
# Failed to write core dump. Minidumps are not enabled by default on client versions of Windows
#
# If you would like to submit a bug report, please visit:
#   http://bugreport.java.com/bugreport/crash.jsp
#

---------------  T H R E A D  ---------------

Current thread (0x0000000002610800):  JavaThread "main" [_thread_in_Java, id=312, stack(0x0000000002230000,0x0000000002330000)]

siginfo: ExceptionCode=0xc0000005, ExceptionInformation=0x0000000000000008 0xffffffffa3715120

Registers:
RAX=0x0000000100034b60, RBX=0x0000000000000001, RCX=0x000000000000000a, RDX=0x00000000c01c6f08
RSP=0x000000000232eca8, RBP=0x000000000232f028, RSI=0x0000000000000036, RDI=0x0000000000000001
R8 =0x0000000000000036, R9 =0x000000000000000a, R10=0x0000000100034b60, R11=0x0000000000000002
R12=0x0000000000000000, R13=0x000000001a06d1e8, R14=0x000000000000f190, R15=0x0000000002610800
RIP=0xffffffffa3715120, EFLAGS=0x0000000000010246

Top of Stack: (sp=0x000000000232eca8)
0x000000000232eca8:   000000000298c704 0000000002610800
0x000000000232ecb8:   0000000000000c00 0000000000000470
0x000000000232ecc8:   0000000000000000 000000001a096588
0x000000000232ecd8:   0000000100034b60 000000000000000a
0x000000000232ece8:   0000000000000c00 8000000000000001
0x000000000232ecf8:   0000000000000000 000000000232ed30
0x000000000232ed08:   000000000232ed30 000000000000003b
0x000000000232ed18:   00000000142d30d8 0000000200000000
0x000000000232ed28:   00000000eb4f3820 000000000000000a
0x000000000232ed38:   000000000000000a 8000000000000001
0x000000000232ed48:   fffffffffffffffa 0000000200000036
0x000000000232ed58:   f333333333333334 0000000000000009
0x000000000232ed68:   00000000000023fe 00000000eb4f3820
0x000000000232ed78:   000032c400000002 000000000000001b
0x000000000232ed88:   4059000000000000 00000000eb40ac88
0x000000000232ed98:   4000000000000000 0000000000000000 

Instructions: (pc=0xffffffffa3715120)
0xffffffffa3715100:   
[error occurred during error reporting (printing registers, top of stack, instructions near pc), id 0xc0000005]

Register to memory mapping:

RAX=0x0000000100034b60 is pointing into metadata
RBX=0x0000000000000001 is an unknown value
RCX=0x000000000000000a is an unknown value
RDX=0x00000000c01c6f08 is an oop
java.lang.CharacterDataLatin1 
 - klass: 'java/lang/CharacterDataLatin1'
RSP=0x000000000232eca8 is pointing into the stack for thread: 0x0000000002610800
RBP=0x000000000232f028 is pointing into the stack for thread: 0x0000000002610800
RSI=0x0000000000000036 is an unknown value
RDI=0x0000000000000001 is an unknown value
R8 =0x0000000000000036 is an unknown value
R9 =0x000000000000000a is an unknown value
R10=0x0000000100034b60 is pointing into metadata
R11=0x0000000000000002 is an unknown value
R12=0x0000000000000000 is an unknown value
R13=0x000000001a06d1e8 is pointing into metadata
R14=0x000000000000f190 is an unknown value
R15=0x0000000002610800 is a thread


Stack: [0x0000000002230000,0x0000000002330000],  sp=0x000000000232eca8,  free space=1019k
Native frames: (J=compiled Java code, j=interpreted, Vv=VM code, C=native code)
C  0xffffffffa3715120


---------------  P R O C E S S  ---------------

Java Threads: ( => current thread )
  0x00000000186a4000 JavaThread "D3D Screen Updater" daemon [_thread_blocked, id=7152, stack(0x0000000019c50000,0x0000000019d50000)]
  0x000000001863a800 JavaThread "AWT-EventQueue-0" [_thread_blocked, id=6452, stack(0x0000000019a50000,0x0000000019b50000)]
  0x00000000162c6000 JavaThread "AWT-Windows" daemon [_thread_in_native, id=5440, stack(0x0000000016ae0000,0x0000000016be0000)]
  0x00000000162c4000 JavaThread "AWT-Shutdown" [_thread_blocked, id=7160, stack(0x00000000169e0000,0x0000000016ae0000)]
  0x00000000162c3000 JavaThread "Java2D Disposer" daemon [_thread_blocked, id=3716, stack(0x00000000168e0000,0x00000000169e0000)]
  0x0000000014bfc800 JavaThread "Service Thread" daemon [_thread_blocked, id=3644, stack(0x0000000015ce0000,0x0000000015de0000)]
  0x0000000014b9d000 JavaThread "C1 CompilerThread1" daemon [_thread_blocked, id=4228, stack(0x0000000015be0000,0x0000000015ce0000)]
  0x0000000014b95000 JavaThread "C2 CompilerThread0" daemon [_thread_in_native, id=5928, stack(0x0000000015ae0000,0x0000000015be0000)]
  0x0000000014b93000 JavaThread "Attach Listener" daemon [_thread_blocked, id=276, stack(0x00000000159e0000,0x0000000015ae0000)]
  0x0000000014b9f800 JavaThread "Signal Dispatcher" daemon [_thread_blocked, id=6388, stack(0x00000000158e0000,0x00000000159e0000)]
  0x0000000014b53000 JavaThread "Finalizer" daemon [_thread_blocked, id=4504, stack(0x00000000157e0000,0x00000000158e0000)]
  0x0000000014b50800 JavaThread "Reference Handler" daemon [_thread_blocked, id=6676, stack(0x00000000156e0000,0x00000000157e0000)]
=>0x0000000002610800 JavaThread "main" [_thread_in_Java, id=312, stack(0x0000000002230000,0x0000000002330000)]

Other Threads:
  0x0000000014b4c000 VMThread [stack: 0x00000000155e0000,0x00000000156e0000] [id=5488]
  0x0000000014bfe000 WatcherThread [stack: 0x0000000015de0000,0x0000000015ee0000] [id=5952]

VM state:not at safepoint (normal execution)

VM Mutex/Monitor currently owned by a thread: None

Heap:
 PSYoungGen      total 18944K, used 12954K [0x00000000eab00000, 0x00000000ec000000, 0x0000000100000000)
  eden space 16384K, 63% used [0x00000000eab00000,0x00000000eb528728,0x00000000ebb00000)
  from space 2560K, 99% used [0x00000000ebb00000,0x00000000ebd7e2e0,0x00000000ebd80000)
  to   space 2560K, 0% used [0x00000000ebd80000,0x00000000ebd80000,0x00000000ec000000)
 ParOldGen       total 44032K, used 2606K [0x00000000c0000000, 0x00000000c2b00000, 0x00000000eab00000)
  object space 44032K, 5% used [0x00000000c0000000,0x00000000c028ba40,0x00000000c2b00000)
 Metaspace       used 9993K, capacity 10154K, committed 10240K, reserved 1058816K
  class space    used 1165K, capacity 1219K, committed 1280K, reserved 1048576K

Card table byte_map: [0x0000000011ad0000,0x0000000011ce0000] byte_map_base: 0x00000000114d0000

Marking Bits: (ParMarkBitMap*) 0x000000006885d4f0
 Begin Bits: [0x0000000012040000, 0x0000000013040000)
 End Bits:   [0x0000000013040000, 0x0000000014040000)

Polling page: 0x0000000000870000

CodeCache: size=245760Kb used=2553Kb max_used=2564Kb free=243206Kb
 bounds [0x0000000002710000, 0x00000000029a0000, 0x0000000011710000]
 total_blobs=1050 nmethods=573 adapters=392
 compilation: enabled

Compilation events (10 events):
Event: 1.231 Thread 0x0000000014b9d000 nmethod 570 0x000000000298b310 code [0x000000000298b460, 0x000000000298b650]
Event: 1.232 Thread 0x0000000014b9d000  571       3       java.util.LinkedList::getFirst (22 bytes)
Event: 1.232 Thread 0x0000000014b9d000 nmethod 571 0x000000000298b710 code [0x000000000298b880, 0x000000000298baa8]
Event: 1.232 Thread 0x0000000014b9d000  572       3       java.lang.Long::parseLong (272 bytes)
Event: 1.234 Thread 0x0000000014b9d000 nmethod 572 0x000000000298bb90 code [0x000000000298bf40, 0x000000000298dca8]
Event: 1.234 Thread 0x0000000014b9d000  573       3       java.lang.Long::valueOf (36 bytes)
Event: 1.234 Thread 0x0000000014b9d000 nmethod 573 0x000000000298f090 code [0x000000000298f200, 0x000000000298f570]
Event: 1.235 Thread 0x0000000014b95000  574       4       java.lang.CharacterDataLatin1::digit (91 bytes)
Event: 1.236 Thread 0x0000000014b95000 nmethod 574 0x0000000002992450 code [0x0000000002992580, 0x0000000002992678]
Event: 1.236 Thread 0x0000000014b95000  575   !   4       org.json.simple.parser.Yylex::yylex (907 bytes)

GC Heap History (2 events):
Event: 1.151 GC heap before
{Heap before GC invocations=1 (full 0):
 PSYoungGen      total 18944K, used 16060K [0x00000000eab00000, 0x00000000ec000000, 0x0000000100000000)
  eden space 16384K, 98% used [0x00000000eab00000,0x00000000ebaaf338,0x00000000ebb00000)
  from space 2560K, 0% used [0x00000000ebd80000,0x00000000ebd80000,0x00000000ec000000)
  to   space 2560K, 0% used [0x00000000ebb00000,0x00000000ebb00000,0x00000000ebd80000)
 ParOldGen       total 44032K, used 0K [0x00000000c0000000, 0x00000000c2b00000, 0x00000000eab00000)
  object space 44032K, 0% used [0x00000000c0000000,0x00000000c0000000,0x00000000c2b00000)
 Metaspace       used 9884K, capacity 10026K, committed 10240K, reserved 1058816K
  class space    used 1156K, capacity 1219K, committed 1280K, reserved 1048576K
Event: 1.157 GC heap after
Heap after GC invocations=1 (full 0):
 PSYoungGen      total 18944K, used 2552K [0x00000000eab00000, 0x00000000ec000000, 0x0000000100000000)
  eden space 16384K, 0% used [0x00000000eab00000,0x00000000eab00000,0x00000000ebb00000)
  from space 2560K, 99% used [0x00000000ebb00000,0x00000000ebd7e2e0,0x00000000ebd80000)
  to   space 2560K, 0% used [0x00000000ebd80000,0x00000000ebd80000,0x00000000ec000000)
 ParOldGen       total 44032K, used 2606K [0x00000000c0000000, 0x00000000c2b00000, 0x00000000eab00000)
  object space 44032K, 5% used [0x00000000c0000000,0x00000000c028ba40,0x00000000c2b00000)
 Metaspace       used 9884K, capacity 10026K, committed 10240K, reserved 1058816K
  class space    used 1156K, capacity 1219K, committed 1280K, reserved 1048576K
}

Deoptimization events (0 events):
No events

Internal exceptions (10 events):
Event: 1.172 Thread 0x0000000002610800 Exception <a 'java/security/PrivilegedActionException'> (0x00000000eaf00fb8) thrown at [C:\workspace\8-2-build-windows-amd64-cygwin\jdk8u31\2394\hotspot\src\share\vm\prims\jvm.cpp, line 1312]
Event: 1.191 Thread 0x0000000002610800 Exception <a 'java/security/PrivilegedActionException'> (0x00000000eb3e3c90) thrown at [C:\workspace\8-2-build-windows-amd64-cygwin\jdk8u31\2394\hotspot\src\share\vm\prims\jvm.cpp, line 1312]
Event: 1.195 Thread 0x0000000002610800 Exception <a 'java/security/PrivilegedActionException'> (0x00000000eb3e8b00) thrown at [C:\workspace\8-2-build-windows-amd64-cygwin\jdk8u31\2394\hotspot\src\share\vm\prims\jvm.cpp, line 1312]
Event: 1.207 Thread 0x0000000002610800 Exception <a 'java/security/PrivilegedActionException'> (0x00000000eb3f39c8) thrown at [C:\workspace\8-2-build-windows-amd64-cygwin\jdk8u31\2394\hotspot\src\share\vm\prims\jvm.cpp, line 1312]
Event: 1.210 Thread 0x0000000002610800 Exception <a 'java/security/PrivilegedActionException'> (0x00000000eb3fd900) thrown at [C:\workspace\8-2-build-windows-amd64-cygwin\jdk8u31\2394\hotspot\src\share\vm\prims\jvm.cpp, line 1312]
Event: 1.216 Thread 0x0000000002610800 Exception <a 'java/security/PrivilegedActionException'> (0x00000000eb413318) thrown at [C:\workspace\8-2-build-windows-amd64-cygwin\jdk8u31\2394\hotspot\src\share\vm\prims\jvm.cpp, line 1312]
Event: 1.217 Thread 0x0000000002610800 Exception <a 'java/security/PrivilegedActionException'> (0x00000000eb418340) thrown at [C:\workspace\8-2-build-windows-amd64-cygwin\jdk8u31\2394\hotspot\src\share\vm\prims\jvm.cpp, line 1312]
Event: 1.217 Thread 0x0000000002610800 Exception <a 'java/security/PrivilegedActionException'> (0x00000000eb41ab90) thrown at [C:\workspace\8-2-build-windows-amd64-cygwin\jdk8u31\2394\hotspot\src\share\vm\prims\jvm.cpp, line 1312]
Event: 1.223 Thread 0x0000000002610800 Exception <a 'java/security/PrivilegedActionException'> (0x00000000eb491b08) thrown at [C:\workspace\8-2-build-windows-amd64-cygwin\jdk8u31\2394\hotspot\src\share\vm\prims\jvm.cpp, line 1312]
Event: 1.224 Thread 0x0000000002610800 Exception <a 'java/security/PrivilegedActionException'> (0x00000000eb495620) thrown at [C:\workspace\8-2-build-windows-amd64-cygwin\jdk8u31\2394\hotspot\src\share\vm\prims\jvm.cpp, line 1312]

Events (10 events):
Event: 1.217 loading class org/json/simple/JSONAware
Event: 1.217 loading class org/json/simple/JSONAware done
Event: 1.217 loading class org/json/simple/JSONStreamAware
Event: 1.217 loading class org/json/simple/JSONStreamAware done
Event: 1.223 loading class org/json/simple/parser/Yytoken
Event: 1.223 loading class org/json/simple/parser/Yytoken done
Event: 1.224 loading class org/json/simple/JSONArray
Event: 1.224 loading class org/json/simple/JSONArray done
Event: 1.225 Executing VM operation: Deoptimize
Event: 1.225 Executing VM operation: Deoptimize done


Dynamic libraries:
0x000007f7fbc80000 - 0x000007f7fbcb4000 	C:\Program Files\Java\jdk1.8.0_31\bin\java.exe
0x000007fa6ca20000 - 0x000007fa6cbdd000 	C:\Windows\SYSTEM32\ntdll.dll
0x000007fa6a920000 - 0x000007fa6aa57000 	C:\Windows\system32\KERNEL32.DLL
0x000007fa69980000 - 0x000007fa69a74000 	C:\Windows\system32\KERNELBASE.dll
0x000007fa6ad40000 - 0x000007fa6ae1e000 	C:\Windows\system32\ADVAPI32.dll
0x000007fa6a5b0000 - 0x000007fa6a6fc000 	C:\Windows\system32\USER32.dll
0x000007fa65ad0000 - 0x000007fa65d3a000 	C:\Windows\WinSxS\amd64_microsoft.windows.common-controls_6595b64144ccf1df_6.0.9200.17321_none_41866eeb718ed8b9\COMCTL32.dll
0x000007fa6ab10000 - 0x000007fa6abb5000 	C:\Windows\system32\msvcrt.dll
0x000007fa6a8d0000 - 0x000007fa6a918000 	C:\Windows\SYSTEM32\sechost.dll
0x000007fa6b1c0000 - 0x000007fa6b305000 	C:\Windows\system32\RPCRT4.dll
0x000007fa6c8d0000 - 0x000007fa6ca11000 	C:\Windows\system32\GDI32.dll
0x000007fa6b0e0000 - 0x000007fa6b119000 	C:\Windows\system32\IMM32.DLL
0x000007fa6a490000 - 0x000007fa6a5a5000 	C:\Windows\system32\MSCTF.dll
0x0000000067fa0000 - 0x0000000068072000 	C:\Program Files\Java\jdk1.8.0_31\jre\bin\msvcr100.dll
0x0000000068080000 - 0x00000000688da000 	C:\Program Files\Java\jdk1.8.0_31\jre\bin\server\jvm.dll
0x000007fa62900000 - 0x000007fa62909000 	C:\Windows\SYSTEM32\WSOCK32.dll
0x000007fa65490000 - 0x000007fa654b0000 	C:\Windows\SYSTEM32\WINMM.dll
0x000007fa6c8b0000 - 0x000007fa6c8b7000 	C:\Windows\system32\PSAPI.DLL
0x000007fa6b310000 - 0x000007fa6b368000 	C:\Windows\system32\WS2_32.dll
0x000007fa65100000 - 0x000007fa65133000 	C:\Windows\SYSTEM32\WINMMBASE.dll
0x000007fa6c670000 - 0x000007fa6c679000 	C:\Windows\system32\NSI.dll
0x000007fa69a80000 - 0x000007fa69acf000 	C:\Windows\SYSTEM32\cfgmgr32.dll
0x000007fa69dc0000 - 0x000007fa69de2000 	C:\Windows\system32\DEVOBJ.dll
0x0000000067f50000 - 0x0000000067f5f000 	C:\Program Files\Java\jdk1.8.0_31\jre\bin\verify.dll
0x0000000067f20000 - 0x0000000067f48000 	C:\Program Files\Java\jdk1.8.0_31\jre\bin\java.dll
0x0000000067f00000 - 0x0000000067f16000 	C:\Program Files\Java\jdk1.8.0_31\jre\bin\zip.dll
0x000007fa6b370000 - 0x000007fa6c655000 	C:\Windows\system32\SHELL32.dll
0x000007fa6a720000 - 0x000007fa6a8d0000 	C:\Windows\SYSTEM32\combase.dll
0x000007fa6ae20000 - 0x000007fa6ae70000 	C:\Windows\system32\SHLWAPI.dll
0x000007fa68a70000 - 0x000007fa68b06000 	C:\Windows\SYSTEM32\SHCORE.dll
0x000007fa69920000 - 0x000007fa69935000 	C:\Windows\system32\profapi.dll
0x0000000067d20000 - 0x0000000067eb8000 	C:\Program Files\Java\jdk1.8.0_31\jre\bin\awt.dll
0x000007fa6ae70000 - 0x000007fa6af33000 	C:\Windows\system32\OLEAUT32.dll
0x000007fa62390000 - 0x000007fa6242f000 	C:\Windows\system32\apphelp.dll
0x000000006b340000 - 0x000000006b437000 	C:\Users\Bee-Jay\AppData\Local\Temp\libgdxBee-Jay\783853fc\jglfw64.dll
0x000007fa60dd0000 - 0x000007fa60eef000 	C:\Windows\SYSTEM32\OPENGL32.dll
0x000007fa60f10000 - 0x000007fa60f3c000 	C:\Windows\SYSTEM32\GLU32.dll
0x000007fa5f050000 - 0x000007fa5f13a000 	C:\Windows\SYSTEM32\DDRAW.dll
0x000007fa628e0000 - 0x000007fa628e8000 	C:\Windows\SYSTEM32\DCIMAN32.dll
0x000007fa68690000 - 0x000007fa68776000 	C:\Windows\system32\uxtheme.dll
0x000007fa67e00000 - 0x000007fa67e21000 	C:\Windows\system32\DWMAPI.DLL
0x000007fa61040000 - 0x000007fa61051000 	C:\Program Files (x86)\Dexpot\hooxpot64.dll
0x000007fa6abc0000 - 0x000007fa6ad3e000 	C:\Windows\system32\ole32.dll
0x000007fa696d0000 - 0x000007fa696da000 	C:\Windows\SYSTEM32\CRYPTBASE.dll
0x000007fa69670000 - 0x000007fa696cc000 	C:\Windows\SYSTEM32\bcryptPrimitives.dll
0x000007fa5ec00000 - 0x000007fa5ee00000 	C:\Windows\system32\d3d9.dll
0x000007fa66080000 - 0x000007fa66089000 	C:\Windows\SYSTEM32\VERSION.dll
0x000007fa4ab30000 - 0x000007fa4bbe6000 	C:\Windows\SYSTEM32\nvd3dumx.dll
0x000007fa69830000 - 0x000007fa69873000 	C:\Windows\system32\powrprof.dll
0x000007fa66090000 - 0x000007fa661fa000 	C:\Program Files (x86)\NVIDIA Corporation\3D Vision\nvSCPAPI64.dll
0x000007fa6a150000 - 0x000007fa6a320000 	C:\Windows\system32\SETUPAPI.dll
0x000007fa65d40000 - 0x000007fa66073000 	C:\Windows\system32\nvapi64.dll
0x000007fa69d60000 - 0x000007fa69db5000 	C:\Windows\system32\WINTRUST.dll
0x000007fa69ad0000 - 0x000007fa69ca1000 	C:\Windows\system32\CRYPT32.dll
0x000007fa69940000 - 0x000007fa69956000 	C:\Windows\system32\MSASN1.dll
0x000007fa67b40000 - 0x000007fa67bb4000 	C:\Windows\system32\dxgi.dll
0x0000000067cd0000 - 0x0000000067d17000 	C:\Program Files\Java\jdk1.8.0_31\jre\bin\fontmanager.dll
0x000007fa69140000 - 0x000007fa6915a000 	C:\Windows\SYSTEM32\CRYPTSP.dll
0x000007fa68de0000 - 0x000007fa68e2b000 	C:\Windows\system32\rsaenh.dll
0x000007fa69960000 - 0x000007fa6997f000 	C:\Windows\system32\USERENV.dll
0x0000000067ee0000 - 0x0000000067efa000 	C:\Program Files\Java\jdk1.8.0_31\jre\bin\net.dll
0x000007fa690e0000 - 0x000007fa6913c000 	C:\Windows\system32\mswsock.dll
0x000007fa638c0000 - 0x000007fa638ea000 	C:\Windows\SYSTEM32\IPHLPAPI.DLL
0x000007fa638a0000 - 0x000007fa638aa000 	C:\Windows\SYSTEM32\WINNSI.DLL
0x000007fa633b0000 - 0x000007fa633c3000 	C:\Windows\SYSTEM32\dhcpcsvc6.DLL
0x000007fa633f0000 - 0x000007fa63408000 	C:\Windows\SYSTEM32\dhcpcsvc.DLL
0x0000000067ec0000 - 0x0000000067ed1000 	C:\Program Files\Java\jdk1.8.0_31\jre\bin\nio.dll
0x000007fa5a090000 - 0x000007fa5a1f3000 	C:\Windows\SYSTEM32\dbghelp.dll

VM Arguments:
jvm_args: -Dfile.encoding=UTF-8 -Djava.library.path=lib/natives/ 
java_command: SpaceInvaders_V4.Main.Game
java_class_path (initial): C:\Users\Bee-Jay\OneDrive\Courses\CIS-18B Java Objects\WarfieldBrian_CSC18B_42029\Project\space_invaders\SpaceInvaders_solo\lib\jars\lwjgl.jar;C:\Users\Bee-Jay\OneDrive\Courses\CIS-18B Java Objects\WarfieldBrian_CSC18B_42029\Project\space_invaders\SpaceInvaders_solo\lib\jars\lwjgl_util.jar;C:\Users\Bee-Jay\OneDrive\Courses\CIS-18B Java Objects\WarfieldBrian_CSC18B_42029\Project\space_invaders\SpaceInvaders_solo\lib\jars\jglfw.jar;C:\Users\Bee-Jay\OneDrive\Courses\CIS-18B Java Objects\WarfieldBrian_CSC18B_42029\Project\space_invaders\SpaceInvaders_solo\lib\jars\jglfw-natives.jar;C:\Users\Bee-Jay\OneDrive\Courses\CIS-18B Java Objects\WarfieldBrian_CSC18B_42029\Project\space_invaders\SpaceInvaders_solo\lib\jars\slick-util.jar;C:\Users\Bee-Jay\OneDrive\Courses\CIS-18B Java Objects\WarfieldBrian_CSC18B_42029\Project\space_invaders\SpaceInvaders_solo\lib\jars\json-simple-1.1.1.jar;C:\Users\Bee-Jay\OneDrive\Courses\CIS-18B Java Objects\WarfieldBrian_CSC18B_42029\Project\space_invaders\SpaceInvaders_solo\lib\absolutelayout\AbsoluteLayout.jar;C:\Users\Bee-Jay\OneDrive\Courses\CIS-18B Java Objects\WarfieldBrian_CSC18B_42029\Project\space_invaders\SpaceInvaders_solo\build\classes
Launcher Type: SUN_STANDARD

Environment Variables:
PATH=C:\ProgramData\Oracle\Java\javapath;C:\Program Files (x86)\NVIDIA Corporation\PhysX\Common;C:\Windows\system32;C:\Windows;C:\Windows\System32\Wbem;C:\Windows\System32\WindowsPowerShell\v1.0\;C:\Program Files (x86)\QuickTime\QTSystem\;C:\Users\Bee-Jay\Desktop\App Dump\exercism;C:\Program Files\nodejs\;C:\Program Files (x86)\AAC Audiobook Creator\Tools\SSA;C:\Users\Bee-Jay\AppData\Roaming\npm;C:\Program Files (x86)\AAC Audiobook Creator\Tools\SSA;C:\Program Files\Java\jdk1.8.0_40\bin;C:\Program Files (x86)\gradle-2.3\bin;
USERNAME=Bee-Jay
OS=Windows_NT
PROCESSOR_IDENTIFIER=Intel64 Family 6 Model 23 Stepping 6, GenuineIntel



---------------  S Y S T E M  ---------------

OS: Windows 8 , 64 bit Build 9200 

CPU:total 2 (2 cores per cpu, 1 threads per core) family 6 model 23 stepping 6, cmov, cx8, fxsr, mmx, sse, sse2, sse3, ssse3, sse4.1, tsc

Memory: 4k page, physical 4191712k(1720892k free), swap 11269600k(7771932k free)

vm_info: Java HotSpot(TM) 64-Bit Server VM (25.31-b07) for windows-amd64 JRE (1.8.0_31-b13), built on Dec 17 2014 21:00:28 by "java_re" with MS VC++ 10.0 (VS2010)

time: Wed Jun 03 04:24:51 2015
elapsed time: 1 seconds (0d 0h 0m 1s)

