#
# A fatal error has been detected by the Java Runtime Environment:
#
#  EXCEPTION_ACCESS_VIOLATION (0xc0000005) at pc=0xffffffffa4005120, pid=5136, tid=5300
#
# JRE version: Java(TM) SE Runtime Environment (8.0_31-b13) (build 1.8.0_31-b13)
# Java VM: Java HotSpot(TM) 64-Bit Server VM (25.31-b07 mixed mode windows-amd64 compressed oops)
# Problematic frame:
# C  0xffffffffa4005120
#
# Failed to write core dump. Minidumps are not enabled by default on client versions of Windows
#
# If you would like to submit a bug report, please visit:
#   http://bugreport.java.com/bugreport/crash.jsp
#

---------------  T H R E A D  ---------------

Current thread (0x0000000016b73800):  JavaThread "AWT-EventQueue-0" [_thread_in_Java, id=5300, stack(0x0000000019af0000,0x0000000019bf0000)]

siginfo: ExceptionCode=0xc0000005, ExceptionInformation=0x0000000000000008 0xffffffffa4005120

Registers:
RAX=0x0000000000000006, RBX=0x0000000000000001, RCX=0x000000000000000a, RDX=0x0000000000000006
RSP=0x0000000019becbd8, RBP=0x0000000019bece48, RSI=0x0000000000000006, RDI=0x8000000000000001
R8 =0x0000000000002852, R9 =0x000000000000000a, R10=0x0000000000000009, R11=0x000000001a939fc0
R12=0x0000000000000000, R13=0x0000000000000470, R14=0x000000000000285c, R15=0x0000000016b73800
RIP=0xffffffffa4005120, EFLAGS=0x0000000000010202

Top of Stack: (sp=0x0000000019becbd8)
0x0000000019becbd8:   00000000032a7064 0000000000000000
0x0000000019becbe8:   0000000000000000 0000000000000000
0x0000000019becbf8:   0000000000000000 0000000000000000
0x0000000019becc08:   0000000000000000 0000000000000000
0x0000000019becc18:   0000000000000000 0000000000000000
0x0000000019becc28:   0000000019becc40 0000000015237930
0x0000000019becc38:   0000000016b73800 0000000015237930
0x0000000019becc48:   0000000016b73800 00000000000003bb
0x0000000019becc58:   0000000000000016 0000000015237930
0x0000000019becc68:   0000000000000000 0000000019becd09
0x0000000019becc78:   000000006812c298 0000000016b5a120
0x0000000019becc88:   00000000eb440568 0000400000000004
0x0000000019becc98:   000000000311a394 00000000eb4405a8
0x0000000019becca8:   0000000000000000 0000000000000000
0x0000000019beccb8:   0000000016b73800 0000000000000000
0x0000000019beccc8:   0000000015237930 0000000016b73800 

Instructions: (pc=0xffffffffa4005120)
0xffffffffa4005100:   
[error occurred during error reporting (printing registers, top of stack, instructions near pc), id 0xc0000005]

Register to memory mapping:

RAX=0x0000000000000006 is an unknown value
RBX=0x0000000000000001 is an unknown value
RCX=0x000000000000000a is an unknown value
RDX=0x0000000000000006 is an unknown value
RSP=0x0000000019becbd8 is pointing into the stack for thread: 0x0000000016b73800
RBP=0x0000000019bece48 is pointing into the stack for thread: 0x0000000016b73800
RSI=0x0000000000000006 is an unknown value
RDI=0x8000000000000001 is an unknown value
R8 =0x0000000000002852 is an unknown value
R9 =0x000000000000000a is an unknown value
R10=0x0000000000000009 is an unknown value
R11=0x000000001a939fc0 is pointing into metadata
R12=0x0000000000000000 is an unknown value
R13=0x0000000000000470 is an unknown value
R14=0x000000000000285c is an unknown value
R15=0x0000000016b73800 is a thread


Stack: [0x0000000019af0000,0x0000000019bf0000],  sp=0x0000000019becbd8,  free space=1010k
Native frames: (J=compiled Java code, j=interpreted, Vv=VM code, C=native code)
C  0xffffffffa4005120


---------------  P R O C E S S  ---------------

Java Threads: ( => current thread )
  0x0000000016b8d800 JavaThread "D3D Screen Updater" daemon [_thread_blocked, id=5652, stack(0x000000001a4f0000,0x000000001a5f0000)]
=>0x0000000016b73800 JavaThread "AWT-EventQueue-0" [_thread_in_Java, id=5300, stack(0x0000000019af0000,0x0000000019bf0000)]
  0x0000000016b32000 JavaThread "AWT-Windows" daemon [_thread_in_native, id=704, stack(0x00000000173c0000,0x00000000174c0000)]
  0x0000000016b31000 JavaThread "AWT-Shutdown" [_thread_blocked, id=900, stack(0x00000000172c0000,0x00000000173c0000)]
  0x0000000016b30000 JavaThread "Java2D Disposer" daemon [_thread_blocked, id=5500, stack(0x00000000171c0000,0x00000000172c0000)]
  0x00000000154dd000 JavaThread "Service Thread" daemon [_thread_blocked, id=4052, stack(0x00000000165c0000,0x00000000166c0000)]
  0x000000001548d000 JavaThread "C1 CompilerThread1" daemon [_thread_blocked, id=5772, stack(0x00000000164c0000,0x00000000165c0000)]
  0x000000001548a000 JavaThread "C2 CompilerThread0" daemon [_thread_blocked, id=5232, stack(0x00000000163c0000,0x00000000164c0000)]
  0x0000000015485800 JavaThread "Attach Listener" daemon [_thread_blocked, id=708, stack(0x00000000162c0000,0x00000000163c0000)]
  0x0000000015484000 JavaThread "Signal Dispatcher" daemon [_thread_blocked, id=252, stack(0x00000000161c0000,0x00000000162c0000)]
  0x0000000015443000 JavaThread "Finalizer" daemon [_thread_blocked, id=5664, stack(0x00000000160c0000,0x00000000161c0000)]
  0x0000000015440800 JavaThread "Reference Handler" daemon [_thread_blocked, id=240, stack(0x0000000015fc0000,0x00000000160c0000)]
  0x0000000002b40800 JavaThread "main" [_thread_in_native, id=4968, stack(0x00000000012c0000,0x00000000013c0000)]

Other Threads:
  0x000000001543c000 VMThread [stack: 0x0000000015ec0000,0x0000000015fc0000] [id=3784]
  0x00000000154de000 WatcherThread [stack: 0x00000000166c0000,0x00000000167c0000] [id=5028]

VM state:not at safepoint (normal execution)

VM Mutex/Monitor currently owned by a thread: None

Heap:
 PSYoungGen      total 35328K, used 26323K [0x00000000eab00000, 0x00000000ed000000, 0x0000000100000000)
  eden space 32768K, 72% used [0x00000000eab00000,0x00000000ec253830,0x00000000ecb00000)
  from space 2560K, 95% used [0x00000000ecd80000,0x00000000ecfe1450,0x00000000ed000000)
  to   space 2560K, 0% used [0x00000000ecb00000,0x00000000ecb00000,0x00000000ecd80000)
 ParOldGen       total 44032K, used 24631K [0x00000000c0000000, 0x00000000c2b00000, 0x00000000eab00000)
  object space 44032K, 55% used [0x00000000c0000000,0x00000000c180ddf8,0x00000000c2b00000)
 Metaspace       used 10167K, capacity 10346K, committed 10496K, reserved 1058816K
  class space    used 1173K, capacity 1219K, committed 1280K, reserved 1048576K

Card table byte_map: [0x00000000123c0000,0x00000000125d0000] byte_map_base: 0x0000000011dc0000

Marking Bits: (ParMarkBitMap*) 0x000000006885d4f0
 Begin Bits: [0x0000000012930000, 0x0000000013930000)
 End Bits:   [0x0000000013930000, 0x0000000014930000)

Polling page: 0x00000000013c0000

CodeCache: size=245760Kb used=3046Kb max_used=3057Kb free=242713Kb
 bounds [0x0000000003000000, 0x0000000003300000, 0x0000000012000000]
 total_blobs=1244 nmethods=766 adapters=393
 compilation: enabled

Compilation events (10 events):
Event: 1.993 Thread 0x000000001548d000 nmethod 758 0x00000000032f4b90 code [0x00000000032f4d00, 0x00000000032f4ec8]
Event: 1.993 Thread 0x000000001548d000  759       3       sun.awt.AWTAutoShutdown::notifyToolkitThreadFree (8 bytes)
Event: 1.993 Thread 0x000000001548d000 nmethod 759 0x00000000032f7250 code [0x00000000032f73c0, 0x00000000032f7588]
Event: 1.993 Thread 0x000000001548d000  760       3       java.util.HashMap::clear (50 bytes)
Event: 1.993 Thread 0x000000001548d000 nmethod 760 0x00000000032f6bd0 code [0x00000000032f6d40, 0x00000000032f7110]
Event: 1.993 Thread 0x000000001548d000  761       1       java.awt.image.Raster::getDataBuffer (5 bytes)
Event: 1.993 Thread 0x000000001548d000 nmethod 761 0x00000000032f6910 code [0x00000000032f6a60, 0x00000000032f6b70]
Event: 1.995 Thread 0x000000001548d000  762       3       sun.java2d.loops.GraphicsPrimitive::convertFrom (84 bytes)
Event: 1.995 Thread 0x000000001548d000 nmethod 762 0x00000000032f9c10 code [0x00000000032f9dc0, 0x00000000032fa2f8]
Event: 1.995 Thread 0x000000001548d000  763       1       sun.awt.Win32GraphicsDevice::getScreen (5 bytes)

GC Heap History (8 events):
Event: 1.031 GC heap before
{Heap before GC invocations=1 (full 0):
 PSYoungGen      total 18944K, used 16061K [0x00000000eab00000, 0x00000000ec000000, 0x0000000100000000)
  eden space 16384K, 98% used [0x00000000eab00000,0x00000000ebaaf5f0,0x00000000ebb00000)
  from space 2560K, 0% used [0x00000000ebd80000,0x00000000ebd80000,0x00000000ec000000)
  to   space 2560K, 0% used [0x00000000ebb00000,0x00000000ebb00000,0x00000000ebd80000)
 ParOldGen       total 44032K, used 0K [0x00000000c0000000, 0x00000000c2b00000, 0x00000000eab00000)
  object space 44032K, 0% used [0x00000000c0000000,0x00000000c0000000,0x00000000c2b00000)
 Metaspace       used 9899K, capacity 10090K, committed 10240K, reserved 1058816K
  class space    used 1157K, capacity 1219K, committed 1280K, reserved 1048576K
Event: 1.037 GC heap after
Heap after GC invocations=1 (full 0):
 PSYoungGen      total 18944K, used 2552K [0x00000000eab00000, 0x00000000ec000000, 0x0000000100000000)
  eden space 16384K, 0% used [0x00000000eab00000,0x00000000eab00000,0x00000000ebb00000)
  from space 2560K, 99% used [0x00000000ebb00000,0x00000000ebd7e2e0,0x00000000ebd80000)
  to   space 2560K, 0% used [0x00000000ebd80000,0x00000000ebd80000,0x00000000ec000000)
 ParOldGen       total 44032K, used 2607K [0x00000000c0000000, 0x00000000c2b00000, 0x00000000eab00000)
  object space 44032K, 5% used [0x00000000c0000000,0x00000000c028bd58,0x00000000c2b00000)
 Metaspace       used 9899K, capacity 10090K, committed 10240K, reserved 1058816K
  class space    used 1157K, capacity 1219K, committed 1280K, reserved 1048576K
}
Event: 1.309 GC heap before
{Heap before GC invocations=2 (full 0):
 PSYoungGen      total 18944K, used 18936K [0x00000000eab00000, 0x00000000ec000000, 0x0000000100000000)
  eden space 16384K, 100% used [0x00000000eab00000,0x00000000ebb00000,0x00000000ebb00000)
  from space 2560K, 99% used [0x00000000ebb00000,0x00000000ebd7e2e0,0x00000000ebd80000)
  to   space 2560K, 0% used [0x00000000ebd80000,0x00000000ebd80000,0x00000000ec000000)
 ParOldGen       total 44032K, used 2607K [0x00000000c0000000, 0x00000000c2b00000, 0x00000000eab00000)
  object space 44032K, 5% used [0x00000000c0000000,0x00000000c028bd58,0x00000000c2b00000)
 Metaspace       used 10062K, capacity 10218K, committed 10496K, reserved 1058816K
  class space    used 1170K, capacity 1219K, committed 1280K, reserved 1048576K
Event: 1.316 GC heap after
Heap after GC invocations=2 (full 0):
 PSYoungGen      total 18944K, used 2538K [0x00000000eab00000, 0x00000000ed000000, 0x0000000100000000)
  eden space 16384K, 0% used [0x00000000eab00000,0x00000000eab00000,0x00000000ebb00000)
  from space 2560K, 99% used [0x00000000ebd80000,0x00000000ebffaaf0,0x00000000ec000000)
  to   space 2560K, 0% used [0x00000000ebb00000,0x00000000ebb00000,0x00000000ebd80000)
 ParOldGen       total 44032K, used 8796K [0x00000000c0000000, 0x00000000c2b00000, 0x00000000eab00000)
  object space 44032K, 19% used [0x00000000c0000000,0x00000000c0897388,0x00000000c2b00000)
 Metaspace       used 10062K, capacity 10218K, committed 10496K, reserved 1058816K
  class space    used 1170K, capacity 1219K, committed 1280K, reserved 1048576K
}
Event: 1.456 GC heap before
{Heap before GC invocations=3 (full 0):
 PSYoungGen      total 18944K, used 17988K [0x00000000eab00000, 0x00000000ed000000, 0x0000000100000000)
  eden space 16384K, 94% used [0x00000000eab00000,0x00000000eba16718,0x00000000ebb00000)
  from space 2560K, 99% used [0x00000000ebd80000,0x00000000ebffaaf0,0x00000000ec000000)
  to   space 2560K, 0% used [0x00000000ebb00000,0x00000000ebb00000,0x00000000ebd80000)
 ParOldGen       total 44032K, used 8796K [0x00000000c0000000, 0x00000000c2b00000, 0x00000000eab00000)
  object space 44032K, 19% used [0x00000000c0000000,0x00000000c0897388,0x00000000c2b00000)
 Metaspace       used 10065K, capacity 10218K, committed 10496K, reserved 1058816K
  class space    used 1170K, capacity 1219K, committed 1280K, reserved 1048576K
Event: 1.469 GC heap after
Heap after GC invocations=3 (full 0):
 PSYoungGen      total 18944K, used 2437K [0x00000000eab00000, 0x00000000ed000000, 0x0000000100000000)
  eden space 16384K, 0% used [0x00000000eab00000,0x00000000eab00000,0x00000000ebb00000)
  from space 2560K, 95% used [0x00000000ebb00000,0x00000000ebd61450,0x00000000ebd80000)
  to   space 2560K, 0% used [0x00000000ecd80000,0x00000000ecd80000,0x00000000ed000000)
 ParOldGen       total 44032K, used 23647K [0x00000000c0000000, 0x00000000c2b00000, 0x00000000eab00000)
  object space 44032K, 53% used [0x00000000c0000000,0x00000000c1717de8,0x00000000c2b00000)
 Metaspace       used 10065K, capacity 10218K, committed 10496K, reserved 1058816K
  class space    used 1170K, capacity 1219K, committed 1280K, reserved 1048576K
}
Event: 1.509 GC heap before
{Heap before GC invocations=4 (full 0):
 PSYoungGen      total 18944K, used 15713K [0x00000000eab00000, 0x00000000ed000000, 0x0000000100000000)
  eden space 16384K, 81% used [0x00000000eab00000,0x00000000eb7f7028,0x00000000ebb00000)
  from space 2560K, 95% used [0x00000000ebb00000,0x00000000ebd61450,0x00000000ebd80000)
  to   space 2560K, 0% used [0x00000000ecd80000,0x00000000ecd80000,0x00000000ed000000)
 ParOldGen       total 44032K, used 23647K [0x00000000c0000000, 0x00000000c2b00000, 0x00000000eab00000)
  object space 44032K, 53% used [0x00000000c0000000,0x00000000c1717de8,0x00000000c2b00000)
 Metaspace       used 10070K, capacity 10218K, committed 10496K, reserved 1058816K
  class space    used 1172K, capacity 1219K, committed 1280K, reserved 1048576K
Event: 1.513 GC heap after
Heap after GC invocations=4 (full 0):
 PSYoungGen      total 35328K, used 2437K [0x00000000eab00000, 0x00000000ed000000, 0x0000000100000000)
  eden space 32768K, 0% used [0x00000000eab00000,0x00000000eab00000,0x00000000ecb00000)
  from space 2560K, 95% used [0x00000000ecd80000,0x00000000ecfe1450,0x00000000ed000000)
  to   space 2560K, 0% used [0x00000000ecb00000,0x00000000ecb00000,0x00000000ecd80000)
 ParOldGen       total 44032K, used 24631K [0x00000000c0000000, 0x00000000c2b00000, 0x00000000eab00000)
  object space 44032K, 55% used [0x00000000c0000000,0x00000000c180ddf8,0x00000000c2b00000)
 Metaspace       used 10070K, capacity 10218K, committed 10496K, reserved 1058816K
  class space    used 1172K, capacity 1219K, committed 1280K, reserved 1048576K
}

Deoptimization events (2 events):
Event: 1.185 Thread 0x0000000002b40800 Uncommon trap: reason=unloaded action=reinterpret pc=0x0000000003296984 method=org.json.simple.parser.Yylex.yylex()Lorg/json/simple/parser/Yytoken; @ 537
Event: 1.191 Thread 0x0000000002b40800 Uncommon trap: reason=unreached action=reinterpret pc=0x0000000003299664 method=org.json.simple.parser.JSONParser.nextToken()V @ 15

Internal exceptions (10 events):
Event: 1.087 Thread 0x0000000002b40800 Exception <a 'java/security/PrivilegedActionException'> (0x00000000eb491b60) thrown at [C:\workspace\8-2-build-windows-amd64-cygwin\jdk8u31\2394\hotspot\src\share\vm\prims\jvm.cpp, line 1312]
Event: 1.088 Thread 0x0000000002b40800 Exception <a 'java/security/PrivilegedActionException'> (0x00000000eb495678) thrown at [C:\workspace\8-2-build-windows-amd64-cygwin\jdk8u31\2394\hotspot\src\share\vm\prims\jvm.cpp, line 1312]
Event: 1.255 Thread 0x0000000002b40800 Exception <a 'java/security/PrivilegedActionException'> (0x00000000eb7fe928) thrown at [C:\workspace\8-2-build-windows-amd64-cygwin\jdk8u31\2394\hotspot\src\share\vm\prims\jvm.cpp, line 1312]
Event: 1.256 Thread 0x0000000002b40800 Exception <a 'java/security/PrivilegedActionException'> (0x00000000eb8e4278) thrown at [C:\workspace\8-2-build-windows-amd64-cygwin\jdk8u31\2394\hotspot\src\share\vm\prims\jvm.cpp, line 1312]
Event: 1.258 Thread 0x0000000002b40800 Exception <a 'java/security/PrivilegedActionException'> (0x00000000eb8f7390) thrown at [C:\workspace\8-2-build-windows-amd64-cygwin\jdk8u31\2394\hotspot\src\share\vm\prims\jvm.cpp, line 1312]
Event: 1.259 Thread 0x0000000002b40800 Exception <a 'java/security/PrivilegedActionException'> (0x00000000eb8fd370) thrown at [C:\workspace\8-2-build-windows-amd64-cygwin\jdk8u31\2394\hotspot\src\share\vm\prims\jvm.cpp, line 1312]
Event: 1.259 Thread 0x0000000002b40800 Exception <a 'java/security/PrivilegedActionException'> (0x00000000eb906108) thrown at [C:\workspace\8-2-build-windows-amd64-cygwin\jdk8u31\2394\hotspot\src\share\vm\prims\jvm.cpp, line 1312]
Event: 1.273 Thread 0x0000000002b40800 Exception <a 'java/security/PrivilegedActionException'> (0x00000000eb94c6f8) thrown at [C:\workspace\8-2-build-windows-amd64-cygwin\jdk8u31\2394\hotspot\src\share\vm\prims\jvm.cpp, line 1312]
Event: 1.320 Thread 0x0000000002b40800 Exception <a 'java/security/PrivilegedActionException'> (0x00000000eabe47c0) thrown at [C:\workspace\8-2-build-windows-amd64-cygwin\jdk8u31\2394\hotspot\src\share\vm\prims\jvm.cpp, line 1312]
Event: 1.486 Thread 0x0000000002b40800 Exception <a 'java/security/PrivilegedActionException'> (0x00000000eaf97bb8) thrown at [C:\workspace\8-2-build-windows-amd64-cygwin\jdk8u31\2394\hotspot\src\share\vm\prims\jvm.cpp, line 1312]

Events (10 events):
Event: 1.486 loading class SpaceInvaders_V4/Util/SystemTimer
Event: 1.486 loading class SpaceInvaders_V4/Util/SystemTimer done
Event: 1.487 loading class java/lang/InterruptedException
Event: 1.487 loading class java/lang/InterruptedException done
Event: 1.509 Executing VM operation: ParallelGCFailedAllocation
Event: 1.513 Executing VM operation: ParallelGCFailedAllocation done
Event: 1.940 loading class java/awt/KeyboardFocusManager$5
Event: 1.940 loading class java/awt/KeyboardFocusManager$5 done
Event: 1.940 loading class sun/reflect/UnsafeBooleanFieldAccessorImpl
Event: 1.940 loading class sun/reflect/UnsafeBooleanFieldAccessorImpl done


Dynamic libraries:
0x000007f666cf0000 - 0x000007f666d24000 	C:\Program Files\Java\jdk1.8.0_31\bin\java.exe
0x000007fa6ca20000 - 0x000007fa6cbdd000 	C:\Windows\SYSTEM32\ntdll.dll
0x000007fa6a920000 - 0x000007fa6aa57000 	C:\Windows\system32\KERNEL32.DLL
0x000007fa69980000 - 0x000007fa69a74000 	C:\Windows\system32\KERNELBASE.dll
0x000007fa6ad40000 - 0x000007fa6ae1e000 	C:\Windows\system32\ADVAPI32.dll
0x000007fa6a5b0000 - 0x000007fa6a6fc000 	C:\Windows\system32\USER32.dll
0x000007fa65ad0000 - 0x000007fa65d3a000 	C:\Windows\WinSxS\amd64_microsoft.windows.common-controls_6595b64144ccf1df_6.0.9200.17321_none_41866eeb718ed8b9\COMCTL32.dll
0x000007fa6ab10000 - 0x000007fa6abb5000 	C:\Windows\system32\msvcrt.dll
0x000007fa6a8d0000 - 0x000007fa6a918000 	C:\Windows\SYSTEM32\sechost.dll
0x000007fa6b1c0000 - 0x000007fa6b305000 	C:\Windows\system32\RPCRT4.dll
0x000007fa6c8d0000 - 0x000007fa6ca11000 	C:\Windows\system32\GDI32.dll
0x000007fa6b0e0000 - 0x000007fa6b119000 	C:\Windows\system32\IMM32.DLL
0x000007fa6a490000 - 0x000007fa6a5a5000 	C:\Windows\system32\MSCTF.dll
0x0000000067fa0000 - 0x0000000068072000 	C:\Program Files\Java\jdk1.8.0_31\jre\bin\msvcr100.dll
0x0000000068080000 - 0x00000000688da000 	C:\Program Files\Java\jdk1.8.0_31\jre\bin\server\jvm.dll
0x000007fa62900000 - 0x000007fa62909000 	C:\Windows\SYSTEM32\WSOCK32.dll
0x000007fa65490000 - 0x000007fa654b0000 	C:\Windows\SYSTEM32\WINMM.dll
0x000007fa6c8b0000 - 0x000007fa6c8b7000 	C:\Windows\system32\PSAPI.DLL
0x000007fa6b310000 - 0x000007fa6b368000 	C:\Windows\system32\WS2_32.dll
0x000007fa65100000 - 0x000007fa65133000 	C:\Windows\SYSTEM32\WINMMBASE.dll
0x000007fa6c670000 - 0x000007fa6c679000 	C:\Windows\system32\NSI.dll
0x000007fa69a80000 - 0x000007fa69acf000 	C:\Windows\SYSTEM32\cfgmgr32.dll
0x000007fa69dc0000 - 0x000007fa69de2000 	C:\Windows\system32\DEVOBJ.dll
0x0000000067f50000 - 0x0000000067f5f000 	C:\Program Files\Java\jdk1.8.0_31\jre\bin\verify.dll
0x0000000067f20000 - 0x0000000067f48000 	C:\Program Files\Java\jdk1.8.0_31\jre\bin\java.dll
0x0000000067f00000 - 0x0000000067f16000 	C:\Program Files\Java\jdk1.8.0_31\jre\bin\zip.dll
0x000007fa6b370000 - 0x000007fa6c655000 	C:\Windows\system32\SHELL32.dll
0x000007fa6a720000 - 0x000007fa6a8d0000 	C:\Windows\SYSTEM32\combase.dll
0x000007fa6ae20000 - 0x000007fa6ae70000 	C:\Windows\system32\SHLWAPI.dll
0x000007fa68a70000 - 0x000007fa68b06000 	C:\Windows\SYSTEM32\SHCORE.dll
0x000007fa69920000 - 0x000007fa69935000 	C:\Windows\system32\profapi.dll
0x0000000067d20000 - 0x0000000067eb8000 	C:\Program Files\Java\jdk1.8.0_31\jre\bin\awt.dll
0x000007fa6ae70000 - 0x000007fa6af33000 	C:\Windows\system32\OLEAUT32.dll
0x000007fa62390000 - 0x000007fa6242f000 	C:\Windows\system32\apphelp.dll
0x000000006b340000 - 0x000000006b437000 	C:\Users\Bee-Jay\AppData\Local\Temp\libgdxBee-Jay\783853fc\jglfw64.dll
0x000007fa5dc90000 - 0x000007fa5ddaf000 	C:\Windows\SYSTEM32\OPENGL32.dll
0x000007fa60070000 - 0x000007fa6009c000 	C:\Windows\SYSTEM32\GLU32.dll
0x000007fa5dba0000 - 0x000007fa5dc8a000 	C:\Windows\SYSTEM32\DDRAW.dll
0x000007fa62920000 - 0x000007fa62928000 	C:\Windows\SYSTEM32\DCIMAN32.dll
0x000007fa68690000 - 0x000007fa68776000 	C:\Windows\system32\uxtheme.dll
0x000007fa67e00000 - 0x000007fa67e21000 	C:\Windows\system32\DWMAPI.DLL
0x000007fa61040000 - 0x000007fa61051000 	C:\Program Files (x86)\Dexpot\hooxpot64.dll
0x000007fa6abc0000 - 0x000007fa6ad3e000 	C:\Windows\system32\ole32.dll
0x000007fa696d0000 - 0x000007fa696da000 	C:\Windows\SYSTEM32\CRYPTBASE.dll
0x000007fa69670000 - 0x000007fa696cc000 	C:\Windows\SYSTEM32\bcryptPrimitives.dll
0x000007fa4db10000 - 0x000007fa4dd10000 	C:\Windows\system32\d3d9.dll
0x000007fa66080000 - 0x000007fa66089000 	C:\Windows\SYSTEM32\VERSION.dll
0x000007fa4b4e0000 - 0x000007fa4c596000 	C:\Windows\SYSTEM32\nvd3dumx.dll
0x000007fa69830000 - 0x000007fa69873000 	C:\Windows\system32\powrprof.dll
0x000007fa66090000 - 0x000007fa661fa000 	C:\Program Files (x86)\NVIDIA Corporation\3D Vision\nvSCPAPI64.dll
0x000007fa6a150000 - 0x000007fa6a320000 	C:\Windows\system32\SETUPAPI.dll
0x000007fa65d40000 - 0x000007fa66073000 	C:\Windows\system32\nvapi64.dll
0x000007fa69d60000 - 0x000007fa69db5000 	C:\Windows\system32\WINTRUST.dll
0x000007fa69ad0000 - 0x000007fa69ca1000 	C:\Windows\system32\CRYPT32.dll
0x000007fa69940000 - 0x000007fa69956000 	C:\Windows\system32\MSASN1.dll
0x000007fa67b40000 - 0x000007fa67bb4000 	C:\Windows\system32\dxgi.dll
0x0000000067cd0000 - 0x0000000067d17000 	C:\Program Files\Java\jdk1.8.0_31\jre\bin\fontmanager.dll
0x000007fa69140000 - 0x000007fa6915a000 	C:\Windows\SYSTEM32\CRYPTSP.dll
0x000007fa68de0000 - 0x000007fa68e2b000 	C:\Windows\system32\rsaenh.dll
0x000007fa69960000 - 0x000007fa6997f000 	C:\Windows\system32\USERENV.dll
0x0000000067ee0000 - 0x0000000067efa000 	C:\Program Files\Java\jdk1.8.0_31\jre\bin\net.dll
0x000007fa690e0000 - 0x000007fa6913c000 	C:\Windows\system32\mswsock.dll
0x000007fa638c0000 - 0x000007fa638ea000 	C:\Windows\SYSTEM32\IPHLPAPI.DLL
0x000007fa638a0000 - 0x000007fa638aa000 	C:\Windows\SYSTEM32\WINNSI.DLL
0x000007fa633b0000 - 0x000007fa633c3000 	C:\Windows\SYSTEM32\dhcpcsvc6.DLL
0x000007fa633f0000 - 0x000007fa63408000 	C:\Windows\SYSTEM32\dhcpcsvc.DLL
0x0000000067ec0000 - 0x0000000067ed1000 	C:\Program Files\Java\jdk1.8.0_31\jre\bin\nio.dll
0x000007fa5a090000 - 0x000007fa5a1f3000 	C:\Windows\SYSTEM32\dbghelp.dll

VM Arguments:
jvm_args: -Dfile.encoding=UTF-8 -Djava.library.path=lib/natives/ 
java_command: SpaceInvaders_V4.Main.Game
java_class_path (initial): C:\Users\Bee-Jay\OneDrive\Courses\CIS-18B Java Objects\WarfieldBrian_CSC18B_42029\Project\space_invaders\SpaceInvaders_solo\lib\jars\lwjgl.jar;C:\Users\Bee-Jay\OneDrive\Courses\CIS-18B Java Objects\WarfieldBrian_CSC18B_42029\Project\space_invaders\SpaceInvaders_solo\lib\jars\lwjgl_util.jar;C:\Users\Bee-Jay\OneDrive\Courses\CIS-18B Java Objects\WarfieldBrian_CSC18B_42029\Project\space_invaders\SpaceInvaders_solo\lib\jars\jglfw.jar;C:\Users\Bee-Jay\OneDrive\Courses\CIS-18B Java Objects\WarfieldBrian_CSC18B_42029\Project\space_invaders\SpaceInvaders_solo\lib\jars\jglfw-natives.jar;C:\Users\Bee-Jay\OneDrive\Courses\CIS-18B Java Objects\WarfieldBrian_CSC18B_42029\Project\space_invaders\SpaceInvaders_solo\lib\jars\slick-util.jar;C:\Users\Bee-Jay\OneDrive\Courses\CIS-18B Java Objects\WarfieldBrian_CSC18B_42029\Project\space_invaders\SpaceInvaders_solo\lib\jars\json-simple-1.1.1.jar;C:\Users\Bee-Jay\OneDrive\Courses\CIS-18B Java Objects\WarfieldBrian_CSC18B_42029\Project\space_invaders\SpaceInvaders_solo\lib\absolutelayout\AbsoluteLayout.jar;C:\Users\Bee-Jay\OneDrive\Courses\CIS-18B Java Objects\WarfieldBrian_CSC18B_42029\Project\space_invaders\SpaceInvaders_solo\build\classes
Launcher Type: SUN_STANDARD

Environment Variables:
PATH=C:\ProgramData\Oracle\Java\javapath;C:\Program Files (x86)\NVIDIA Corporation\PhysX\Common;C:\Windows\system32;C:\Windows;C:\Windows\System32\Wbem;C:\Windows\System32\WindowsPowerShell\v1.0\;C:\Program Files (x86)\QuickTime\QTSystem\;C:\Users\Bee-Jay\Desktop\App Dump\exercism;C:\Program Files\nodejs\;C:\Program Files (x86)\AAC Audiobook Creator\Tools\SSA;C:\Users\Bee-Jay\AppData\Roaming\npm;C:\Program Files (x86)\AAC Audiobook Creator\Tools\SSA;C:\Program Files\Java\jdk1.8.0_40\bin;C:\Program Files (x86)\gradle-2.3\bin;
USERNAME=Bee-Jay
OS=Windows_NT
PROCESSOR_IDENTIFIER=Intel64 Family 6 Model 23 Stepping 6, GenuineIntel



---------------  S Y S T E M  ---------------

OS: Windows 8 , 64 bit Build 9200 

CPU:total 2 (2 cores per cpu, 1 threads per core) family 6 model 23 stepping 6, cmov, cx8, fxsr, mmx, sse, sse2, sse3, ssse3, sse4.1, tsc

Memory: 4k page, physical 4191712k(1250296k free), swap 11269600k(7260464k free)

vm_info: Java HotSpot(TM) 64-Bit Server VM (25.31-b07) for windows-amd64 JRE (1.8.0_31-b13), built on Dec 17 2014 21:00:28 by "java_re" with MS VC++ 10.0 (VS2010)

time: Fri May 29 07:09:12 2015
elapsed time: 2 seconds (0d 0h 0m 2s)

