#
# A fatal error has been detected by the Java Runtime Environment:
#
#  EXCEPTION_ACCESS_VIOLATION (0xc0000005) at pc=0xffffffffa3255120, pid=2156, tid=6168
#
# JRE version: Java(TM) SE Runtime Environment (8.0_31-b13) (build 1.8.0_31-b13)
# Java VM: Java HotSpot(TM) 64-Bit Server VM (25.31-b07 mixed mode windows-amd64 compressed oops)
# Problematic frame:
# C  0xffffffffa3255120
#
# Failed to write core dump. Minidumps are not enabled by default on client versions of Windows
#
# If you would like to submit a bug report, please visit:
#   http://bugreport.java.com/bugreport/crash.jsp
#

---------------  T H R E A D  ---------------

Current thread (0x0000000002150800):  JavaThread "main" [_thread_in_Java, id=6168, stack(0x0000000001d70000,0x0000000001e70000)]

siginfo: ExceptionCode=0xc0000005, ExceptionInformation=0x0000000000000008 0xffffffffa3255120

Registers:
RAX=0x000000010001da70, RBX=0x0000000013e70620, RCX=0x00000000eb0bd538, RDX=0x00000000eb0bb500
RSP=0x0000000001e6ed68, RBP=0x0000000001e6ee00, RSI=0x000000010001da70, RDI=0x0000000019c0c960
R8 =0x0000000000000180, R9 =0x0000000000000000, R10=0x000000010001da70, R11=0x0000000002460220
R12=0x0000000000000000, R13=0x0000000001e6edb8, R14=0x0000000000000000, R15=0x0000000002150800
RIP=0xffffffffa3255120, EFLAGS=0x0000000000010246

Top of Stack: (sp=0x0000000001e6ed68)
0x0000000001e6ed68:   0000000002460304 0000000002257a2d
0x0000000001e6ed78:   0000000000000000 0000000000000001
0x0000000001e6ed88:   00000000eb0b7b58 0000000001e6ee00
0x0000000001e6ed98:   0000000002257a2d 0000000001e6ee00
0x0000000001e6eda8:   0000000002257470 0000000002257470
0x0000000001e6edb8:   00000000eb0bd538 0000000001e6edc0
0x0000000001e6edc8:   0000000019bccac9 0000000001e6ef80
0x0000000001e6edd8:   0000000019bd0028 0000000000000000
0x0000000001e6ede8:   0000000019bccd88 0000000001e6edb8
0x0000000001e6edf8:   0000000001e6ef48 0000000001e6efc8
0x0000000001e6ee08:   0000000002257a2d 0000000000000000
0x0000000001e6ee18:   0000000000000000 0000000000000000
0x0000000001e6ee28:   000000000000019e 000000000000019e
0x0000000001e6ee38:   0000000000000000 000000000000019f
0x0000000001e6ee48:   0000000000000001 0000000000000000
0x0000000001e6ee58:   0000000000000004 00000000eb0c0820 

Instructions: (pc=0xffffffffa3255120)
0xffffffffa3255100:   
[error occurred during error reporting (printing registers, top of stack, instructions near pc), id 0xc0000005]

Register to memory mapping:

RAX=0x000000010001da70 is pointing into metadata
RBX={method} {0x0000000013e70628} 'read' '()I' in 'java/io/FilterInputStream'
RCX=0x00000000eb0bd538 is an oop
java.io.DataInputStream 
 - klass: 'java/io/DataInputStream'
RDX=0x00000000eb0bb500 is an oop
java.io.BufferedInputStream 
 - klass: 'java/io/BufferedInputStream'
RSP=0x0000000001e6ed68 is pointing into the stack for thread: 0x0000000002150800
RBP=0x0000000001e6ee00 is pointing into the stack for thread: 0x0000000002150800
RSI=0x000000010001da70 is pointing into metadata
RDI=0x0000000019c0c960 is pointing into metadata
R8 =0x0000000000000180 is an unknown value
R9 =0x0000000000000000 is an unknown value
R10=0x000000010001da70 is pointing into metadata
R11=0x0000000002460220 is at entry_point+32 in (nmethod*)0x0000000002460090
R12=0x0000000000000000 is an unknown value
R13=0x0000000001e6edb8 is pointing into the stack for thread: 0x0000000002150800
R14=0x0000000000000000 is an unknown value
R15=0x0000000002150800 is a thread


Stack: [0x0000000001d70000,0x0000000001e70000],  sp=0x0000000001e6ed68,  free space=1019k
Native frames: (J=compiled Java code, j=interpreted, Vv=VM code, C=native code)
C  0xffffffffa3255120


---------------  P R O C E S S  ---------------

Java Threads: ( => current thread )
  0x0000000015dd7000 JavaThread "D3D Screen Updater" daemon [_thread_blocked, id=3444, stack(0x0000000019810000,0x0000000019910000)]
  0x0000000015dba000 JavaThread "AWT-EventQueue-0" [_thread_blocked, id=5848, stack(0x0000000018e10000,0x0000000018f10000)]
  0x0000000015d87800 JavaThread "AWT-Windows" daemon [_thread_in_native, id=7120, stack(0x0000000016630000,0x0000000016730000)]
  0x0000000015d86800 JavaThread "AWT-Shutdown" [_thread_blocked, id=3472, stack(0x0000000016530000,0x0000000016630000)]
  0x0000000015d85800 JavaThread "Java2D Disposer" daemon [_thread_blocked, id=3692, stack(0x0000000016430000,0x0000000016530000)]
  0x0000000014743800 JavaThread "Service Thread" daemon [_thread_blocked, id=5912, stack(0x0000000015810000,0x0000000015910000)]
  0x00000000146db800 JavaThread "C1 CompilerThread1" daemon [_thread_blocked, id=4992, stack(0x0000000015710000,0x0000000015810000)]
  0x00000000146d5000 JavaThread "C2 CompilerThread0" daemon [_thread_blocked, id=6436, stack(0x0000000015610000,0x0000000015710000)]
  0x00000000146d3000 JavaThread "Attach Listener" daemon [_thread_blocked, id=6460, stack(0x0000000015510000,0x0000000015610000)]
  0x00000000146df800 JavaThread "Signal Dispatcher" daemon [_thread_blocked, id=7140, stack(0x0000000015410000,0x0000000015510000)]
  0x0000000014698800 JavaThread "Finalizer" daemon [_thread_blocked, id=4572, stack(0x0000000015310000,0x0000000015410000)]
  0x0000000014690800 JavaThread "Reference Handler" daemon [_thread_blocked, id=3068, stack(0x0000000015210000,0x0000000015310000)]
=>0x0000000002150800 JavaThread "main" [_thread_in_Java, id=6168, stack(0x0000000001d70000,0x0000000001e70000)]

Other Threads:
  0x000000001468c000 VMThread [stack: 0x0000000015110000,0x0000000015210000] [id=6856]
  0x000000001475d000 WatcherThread [stack: 0x0000000015910000,0x0000000015a10000] [id=6400]

VM state:not at safepoint (normal execution)

VM Mutex/Monitor currently owned by a thread: None

Heap:
 PSYoungGen      total 18944K, used 7564K [0x00000000eab00000, 0x00000000ec000000, 0x0000000100000000)
  eden space 16384K, 46% used [0x00000000eab00000,0x00000000eb2632f0,0x00000000ebb00000)
  from space 2560K, 0% used [0x00000000ebd80000,0x00000000ebd80000,0x00000000ec000000)
  to   space 2560K, 0% used [0x00000000ebb00000,0x00000000ebb00000,0x00000000ebd80000)
 ParOldGen       total 44032K, used 0K [0x00000000c0000000, 0x00000000c2b00000, 0x00000000eab00000)
  object space 44032K, 0% used [0x00000000c0000000,0x00000000c0000000,0x00000000c2b00000)
 Metaspace       used 9591K, capacity 9738K, committed 9984K, reserved 1058816K
  class space    used 1131K, capacity 1187K, committed 1280K, reserved 1048576K

Card table byte_map: [0x0000000011610000,0x0000000011820000] byte_map_base: 0x0000000011010000

Marking Bits: (ParMarkBitMap*) 0x000000006885d4f0
 Begin Bits: [0x0000000011b80000, 0x0000000012b80000)
 End Bits:   [0x0000000012b80000, 0x0000000013b80000)

Polling page: 0x0000000000480000

CodeCache: size=245760Kb used=2121Kb max_used=2139Kb free=243638Kb
 bounds [0x0000000002250000, 0x00000000024c0000, 0x0000000011250000]
 total_blobs=939 nmethods=463 adapters=391
 compilation: enabled

Compilation events (10 events):
Event: 1.391 Thread 0x00000000146db800 nmethod 460 0x000000000245f710 code [0x000000000245f8a0, 0x000000000245ff58]
Event: 1.391 Thread 0x00000000146db800  461       3       sun.awt.image.ByteInterleavedRaster::getDataElements (18 bytes)
Event: 1.391 Thread 0x00000000146db800 nmethod 461 0x000000000245f250 code [0x000000000245f3c0, 0x000000000245f648]
Event: 1.391 Thread 0x00000000146db800  462       3       sun.awt.image.ByteInterleavedRaster::setDataElements (18 bytes)
Event: 1.391 Thread 0x00000000146db800 nmethod 462 0x000000000245ed90 code [0x000000000245ef00, 0x000000000245f188]
Event: 1.391 Thread 0x00000000146db800  463       3       javax.imageio.ImageReader::processImageUpdate (73 bytes)
Event: 1.392 Thread 0x00000000146db800 nmethod 463 0x000000000245e2d0 code [0x000000000245e480, 0x000000000245eac8]
Event: 1.392 Thread 0x00000000146d5000 nmethod 457 0x000000000245dc10 code [0x000000000245dd60, 0x000000000245e188]
Event: 1.392 Thread 0x00000000146d5000  458       4       sun.awt.image.ByteInterleavedRaster::putByteData (834 bytes)
Event: 1.433 Thread 0x00000000146d5000 nmethod 458 0x0000000002467450 code [0x00000000024675e0, 0x0000000002469138]

GC Heap History (0 events):
No events

Deoptimization events (0 events):
No events

Internal exceptions (10 events):
Event: 0.375 Thread 0x0000000002150800 Exception <a 'java/lang/NoSuchFieldError': method resolution failed> (0x00000000ead64f00) thrown at [C:\workspace\8-2-build-windows-amd64-cygwin\jdk8u31\2394\hotspot\src\share\vm\prims\methodHandles.cpp, line 1159]
Event: 0.377 Thread 0x0000000002150800 Exception <a 'java/lang/NoSuchFieldError': method resolution failed> (0x00000000ead68380) thrown at [C:\workspace\8-2-build-windows-amd64-cygwin\jdk8u31\2394\hotspot\src\share\vm\prims\methodHandles.cpp, line 1159]
Event: 0.571 Thread 0x0000000002150800 Exception <a 'java/security/PrivilegedActionException'> (0x00000000eae76398) thrown at [C:\workspace\8-2-build-windows-amd64-cygwin\jdk8u31\2394\hotspot\src\share\vm\prims\jvm.cpp, line 1312]
Event: 0.572 Thread 0x0000000002150800 Exception <a 'java/security/PrivilegedActionException'> (0x00000000eae79b30) thrown at [C:\workspace\8-2-build-windows-amd64-cygwin\jdk8u31\2394\hotspot\src\share\vm\prims\jvm.cpp, line 1312]
Event: 0.761 Thread 0x0000000002150800 Exception <a 'java/security/PrivilegedActionException'> (0x00000000eaed0740) thrown at [C:\workspace\8-2-build-windows-amd64-cygwin\jdk8u31\2394\hotspot\src\share\vm\prims\jvm.cpp, line 1312]
Event: 0.766 Thread 0x0000000002150800 Exception <a 'java/security/PrivilegedActionException'> (0x00000000eaed5480) thrown at [C:\workspace\8-2-build-windows-amd64-cygwin\jdk8u31\2394\hotspot\src\share\vm\prims\jvm.cpp, line 1312]
Event: 0.768 Thread 0x0000000002150800 Exception <a 'java/security/PrivilegedActionException'> (0x00000000eaed8c10) thrown at [C:\workspace\8-2-build-windows-amd64-cygwin\jdk8u31\2394\hotspot\src\share\vm\prims\jvm.cpp, line 1312]
Event: 0.768 Thread 0x0000000002150800 Exception <a 'java/security/PrivilegedActionException'> (0x00000000eaedcfa8) thrown at [C:\workspace\8-2-build-windows-amd64-cygwin\jdk8u31\2394\hotspot\src\share\vm\prims\jvm.cpp, line 1312]
Event: 0.772 Thread 0x0000000002150800 Exception <a 'java/security/PrivilegedActionException'> (0x00000000eaf32720) thrown at [C:\workspace\8-2-build-windows-amd64-cygwin\jdk8u31\2394\hotspot\src\share\vm\prims\jvm.cpp, line 1312]
Event: 0.772 Thread 0x0000000002150800 Exception <a 'java/security/PrivilegedActionException'> (0x00000000eaf36ce8) thrown at [C:\workspace\8-2-build-windows-amd64-cygwin\jdk8u31\2394\hotspot\src\share\vm\prims\jvm.cpp, line 1312]

Events (10 events):
Event: 1.372 loading class sun/awt/image/IntegerComponentRaster
Event: 1.372 loading class sun/awt/image/IntegerComponentRaster done
Event: 1.372 loading class sun/awt/image/ShortComponentRaster
Event: 1.372 loading class sun/awt/image/ShortComponentRaster done
Event: 1.372 loading class com/sun/imageio/plugins/common/ReaderUtil
Event: 1.373 loading class com/sun/imageio/plugins/common/ReaderUtil done
Event: 1.390 Thread 0x0000000002150800 DEOPT PACKING pc=0x0000000002459e02 sp=0x0000000001e6ea90
Event: 1.390 Thread 0x0000000002150800 DEOPT UNPACKING pc=0x00000000022971bf sp=0x0000000001e6e820 mode 0
Event: 1.392 Thread 0x0000000002150800 DEOPT PACKING pc=0x0000000002459e02 sp=0x0000000001e6eab0
Event: 1.392 Thread 0x0000000002150800 DEOPT UNPACKING pc=0x00000000022971bf sp=0x0000000001e6e810 mode 0


Dynamic libraries:
0x000007f7fbc80000 - 0x000007f7fbcb4000 	C:\Program Files\Java\jdk1.8.0_31\bin\java.exe
0x000007fa6ca20000 - 0x000007fa6cbdd000 	C:\Windows\SYSTEM32\ntdll.dll
0x000007fa6a920000 - 0x000007fa6aa57000 	C:\Windows\system32\KERNEL32.DLL
0x000007fa69980000 - 0x000007fa69a74000 	C:\Windows\system32\KERNELBASE.dll
0x000007fa6ad40000 - 0x000007fa6ae1e000 	C:\Windows\system32\ADVAPI32.dll
0x000007fa6a5b0000 - 0x000007fa6a6fc000 	C:\Windows\system32\USER32.dll
0x000007fa65ad0000 - 0x000007fa65d3a000 	C:\Windows\WinSxS\amd64_microsoft.windows.common-controls_6595b64144ccf1df_6.0.9200.17321_none_41866eeb718ed8b9\COMCTL32.dll
0x000007fa6ab10000 - 0x000007fa6abb5000 	C:\Windows\system32\msvcrt.dll
0x000007fa6a8d0000 - 0x000007fa6a918000 	C:\Windows\SYSTEM32\sechost.dll
0x000007fa6b1c0000 - 0x000007fa6b305000 	C:\Windows\system32\RPCRT4.dll
0x000007fa6c8d0000 - 0x000007fa6ca11000 	C:\Windows\system32\GDI32.dll
0x000007fa6b0e0000 - 0x000007fa6b119000 	C:\Windows\system32\IMM32.DLL
0x000007fa6a490000 - 0x000007fa6a5a5000 	C:\Windows\system32\MSCTF.dll
0x0000000067fa0000 - 0x0000000068072000 	C:\Program Files\Java\jdk1.8.0_31\jre\bin\msvcr100.dll
0x0000000068080000 - 0x00000000688da000 	C:\Program Files\Java\jdk1.8.0_31\jre\bin\server\jvm.dll
0x000007fa62900000 - 0x000007fa62909000 	C:\Windows\SYSTEM32\WSOCK32.dll
0x000007fa65490000 - 0x000007fa654b0000 	C:\Windows\SYSTEM32\WINMM.dll
0x000007fa6c8b0000 - 0x000007fa6c8b7000 	C:\Windows\system32\PSAPI.DLL
0x000007fa6b310000 - 0x000007fa6b368000 	C:\Windows\system32\WS2_32.dll
0x000007fa65100000 - 0x000007fa65133000 	C:\Windows\SYSTEM32\WINMMBASE.dll
0x000007fa6c670000 - 0x000007fa6c679000 	C:\Windows\system32\NSI.dll
0x000007fa69a80000 - 0x000007fa69acf000 	C:\Windows\SYSTEM32\cfgmgr32.dll
0x000007fa69dc0000 - 0x000007fa69de2000 	C:\Windows\system32\DEVOBJ.dll
0x0000000067f50000 - 0x0000000067f5f000 	C:\Program Files\Java\jdk1.8.0_31\jre\bin\verify.dll
0x0000000067f20000 - 0x0000000067f48000 	C:\Program Files\Java\jdk1.8.0_31\jre\bin\java.dll
0x0000000067f00000 - 0x0000000067f16000 	C:\Program Files\Java\jdk1.8.0_31\jre\bin\zip.dll
0x000007fa6b370000 - 0x000007fa6c655000 	C:\Windows\system32\SHELL32.dll
0x000007fa6a720000 - 0x000007fa6a8d0000 	C:\Windows\SYSTEM32\combase.dll
0x000007fa6ae20000 - 0x000007fa6ae70000 	C:\Windows\system32\SHLWAPI.dll
0x000007fa68a70000 - 0x000007fa68b06000 	C:\Windows\SYSTEM32\SHCORE.dll
0x000007fa69920000 - 0x000007fa69935000 	C:\Windows\system32\profapi.dll
0x0000000067d20000 - 0x0000000067eb8000 	C:\Program Files\Java\jdk1.8.0_31\jre\bin\awt.dll
0x000007fa6ae70000 - 0x000007fa6af33000 	C:\Windows\system32\OLEAUT32.dll
0x000007fa62390000 - 0x000007fa6242f000 	C:\Windows\system32\apphelp.dll
0x000000006b340000 - 0x000000006b437000 	C:\Users\Bee-Jay\AppData\Local\Temp\libgdxBee-Jay\783853fc\jglfw64.dll
0x000007fa60dd0000 - 0x000007fa60eef000 	C:\Windows\SYSTEM32\OPENGL32.dll
0x000007fa60f10000 - 0x000007fa60f3c000 	C:\Windows\SYSTEM32\GLU32.dll
0x000007fa5f050000 - 0x000007fa5f13a000 	C:\Windows\SYSTEM32\DDRAW.dll
0x000007fa628e0000 - 0x000007fa628e8000 	C:\Windows\SYSTEM32\DCIMAN32.dll
0x000007fa68690000 - 0x000007fa68776000 	C:\Windows\system32\uxtheme.dll
0x000007fa67e00000 - 0x000007fa67e21000 	C:\Windows\system32\DWMAPI.DLL
0x000007fa61040000 - 0x000007fa61051000 	C:\Program Files (x86)\Dexpot\hooxpot64.dll
0x000007fa6abc0000 - 0x000007fa6ad3e000 	C:\Windows\system32\ole32.dll
0x000007fa696d0000 - 0x000007fa696da000 	C:\Windows\SYSTEM32\CRYPTBASE.dll
0x000007fa69670000 - 0x000007fa696cc000 	C:\Windows\SYSTEM32\bcryptPrimitives.dll
0x000007fa5ec00000 - 0x000007fa5ee00000 	C:\Windows\system32\d3d9.dll
0x000007fa66080000 - 0x000007fa66089000 	C:\Windows\SYSTEM32\VERSION.dll
0x000007fa4ab30000 - 0x000007fa4bbe6000 	C:\Windows\SYSTEM32\nvd3dumx.dll
0x000007fa69830000 - 0x000007fa69873000 	C:\Windows\system32\powrprof.dll
0x000007fa66090000 - 0x000007fa661fa000 	C:\Program Files (x86)\NVIDIA Corporation\3D Vision\nvSCPAPI64.dll
0x000007fa6a150000 - 0x000007fa6a320000 	C:\Windows\system32\SETUPAPI.dll
0x000007fa65d40000 - 0x000007fa66073000 	C:\Windows\system32\nvapi64.dll
0x000007fa69d60000 - 0x000007fa69db5000 	C:\Windows\system32\WINTRUST.dll
0x000007fa69ad0000 - 0x000007fa69ca1000 	C:\Windows\system32\CRYPT32.dll
0x000007fa69940000 - 0x000007fa69956000 	C:\Windows\system32\MSASN1.dll
0x000007fa67b40000 - 0x000007fa67bb4000 	C:\Windows\system32\dxgi.dll
0x0000000067cd0000 - 0x0000000067d17000 	C:\Program Files\Java\jdk1.8.0_31\jre\bin\fontmanager.dll
0x000007fa69140000 - 0x000007fa6915a000 	C:\Windows\SYSTEM32\CRYPTSP.dll
0x000007fa68de0000 - 0x000007fa68e2b000 	C:\Windows\system32\rsaenh.dll
0x000007fa69960000 - 0x000007fa6997f000 	C:\Windows\system32\USERENV.dll
0x0000000067ee0000 - 0x0000000067efa000 	C:\Program Files\Java\jdk1.8.0_31\jre\bin\net.dll
0x000007fa690e0000 - 0x000007fa6913c000 	C:\Windows\system32\mswsock.dll
0x000007fa638c0000 - 0x000007fa638ea000 	C:\Windows\SYSTEM32\IPHLPAPI.DLL
0x000007fa638a0000 - 0x000007fa638aa000 	C:\Windows\SYSTEM32\WINNSI.DLL
0x000007fa633b0000 - 0x000007fa633c3000 	C:\Windows\SYSTEM32\dhcpcsvc6.DLL
0x000007fa633f0000 - 0x000007fa63408000 	C:\Windows\SYSTEM32\dhcpcsvc.DLL
0x0000000067ec0000 - 0x0000000067ed1000 	C:\Program Files\Java\jdk1.8.0_31\jre\bin\nio.dll
0x000007fa5a090000 - 0x000007fa5a1f3000 	C:\Windows\SYSTEM32\dbghelp.dll

VM Arguments:
jvm_args: -Dfile.encoding=UTF-8 -Djava.library.path=lib/natives/ 
java_command: SpaceInvaders_V4.Main.Game
java_class_path (initial): C:\Users\Bee-Jay\OneDrive\Courses\CIS-18B Java Objects\WarfieldBrian_CSC18B_42029\Project\space_invaders\SpaceInvaders_solo\lib\jars\lwjgl.jar;C:\Users\Bee-Jay\OneDrive\Courses\CIS-18B Java Objects\WarfieldBrian_CSC18B_42029\Project\space_invaders\SpaceInvaders_solo\lib\jars\lwjgl_util.jar;C:\Users\Bee-Jay\OneDrive\Courses\CIS-18B Java Objects\WarfieldBrian_CSC18B_42029\Project\space_invaders\SpaceInvaders_solo\lib\jars\jglfw.jar;C:\Users\Bee-Jay\OneDrive\Courses\CIS-18B Java Objects\WarfieldBrian_CSC18B_42029\Project\space_invaders\SpaceInvaders_solo\lib\jars\jglfw-natives.jar;C:\Users\Bee-Jay\OneDrive\Courses\CIS-18B Java Objects\WarfieldBrian_CSC18B_42029\Project\space_invaders\SpaceInvaders_solo\lib\jars\slick-util.jar;C:\Users\Bee-Jay\OneDrive\Courses\CIS-18B Java Objects\WarfieldBrian_CSC18B_42029\Project\space_invaders\SpaceInvaders_solo\lib\jars\json-simple-1.1.1.jar;C:\Users\Bee-Jay\OneDrive\Courses\CIS-18B Java Objects\WarfieldBrian_CSC18B_42029\Project\space_invaders\SpaceInvaders_solo\lib\absolutelayout\AbsoluteLayout.jar;C:\Users\Bee-Jay\OneDrive\Courses\CIS-18B Java Objects\WarfieldBrian_CSC18B_42029\Project\space_invaders\SpaceInvaders_solo\build\classes
Launcher Type: SUN_STANDARD

Environment Variables:
PATH=C:\ProgramData\Oracle\Java\javapath;C:\Program Files (x86)\NVIDIA Corporation\PhysX\Common;C:\Windows\system32;C:\Windows;C:\Windows\System32\Wbem;C:\Windows\System32\WindowsPowerShell\v1.0\;C:\Program Files (x86)\QuickTime\QTSystem\;C:\Users\Bee-Jay\Desktop\App Dump\exercism;C:\Program Files\nodejs\;C:\Program Files (x86)\AAC Audiobook Creator\Tools\SSA;C:\Users\Bee-Jay\AppData\Roaming\npm;C:\Program Files (x86)\AAC Audiobook Creator\Tools\SSA;C:\Program Files\Java\jdk1.8.0_40\bin;C:\Program Files (x86)\gradle-2.3\bin;
USERNAME=Bee-Jay
OS=Windows_NT
PROCESSOR_IDENTIFIER=Intel64 Family 6 Model 23 Stepping 6, GenuineIntel



---------------  S Y S T E M  ---------------

OS: Windows 8 , 64 bit Build 9200 

CPU:total 2 (2 cores per cpu, 1 threads per core) family 6 model 23 stepping 6, cmov, cx8, fxsr, mmx, sse, sse2, sse3, ssse3, sse4.1, tsc

Memory: 4k page, physical 4191712k(1710100k free), swap 11269600k(7785368k free)

vm_info: Java HotSpot(TM) 64-Bit Server VM (25.31-b07) for windows-amd64 JRE (1.8.0_31-b13), built on Dec 17 2014 21:00:28 by "java_re" with MS VC++ 10.0 (VS2010)

time: Wed Jun 03 04:12:54 2015
elapsed time: 1 seconds (0d 0h 0m 1s)

