#
# A fatal error has been detected by the Java Runtime Environment:
#
#  EXCEPTION_ACCESS_VIOLATION (0xc0000005) at pc=0xffffffffa3295120, pid=4360, tid=3244
#
# JRE version: Java(TM) SE Runtime Environment (8.0_40-b25) (build 1.8.0_40-b25)
# Java VM: Java HotSpot(TM) 64-Bit Server VM (25.40-b25 mixed mode windows-amd64 compressed oops)
# Problematic frame:
# C  0xffffffffa3295120
#
# Failed to write core dump. Minidumps are not enabled by default on client versions of Windows
#
# If you would like to submit a bug report, please visit:
#   http://bugreport.java.com/bugreport/crash.jsp
#

---------------  T H R E A D  ---------------

Current thread (0x0000000015e4a000):  JavaThread "Thread-2" [_thread_in_Java, id=3244, stack(0x0000000019170000,0x0000000019270000)]

siginfo: ExceptionCode=0xc0000005, ExceptionInformation=0x0000000000000008 0xffffffffa3295120

Registers:
RAX=0x0000000013dd9418, RBX=0x0000000013dd9418, RCX=0x0000000013eae640, RDX=0x00000000022977b0
RSP=0x000000001926ed88, RBP=0x000000001926edd8, RSI=0x0000000021000021, RDI=0x000000000000000c
R8 =0x0000000000000002, R9 =0x00000000ebb052b8, R10=0x0000000072d8bba0, R11=0x00000000023a1c20
R12=0x0000000000000000, R13=0x000000001926ed98, R14=0x000000001926ee00, R15=0x0000000015e4a000
RIP=0xffffffffa3295120, EFLAGS=0x0000000000010206

Top of Stack: (sp=0x000000001926ed88)
0x000000001926ed88:   00000000022977b0 00000000022977b0
0x000000001926ed98:   000000001926ed98 0000000013ead82e
0x000000001926eda8:   000000001926ee00 0000000013eae640
0x000000001926edb8:   0000000000000000 0000000013ead898
0x000000001926edc8:   000000001926ed98 000000001926edf8
0x000000001926edd8:   000000001926ee48 0000000002297a2d
0x000000001926ede8:   0000000000000000 00000000eaf13188
0x000000001926edf8:   00000000eaf132a8 00000000eaf13288
0x000000001926ee08:   000000001926ee08 0000000013ead771
0x000000001926ee18:   000000001926ee60 0000000013eae640
0x000000001926ee28:   0000000000000000 0000000013ead780
0x000000001926ee38:   000000001926edf8 000000001926ee58
0x000000001926ee48:   000000001926eec8 0000000002297a2d
0x000000001926ee58:   00000000eaf13188 00000000eaf13288
0x000000001926ee68:   00000000eaf13288 00000000eaf13260
0x000000001926ee78:   00000000eaf13260 00000000eaf131a0 

Instructions: (pc=0xffffffffa3295120)
0xffffffffa3295100:   
[error occurred during error reporting (printing registers, top of stack, instructions near pc), id 0xc0000005]

Register to memory mapping:

RAX={method} {0x0000000013dd9420} 'getSecurityManager' '()Ljava/lang/SecurityManager;' in 'java/lang/System'
RBX={method} {0x0000000013dd9420} 'getSecurityManager' '()Ljava/lang/SecurityManager;' in 'java/lang/System'
RCX=0x0000000013eae640 is pointing into metadata
RDX=0x00000000022977b0 is at code_begin+1456 in an Interpreter codelet
invoke return entry points  [0x0000000002297200, 0x0000000002297b00]  2304 bytes
RSP=0x000000001926ed88 is pointing into the stack for thread: 0x0000000015e4a000
RBP=0x000000001926edd8 is pointing into the stack for thread: 0x0000000015e4a000
RSI=0x0000000021000021 is an unknown value
RDI=0x000000000000000c is an unknown value
R8 =0x0000000000000002 is an unknown value
R9 =0x00000000ebb052b8 is an oop
java.lang.Class 
 - klass: 'java/lang/Class'
R10=0x0000000072d8bba0 is an unknown value
R11=0x00000000023a1c20 is at entry_point+0 in (nmethod*)0x00000000023a1ad0
R12=0x0000000000000000 is an unknown value
R13=0x000000001926ed98 is pointing into the stack for thread: 0x0000000015e4a000
R14=0x000000001926ee00 is pointing into the stack for thread: 0x0000000015e4a000
R15=0x0000000015e4a000 is a thread


Stack: [0x0000000019170000,0x0000000019270000],  sp=0x000000001926ed88,  free space=1019k
Native frames: (J=compiled Java code, j=interpreted, Vv=VM code, C=native code)
C  0xffffffffa3295120


---------------  P R O C E S S  ---------------

Java Threads: ( => current thread )
  0x0000000015e4c000 JavaThread "D3D Screen Updater" daemon [_thread_blocked, id=244, stack(0x0000000019370000,0x0000000019470000)]
  0x0000000002190800 JavaThread "DestroyJavaVM" [_thread_blocked, id=4568, stack(0x0000000001cd0000,0x0000000001dd0000)]
=>0x0000000015e4a000 JavaThread "Thread-2" [_thread_in_Java, id=3244, stack(0x0000000019170000,0x0000000019270000)]
  0x0000000015e2b000 JavaThread "AWT-EventQueue-0" [_thread_blocked, id=3804, stack(0x0000000018870000,0x0000000018970000)]
  0x0000000015df5800 JavaThread "AWT-Windows" daemon [_thread_in_native, id=308, stack(0x0000000016550000,0x0000000016650000)]
  0x0000000015da8000 JavaThread "AWT-Shutdown" [_thread_blocked, id=3852, stack(0x0000000016450000,0x0000000016550000)]
  0x0000000015da7800 JavaThread "Java2D Disposer" daemon [_thread_blocked, id=48, stack(0x0000000016350000,0x0000000016450000)]
  0x0000000014797000 JavaThread "Service Thread" daemon [_thread_blocked, id=2744, stack(0x0000000015860000,0x0000000015960000)]
  0x0000000014718800 JavaThread "C1 CompilerThread1" daemon [_thread_blocked, id=336, stack(0x0000000015760000,0x0000000015860000)]
  0x0000000014715000 JavaThread "C2 CompilerThread0" daemon [_thread_blocked, id=260, stack(0x0000000015660000,0x0000000015760000)]
  0x0000000014724000 JavaThread "Attach Listener" daemon [_thread_blocked, id=544, stack(0x0000000015560000,0x0000000015660000)]
  0x0000000014721000 JavaThread "Signal Dispatcher" daemon [_thread_blocked, id=4884, stack(0x0000000015460000,0x0000000015560000)]
  0x0000000002283800 JavaThread "Finalizer" daemon [_thread_blocked, id=4280, stack(0x0000000015360000,0x0000000015460000)]
  0x000000000227a800 JavaThread "Reference Handler" daemon [_thread_blocked, id=4292, stack(0x0000000015260000,0x0000000015360000)]

Other Threads:
  0x00000000146e6000 VMThread [stack: 0x0000000015160000,0x0000000015260000] [id=44]
  0x000000001472a000 WatcherThread [stack: 0x0000000015960000,0x0000000015a60000] [id=204]

VM state:not at safepoint (normal execution)

VM Mutex/Monitor currently owned by a thread: None

Heap:
 PSYoungGen      total 18944K, used 7386K [0x00000000eab00000, 0x00000000ed000000, 0x0000000100000000)
  eden space 16384K, 29% used [0x00000000eab00000,0x00000000eafbcda0,0x00000000ebb00000)
  from space 2560K, 99% used [0x00000000ebb00000,0x00000000ebd79bd0,0x00000000ebd80000)
  to   space 2560K, 0% used [0x00000000ecd80000,0x00000000ecd80000,0x00000000ed000000)
 ParOldGen       total 44032K, used 5544K [0x00000000c0000000, 0x00000000c2b00000, 0x00000000eab00000)
  object space 44032K, 12% used [0x00000000c0000000,0x00000000c056a020,0x00000000c2b00000)
 Metaspace       used 9820K, capacity 9994K, committed 10240K, reserved 1058816K
  class space    used 1155K, capacity 1219K, committed 1280K, reserved 1048576K

Card table byte_map: [0x0000000011650000,0x0000000011860000] byte_map_base: 0x0000000011050000

Marking Bits: (ParMarkBitMap*) 0x0000000072da4040
 Begin Bits: [0x0000000011bc0000, 0x0000000012bc0000)
 End Bits:   [0x0000000012bc0000, 0x0000000013bc0000)

Polling page: 0x00000000002e0000

CodeCache: size=245760Kb used=2158Kb max_used=2166Kb free=243601Kb
 bounds [0x0000000002290000, 0x0000000002500000, 0x0000000011290000]
 total_blobs=951 nmethods=476 adapters=390
 compilation: enabled

Compilation events (10 events):
Event: 0.749 Thread 0x0000000014718800  471       1       java.net.URL::getHost (5 bytes)
Event: 0.749 Thread 0x0000000014718800 nmethod 471 0x00000000024826d0 code [0x0000000002482820, 0x0000000002482930]
Event: 0.750 Thread 0x0000000014718800  472       1       java.net.URL::getFile (5 bytes)
Event: 0.750 Thread 0x0000000014718800 nmethod 472 0x00000000024adf50 code [0x00000000024ae0a0, 0x00000000024ae1b0]
Event: 0.750 Thread 0x0000000014718800  473       3       java.io.File::isInvalid (47 bytes)
Event: 0.750 Thread 0x0000000014718800 nmethod 473 0x00000000024ad890 code [0x00000000024ada20, 0x00000000024ade48]
Event: 0.753 Thread 0x0000000014718800  475       1       java.net.URL::getRef (5 bytes)
Event: 0.753 Thread 0x0000000014718800 nmethod 475 0x00000000024acb90 code [0x00000000024acce0, 0x00000000024acdf0]
Event: 0.753 Thread 0x0000000014718800  476       1       java.lang.System::getSecurityManager (4 bytes)
Event: 0.753 Thread 0x0000000014718800 nmethod 476 0x00000000024909d0 code [0x0000000002490b20, 0x0000000002490c10]

GC Heap History (2 events):
Event: 0.724 GC heap before
{Heap before GC invocations=1 (full 0):
 PSYoungGen      total 18944K, used 14329K [0x00000000eab00000, 0x00000000ec000000, 0x0000000100000000)
  eden space 16384K, 87% used [0x00000000eab00000,0x00000000eb8fe5b0,0x00000000ebb00000)
  from space 2560K, 0% used [0x00000000ebd80000,0x00000000ebd80000,0x00000000ec000000)
  to   space 2560K, 0% used [0x00000000ebb00000,0x00000000ebb00000,0x00000000ebd80000)
 ParOldGen       total 44032K, used 0K [0x00000000c0000000, 0x00000000c2b00000, 0x00000000eab00000)
  object space 44032K, 0% used [0x00000000c0000000,0x00000000c0000000,0x00000000c2b00000)
 Metaspace       used 9792K, capacity 9994K, committed 10240K, reserved 1058816K
  class space    used 1152K, capacity 1219K, committed 1280K, reserved 1048576K
Event: 0.734 GC heap after
Heap after GC invocations=1 (full 0):
 PSYoungGen      total 18944K, used 2534K [0x00000000eab00000, 0x00000000ed000000, 0x0000000100000000)
  eden space 16384K, 0% used [0x00000000eab00000,0x00000000eab00000,0x00000000ebb00000)
  from space 2560K, 99% used [0x00000000ebb00000,0x00000000ebd79bd0,0x00000000ebd80000)
  to   space 2560K, 0% used [0x00000000ecd80000,0x00000000ecd80000,0x00000000ed000000)
 ParOldGen       total 44032K, used 5544K [0x00000000c0000000, 0x00000000c2b00000, 0x00000000eab00000)
  object space 44032K, 12% used [0x00000000c0000000,0x00000000c056a020,0x00000000c2b00000)
 Metaspace       used 9792K, capacity 9994K, committed 10240K, reserved 1058816K
  class space    used 1152K, capacity 1219K, committed 1280K, reserved 1048576K
}

Deoptimization events (3 events):
Event: 0.252 Thread 0x0000000002190800 Uncommon trap: reason=null_check action=make_not_entrant pc=0x000000000240c4f8 method=java.lang.String.equals(Ljava/lang/Object;)Z @ 8
Event: 0.720 Thread 0x0000000015e4a000 Uncommon trap: reason=unstable_if action=reinterpret pc=0x00000000024aa1b0 method=com.sun.imageio.plugins.gif.GIFImageReader.getCode(II)I @ 51
Event: 0.720 Thread 0x0000000015e4a000 Uncommon trap: reason=unstable_if action=reinterpret pc=0x0000000002491354 method=com.sun.imageio.plugins.gif.GIFImageReader.getCode(II)I @ 51

Internal exceptions (10 events):
Event: 0.031 Thread 0x0000000002190800 Exception <a 'java/lang/NoSuchMethodError': Method sun.misc.Unsafe.prefetchRead(Ljava/lang/Object;J)V name or signature does not match> (0x00000000eab0d638) thrown at [D:\re\workspace\8-2-build-windows-amd64-cygwin\jdk8u40\2855\hotspot\src\share\vm\prims\j#öÅÊ@Ë´?
Event: 0.081 Thread 0x0000000002190800 Exception <a 'java/security/PrivilegedActionException'> (0x00000000eabd3a98) thrown at [D:\re\workspace\8-2-build-windows-amd64-cygwin\jdk8u40\2855\hotspot\src\share\vm\prims\jvm.cpp, line 1382]
Event: 0.081 Thread 0x0000000002190800 Exception <a 'java/security/PrivilegedActionException'> (0x00000000eabd3c50) thrown at [D:\re\workspace\8-2-build-windows-amd64-cygwin\jdk8u40\2855\hotspot\src\share\vm\prims\jvm.cpp, line 1382]
Event: 0.082 Thread 0x0000000002190800 Exception <a 'java/security/PrivilegedActionException'> (0x00000000eabd79e8) thrown at [D:\re\workspace\8-2-build-windows-amd64-cygwin\jdk8u40\2855\hotspot\src\share\vm\prims\jvm.cpp, line 1382]
Event: 0.082 Thread 0x0000000002190800 Exception <a 'java/security/PrivilegedActionException'> (0x00000000eabd7ba0) thrown at [D:\re\workspace\8-2-build-windows-amd64-cygwin\jdk8u40\2855\hotspot\src\share\vm\prims\jvm.cpp, line 1382]
Event: 0.086 Thread 0x0000000002190800 Exception <a 'java/io/FileNotFoundException'> (0x00000000eabda150) thrown at [D:\re\workspace\8-2-build-windows-amd64-cygwin\jdk8u40\2855\hotspot\src\share\vm\prims\jni.cpp, line 709]
Event: 0.109 Thread 0x0000000002190800 Exception <a 'java/io/FileNotFoundException'> (0x00000000eac4b8b0) thrown at [D:\re\workspace\8-2-build-windows-amd64-cygwin\jdk8u40\2855\hotspot\src\share\vm\prims\jni.cpp, line 709]
Event: 0.148 Thread 0x0000000002190800 Exception <a 'java/lang/NoSuchFieldError': method resolution failed> (0x00000000ead1f9c0) thrown at [D:\re\workspace\8-2-build-windows-amd64-cygwin\jdk8u40\2855\hotspot\src\share\vm\prims\methodHandles.cpp, line 1125]
Event: 0.157 Thread 0x0000000002190800 Exception <a 'java/lang/NoSuchFieldError': method resolution failed> (0x00000000ead2e400) thrown at [D:\re\workspace\8-2-build-windows-amd64-cygwin\jdk8u40\2855\hotspot\src\share\vm\prims\methodHandles.cpp, line 1125]
Event: 0.252 Thread 0x0000000002190800 Implicit null exception at 0x000000000240c322 to 0x000000000240c4e9

Events (10 events):
Event: 0.724 Executing VM operation: ParallelGCFailedAllocation
Event: 0.734 Executing VM operation: ParallelGCFailedAllocation done
Event: 0.749 loading class edu/rcc/student/bwarfield/CIS18B/SpaceInvaders_V2/GameState/Level1State
Event: 0.749 loading class edu/rcc/student/bwarfield/CIS18B/SpaceInvaders_V2/GameState/Level1State done
Event: 0.750 loading class edu/rcc/student/bwarfield/CIS18B/SpaceInvaders_V2/Entity/Entity
Event: 0.750 loading class edu/rcc/student/bwarfield/CIS18B/SpaceInvaders_V2/Entity/Entity done
Event: 0.750 loading class edu/rcc/student/bwarfield/CIS18B/SpaceInvaders_V2/Entity/PlayerEntity
Event: 0.750 loading class edu/rcc/student/bwarfield/CIS18B/SpaceInvaders_V2/Entity/PlayerEntity done
Event: 0.752 loading class edu/rcc/student/bwarfield/CIS18B/SpaceInvaders_V2/TileMap/TileMap
Event: 0.752 loading class edu/rcc/student/bwarfield/CIS18B/SpaceInvaders_V2/TileMap/TileMap done


Dynamic libraries:
0x000007f7617e0000 - 0x000007f761817000 	C:\Program Files\Java\jdk1.8.0_40\bin\java.exe
0x000007fa0c000000 - 0x000007fa0c1be000 	C:\Windows\SYSTEM32\ntdll.dll
0x000007fa09d50000 - 0x000007fa09e87000 	C:\Windows\system32\KERNEL32.DLL
0x000007fa09140000 - 0x000007fa09234000 	C:\Windows\system32\KERNELBASE.dll
0x000007fa096a0000 - 0x000007fa0977e000 	C:\Windows\system32\ADVAPI32.dll
0x000007fa09fd0000 - 0x000007fa0a11c000 	C:\Windows\system32\USER32.dll
0x000007fa06a30000 - 0x000007fa06c9a000 	C:\Windows\WinSxS\amd64_microsoft.windows.common-controls_6595b64144ccf1df_6.0.9200.16579_none_418ab7ef718b27ef\COMCTL32.dll
0x000007fa0bf40000 - 0x000007fa0bfe5000 	C:\Windows\system32\msvcrt.dll
0x000007fa09b30000 - 0x000007fa09b78000 	C:\Windows\SYSTEM32\sechost.dll
0x000007fa0a660000 - 0x000007fa0a7a5000 	C:\Windows\system32\RPCRT4.dll
0x000007fa0a510000 - 0x000007fa0a651000 	C:\Windows\system32\GDI32.dll
0x000007fa093d0000 - 0x000007fa09409000 	C:\Windows\system32\IMM32.DLL
0x000007fa0a1e0000 - 0x000007fa0a2f5000 	C:\Windows\system32\MSCTF.dll
0x0000000072e30000 - 0x0000000072f02000 	C:\Program Files\Java\jdk1.8.0_40\jre\bin\msvcr100.dll
0x00000000725a0000 - 0x0000000072e23000 	C:\Program Files\Java\jdk1.8.0_40\jre\bin\server\jvm.dll
0x000007fa03760000 - 0x000007fa03769000 	C:\Windows\SYSTEM32\WSOCK32.dll
0x000007fa07320000 - 0x000007fa07340000 	C:\Windows\SYSTEM32\WINMM.dll
0x000007fa06600000 - 0x000007fa06609000 	C:\Windows\SYSTEM32\VERSION.dll
0x000007fa0bf30000 - 0x000007fa0bf37000 	C:\Windows\system32\PSAPI.DLL
0x000007fa0a940000 - 0x000007fa0a998000 	C:\Windows\system32\WS2_32.dll
0x000007fa035e0000 - 0x000007fa03613000 	C:\Windows\SYSTEM32\WINMMBASE.dll
0x000007fa0a1d0000 - 0x000007fa0a1d9000 	C:\Windows\system32\NSI.dll
0x000007fa09240000 - 0x000007fa0928f000 	C:\Windows\SYSTEM32\cfgmgr32.dll
0x000007fa092f0000 - 0x000007fa09312000 	C:\Windows\system32\DEVOBJ.dll
0x0000000072590000 - 0x000000007259f000 	C:\Program Files\Java\jdk1.8.0_40\jre\bin\verify.dll
0x0000000072560000 - 0x0000000072589000 	C:\Program Files\Java\jdk1.8.0_40\jre\bin\java.dll
0x0000000072540000 - 0x0000000072556000 	C:\Program Files\Java\jdk1.8.0_40\jre\bin\zip.dll
0x000007fa0abe0000 - 0x000007fa0bec5000 	C:\Windows\system32\SHELL32.dll
0x000007fa0a360000 - 0x000007fa0a510000 	C:\Windows\SYSTEM32\combase.dll
0x000007fa0bed0000 - 0x000007fa0bf20000 	C:\Windows\system32\SHLWAPI.dll
0x000007fa08050000 - 0x000007fa080e6000 	C:\Windows\SYSTEM32\SHCORE.dll
0x000007fa08f00000 - 0x000007fa08f15000 	C:\Windows\system32\profapi.dll
0x00000000723a0000 - 0x0000000072538000 	C:\Program Files\Java\jdk1.8.0_40\jre\bin\awt.dll
0x000007fa09e90000 - 0x000007fa09f53000 	C:\Windows\system32\OLEAUT32.dll
0x000007fa02a50000 - 0x000007fa02aef000 	C:\Windows\system32\apphelp.dll
0x000007fa06ca0000 - 0x000007fa06cc1000 	C:\Windows\system32\DWMAPI.DLL
0x000007fa07c70000 - 0x000007fa07d56000 	C:\Windows\system32\uxtheme.dll
0x000007fa01e40000 - 0x000007fa01e51000 	C:\Program Files (x86)\Dexpot\hooxpot64.dll
0x000007fa09780000 - 0x000007fa098fe000 	C:\Windows\system32\ole32.dll
0x000007fa08cb0000 - 0x000007fa08cba000 	C:\Windows\SYSTEM32\CRYPTBASE.dll
0x000007fa08c50000 - 0x000007fa08cac000 	C:\Windows\SYSTEM32\bcryptPrimitives.dll
0x000007f9fa510000 - 0x000007f9fa710000 	C:\Windows\system32\d3d9.dll
0x000007f9ed560000 - 0x000007f9ee616000 	C:\Windows\SYSTEM32\nvd3dumx.dll
0x000007fa08e10000 - 0x000007fa08e53000 	C:\Windows\system32\powrprof.dll
0x000007fa04fe0000 - 0x000007fa0514a000 	C:\Program Files (x86)\NVIDIA Corporation\3D Vision\nvSCPAPI64.dll
0x000007fa09b80000 - 0x000007fa09d50000 	C:\Windows\system32\SETUPAPI.dll
0x000007fa04ca0000 - 0x000007fa04fd3000 	C:\Windows\system32\nvapi64.dll
0x000007fa09290000 - 0x000007fa092e5000 	C:\Windows\system32\WINTRUST.dll
0x000007fa08f60000 - 0x000007fa09131000 	C:\Windows\system32\CRYPT32.dll
0x000007fa08f20000 - 0x000007fa08f36000 	C:\Windows\system32\MSASN1.dll
0x000007fa068f0000 - 0x000007fa06964000 	C:\Windows\system32\dxgi.dll
0x0000000072350000 - 0x0000000072397000 	C:\Program Files\Java\jdk1.8.0_40\jre\bin\fontmanager.dll
0x000007fa08720000 - 0x000007fa0873a000 	C:\Windows\SYSTEM32\CRYPTSP.dll
0x000007fa083c0000 - 0x000007fa0840b000 	C:\Windows\system32\rsaenh.dll
0x000007fa08f40000 - 0x000007fa08f5f000 	C:\Windows\system32\USERENV.dll
0x0000000072330000 - 0x000000007234a000 	C:\Program Files\Java\jdk1.8.0_40\jre\bin\net.dll
0x000007fa086c0000 - 0x000007fa0871c000 	C:\Windows\system32\mswsock.dll
0x000007fa065a0000 - 0x000007fa065ca000 	C:\Windows\SYSTEM32\IPHLPAPI.DLL
0x000007fa04520000 - 0x000007fa0452a000 	C:\Windows\SYSTEM32\WINNSI.DLL
0x000007fa03df0000 - 0x000007fa03e03000 	C:\Windows\SYSTEM32\dhcpcsvc6.DLL
0x000007fa04090000 - 0x000007fa040a8000 	C:\Windows\SYSTEM32\dhcpcsvc.DLL
0x0000000072310000 - 0x0000000072321000 	C:\Program Files\Java\jdk1.8.0_40\jre\bin\nio.dll
0x000007f9fcb20000 - 0x000007f9fcc83000 	C:\Windows\SYSTEM32\dbghelp.dll

VM Arguments:
jvm_args: -Dfile.encoding=UTF-8 
java_command: edu.rcc.student.bwarfield.CIS18B.SpaceInvaders_V2.Main.Game
java_class_path (initial): C:\Users\Bee-Jay\OneDrive\Courses\CIS-18B Java Objects\WarfieldBrian_CSC18B_42029\Project\space_invaders\SpaceInvaders_solo\build\classes
Launcher Type: SUN_STANDARD

Environment Variables:
PATH=C:\ProgramData\Oracle\Java\javapath;C:\Program Files (x86)\NVIDIA Corporation\PhysX\Common;C:\Windows\system32;C:\Windows;C:\Windows\System32\Wbem;C:\Windows\System32\WindowsPowerShell\v1.0\;C:\Program Files (x86)\QuickTime\QTSystem\;C:\Users\Bee-Jay\Desktop\App Dump\exercism;C:\Program Files\nodejs\;C:\Program Files (x86)\AAC Audiobook Creator\Tools\SSA;C:\Users\Bee-Jay\AppData\Roaming\npm;C:\Program Files (x86)\AAC Audiobook Creator\Tools\SSA;C:\Program Files\Java\jdk1.8.0_40\bin;C:\Program Files (x86)\gradle-2.3\bin;
USERNAME=Bee-Jay
OS=Windows_NT
PROCESSOR_IDENTIFIER=Intel64 Family 6 Model 23 Stepping 6, GenuineIntel



---------------  S Y S T E M  ---------------

OS: Windows 8 , 64 bit Build 9200 (6.2.9200.16859)

CPU:total 2 (2 cores per cpu, 1 threads per core) family 6 model 23 stepping 6, cmov, cx8, fxsr, mmx, sse, sse2, sse3, ssse3, sse4.1, tsc

Memory: 4k page, physical 4191712k(1666256k free), swap 7468512k(4064436k free)

vm_info: Java HotSpot(TM) 64-Bit Server VM (25.40-b25) for windows-amd64 JRE (1.8.0_40-b25), built on Feb 10 2015 21:53:57 by "java_re" with MS VC++ 10.0 (VS2010)

time: Wed Mar 25 13:34:16 2015
elapsed time: 0 seconds (0d 0h 0m 0s)

