#
# A fatal error has been detected by the Java Runtime Environment:
#
#  EXCEPTION_ACCESS_VIOLATION (0xc0000005) at pc=0xffffffffa3d55120, pid=6340, tid=4412
#
# JRE version: Java(TM) SE Runtime Environment (8.0_31-b13) (build 1.8.0_31-b13)
# Java VM: Java HotSpot(TM) 64-Bit Server VM (25.31-b07 mixed mode windows-amd64 compressed oops)
# Problematic frame:
# C  0xffffffffa3d55120
#
# Failed to write core dump. Minidumps are not enabled by default on client versions of Windows
#
# If you would like to submit a bug report, please visit:
#   http://bugreport.java.com/bugreport/crash.jsp
#

---------------  T H R E A D  ---------------

Current thread (0x0000000002c50800):  JavaThread "main" [_thread_in_Java, id=4412, stack(0x0000000002870000,0x0000000002970000)]

siginfo: ExceptionCode=0xc0000005, ExceptionInformation=0x0000000000000008 0xffffffffa3d55120

Registers:
RAX=0x000000001a6e1818, RBX=0x000000001a6e1818, RCX=0x000000001a6e1ae0, RDX=0x0000000002d576e0
RSP=0x000000000296f048, RBP=0x000000000296f098, RSI=0x000000001a6e1e50, RDI=0x0000000000000e18
R8 =0x000000000296ef78, R9 =0x000000000296f040, R10=0x00000000688462c0, R11=0x0000000003003040
R12=0x0000000000000000, R13=0x000000000296f058, R14=0x000000000296f0f0, R15=0x0000000002c50800
RIP=0xffffffffa3d55120, EFLAGS=0x0000000000010206

Top of Stack: (sp=0x000000000296f048)
0x000000000296f048:   0000000002d576e0 0000000002d576e0
0x000000000296f058:   000000000296f058 000000001a6e18bb
0x000000000296f068:   000000000296f0f0 000000001a6e1ae0
0x000000000296f078:   0000000000000000 000000001a6e1a58
0x000000000296f088:   000000000296f058 000000000296f0f0
0x000000000296f098:   000000000296f138 0000000002d57a2d
0x000000000296f0a8:   0000000000000000 3f90a6f8339ca600
0x000000000296f0b8:   0000000000000000 0000000000000000
0x000000000296f0c8:   0000000000000000 3f54c0c8fa210a81
0x000000000296f0d8:   0000000000000000 3f91111111111111
0x000000000296f0e8:   0000000000000000 000000000000003c
0x000000000296f0f8:   000000000296f0f8 0000000014c8d8fe
0x000000000296f108:   000000000296f188 0000000014c8e1a0
0x000000000296f118:   0000000000000000 0000000014c8d990
0x000000000296f128:   000000000296f0f0 000000000296f188
0x000000000296f138:   000000000296f1d0 0000000002d57a2d 

Instructions: (pc=0xffffffffa3d55120)
0xffffffffa3d55100:   
[error occurred during error reporting (printing registers, top of stack, instructions near pc), id 0xc0000005]

Register to memory mapping:

RAX={method} {0x000000001a6e1820} 'getTime' '()D' in 'SpaceInvaders_V4/Util/SystemTimer'
RBX={method} {0x000000001a6e1820} 'getTime' '()D' in 'SpaceInvaders_V4/Util/SystemTimer'
RCX=0x000000001a6e1ae0 is pointing into metadata
RDX=0x0000000002d576e0 is at code_begin+1248 in an Interpreter codelet
invoke return entry points  [0x0000000002d57200, 0x0000000002d57b00]  2304 bytes
RSP=0x000000000296f048 is pointing into the stack for thread: 0x0000000002c50800
RBP=0x000000000296f098 is pointing into the stack for thread: 0x0000000002c50800
RSI=0x000000001a6e1e50 is pointing into metadata
RDI=0x0000000000000e18 is an unknown value
R8 =0x000000000296ef78 is pointing into the stack for thread: 0x0000000002c50800
R9 =0x000000000296f040 is pointing into the stack for thread: 0x0000000002c50800
R10=0x00000000688462c0 is an unknown value
R11=0x0000000003003040 is at entry_point+0 in (nmethod*)0x0000000003002ed0
R12=0x0000000000000000 is an unknown value
R13=0x000000000296f058 is pointing into the stack for thread: 0x0000000002c50800
R14=0x000000000296f0f0 is pointing into the stack for thread: 0x0000000002c50800
R15=0x0000000002c50800 is a thread


Stack: [0x0000000002870000,0x0000000002970000],  sp=0x000000000296f048,  free space=1020k
Native frames: (J=compiled Java code, j=interpreted, Vv=VM code, C=native code)
C  0xffffffffa3d55120


---------------  P R O C E S S  ---------------

Java Threads: ( => current thread )
  0x0000000016f6d000 JavaThread "D3D Screen Updater" daemon [_thread_blocked, id=7052, stack(0x000000001a280000,0x000000001a380000)]
  0x0000000016f08800 JavaThread "AWT-EventQueue-0" [_thread_blocked, id=4492, stack(0x000000001a080000,0x000000001a180000)]
  0x0000000016ed5000 JavaThread "AWT-Windows" daemon [_thread_in_native, id=5520, stack(0x00000000178d0000,0x00000000179d0000)]
  0x0000000016ed3000 JavaThread "AWT-Shutdown" [_thread_blocked, id=4916, stack(0x00000000177d0000,0x00000000178d0000)]
  0x0000000016ed0800 JavaThread "Java2D Disposer" daemon [_thread_blocked, id=3732, stack(0x00000000176d0000,0x00000000177d0000)]
  0x0000000015237800 JavaThread "Service Thread" daemon [_thread_blocked, id=6852, stack(0x0000000016330000,0x0000000016430000)]
  0x00000000151d8000 JavaThread "C1 CompilerThread1" daemon [_thread_blocked, id=6180, stack(0x0000000016230000,0x0000000016330000)]
  0x00000000151d4800 JavaThread "C2 CompilerThread0" daemon [_thread_blocked, id=6788, stack(0x0000000016130000,0x0000000016230000)]
  0x00000000151d3000 JavaThread "Attach Listener" daemon [_thread_blocked, id=5468, stack(0x0000000016030000,0x0000000016130000)]
  0x00000000151df800 JavaThread "Signal Dispatcher" daemon [_thread_blocked, id=5092, stack(0x0000000015f30000,0x0000000016030000)]
  0x0000000015193000 JavaThread "Finalizer" daemon [_thread_blocked, id=5284, stack(0x0000000015e30000,0x0000000015f30000)]
  0x0000000015190800 JavaThread "Reference Handler" daemon [_thread_blocked, id=3444, stack(0x0000000015d30000,0x0000000015e30000)]
=>0x0000000002c50800 JavaThread "main" [_thread_in_Java, id=4412, stack(0x0000000002870000,0x0000000002970000)]

Other Threads:
  0x000000001518c000 VMThread [stack: 0x0000000015c30000,0x0000000015d30000] [id=7120]
  0x000000001523a800 WatcherThread [stack: 0x0000000016430000,0x0000000016530000] [id=796]

VM state:not at safepoint (normal execution)

VM Mutex/Monitor currently owned by a thread: None

Heap:
 PSYoungGen      total 35328K, used 9125K [0x00000000eab00000, 0x00000000ed000000, 0x0000000100000000)
  eden space 32768K, 27% used [0x00000000eab00000,0x00000000eb3e9758,0x00000000ecb00000)
  from space 2560K, 0% used [0x00000000ecd80000,0x00000000ecd80000,0x00000000ed000000)
  to   space 2560K, 0% used [0x00000000ecb00000,0x00000000ecb00000,0x00000000ecd80000)
 ParOldGen       total 53760K, used 17380K [0x00000000c0000000, 0x00000000c3480000, 0x00000000eab00000)
  object space 53760K, 32% used [0x00000000c0000000,0x00000000c10f9398,0x00000000c3480000)
 Metaspace       used 10097K, capacity 10280K, committed 10496K, reserved 1058816K
  class space    used 1171K, capacity 1218K, committed 1280K, reserved 1048576K

Card table byte_map: [0x0000000012110000,0x0000000012320000] byte_map_base: 0x0000000011b10000

Marking Bits: (ParMarkBitMap*) 0x000000006885d4f0
 Begin Bits: [0x0000000012680000, 0x0000000013680000)
 End Bits:   [0x0000000013680000, 0x0000000014680000)

Polling page: 0x0000000001030000

CodeCache: size=245760Kb used=2825Kb max_used=2836Kb free=242934Kb
 bounds [0x0000000002d50000, 0x0000000003020000, 0x0000000011d50000]
 total_blobs=1188 nmethods=710 adapters=393
 compilation: enabled

Compilation events (10 events):
Event: 1.733 Thread 0x00000000151d8000  706       1       sun.java2d.SurfaceData::getNativeOps (5 bytes)
Event: 1.733 Thread 0x00000000151d8000 nmethod 706 0x000000000300ccd0 code [0x000000000300ce20, 0x000000000300cf30]
Event: 1.733 Thread 0x00000000151d4800  707       4       sun.java2d.pipe.RenderBuffer::putLong (26 bytes)
Event: 1.733 Thread 0x00000000151d8000  708   !   3       sun.awt.image.SurfaceManager::getManager (47 bytes)
Event: 1.733 Thread 0x00000000151d4800 nmethod 707 0x000000000300ca90 code [0x000000000300cbc0, 0x000000000300cc58]
Event: 1.733 Thread 0x00000000151d8000 nmethod 708 0x000000000300be50 code [0x000000000300c020, 0x000000000300c738]
Event: 1.733 Thread 0x00000000151d8000  709       3       java.awt.Image$1::getSurfaceManager (5 bytes)
Event: 1.733 Thread 0x00000000151d8000 nmethod 709 0x0000000003015a90 code [0x0000000003015be0, 0x0000000003015d30]
Event: 1.748 Thread 0x00000000151d4800  710       4       SpaceInvaders_V4.Util.SystemTimer::getTime (4 bytes)
Event: 1.748 Thread 0x00000000151d4800 nmethod 710 0x0000000003014350 code [0x00000000030144a0, 0x0000000003014508]

GC Heap History (10 events):
Event: 1.113 GC heap before
{Heap before GC invocations=1 (full 0):
 PSYoungGen      total 18944K, used 16053K [0x00000000eab00000, 0x00000000ec000000, 0x0000000100000000)
  eden space 16384K, 97% used [0x00000000eab00000,0x00000000ebaad720,0x00000000ebb00000)
  from space 2560K, 0% used [0x00000000ebd80000,0x00000000ebd80000,0x00000000ec000000)
  to   space 2560K, 0% used [0x00000000ebb00000,0x00000000ebb00000,0x00000000ebd80000)
 ParOldGen       total 44032K, used 0K [0x00000000c0000000, 0x00000000c2b00000, 0x00000000eab00000)
  object space 44032K, 0% used [0x00000000c0000000,0x00000000c0000000,0x00000000c2b00000)
 Metaspace       used 9885K, capacity 10026K, committed 10240K, reserved 1058816K
  class space    used 1157K, capacity 1219K, committed 1280K, reserved 1048576K
Event: 1.119 GC heap after
Heap after GC invocations=1 (full 0):
 PSYoungGen      total 18944K, used 2552K [0x00000000eab00000, 0x00000000ec000000, 0x0000000100000000)
  eden space 16384K, 0% used [0x00000000eab00000,0x00000000eab00000,0x00000000ebb00000)
  from space 2560K, 99% used [0x00000000ebb00000,0x00000000ebd7e2e0,0x00000000ebd80000)
  to   space 2560K, 0% used [0x00000000ebd80000,0x00000000ebd80000,0x00000000ec000000)
 ParOldGen       total 44032K, used 2615K [0x00000000c0000000, 0x00000000c2b00000, 0x00000000eab00000)
  object space 44032K, 5% used [0x00000000c0000000,0x00000000c028dd58,0x00000000c2b00000)
 Metaspace       used 9885K, capacity 10026K, committed 10240K, reserved 1058816K
  class space    used 1157K, capacity 1219K, committed 1280K, reserved 1048576K
}
Event: 1.333 GC heap before
{Heap before GC invocations=2 (full 0):
 PSYoungGen      total 18944K, used 18759K [0x00000000eab00000, 0x00000000ec000000, 0x0000000100000000)
  eden space 16384K, 98% used [0x00000000eab00000,0x00000000ebad39b8,0x00000000ebb00000)
  from space 2560K, 99% used [0x00000000ebb00000,0x00000000ebd7e2e0,0x00000000ebd80000)
  to   space 2560K, 0% used [0x00000000ebd80000,0x00000000ebd80000,0x00000000ec000000)
 ParOldGen       total 44032K, used 2615K [0x00000000c0000000, 0x00000000c2b00000, 0x00000000eab00000)
  object space 44032K, 5% used [0x00000000c0000000,0x00000000c028dd58,0x00000000c2b00000)
 Metaspace       used 10047K, capacity 10218K, committed 10496K, reserved 1058816K
  class space    used 1170K, capacity 1219K, committed 1280K, reserved 1048576K
Event: 1.341 GC heap after
Heap after GC invocations=2 (full 0):
 PSYoungGen      total 18944K, used 2538K [0x00000000eab00000, 0x00000000ed000000, 0x0000000100000000)
  eden space 16384K, 0% used [0x00000000eab00000,0x00000000eab00000,0x00000000ebb00000)
  from space 2560K, 99% used [0x00000000ebd80000,0x00000000ebffaaf0,0x00000000ec000000)
  to   space 2560K, 0% used [0x00000000ebb00000,0x00000000ebb00000,0x00000000ebd80000)
 ParOldGen       total 44032K, used 9485K [0x00000000c0000000, 0x00000000c2b00000, 0x00000000eab00000)
  object space 44032K, 21% used [0x00000000c0000000,0x00000000c0943478,0x00000000c2b00000)
 Metaspace       used 10047K, capacity 10218K, committed 10496K, reserved 1058816K
  class space    used 1170K, capacity 1219K, committed 1280K, reserved 1048576K
}
Event: 1.465 GC heap before
{Heap before GC invocations=3 (full 0):
 PSYoungGen      total 18944K, used 18833K [0x00000000eab00000, 0x00000000ed000000, 0x0000000100000000)
  eden space 16384K, 99% used [0x00000000eab00000,0x00000000ebae99e0,0x00000000ebb00000)
  from space 2560K, 99% used [0x00000000ebd80000,0x00000000ebffaaf0,0x00000000ec000000)
  to   space 2560K, 0% used [0x00000000ebb00000,0x00000000ebb00000,0x00000000ebd80000)
 ParOldGen       total 44032K, used 9485K [0x00000000c0000000, 0x00000000c2b00000, 0x00000000eab00000)
  object space 44032K, 21% used [0x00000000c0000000,0x00000000c0943478,0x00000000c2b00000)
 Metaspace       used 10049K, capacity 10218K, committed 10496K, reserved 1058816K
  class space    used 1170K, capacity 1219K, committed 1280K, reserved 1048576K
Event: 1.479 GC heap after
Heap after GC invocations=3 (full 0):
 PSYoungGen      total 18944K, used 2536K [0x00000000eab00000, 0x00000000ed000000, 0x0000000100000000)
  eden space 16384K, 0% used [0x00000000eab00000,0x00000000eab00000,0x00000000ebb00000)
  from space 2560K, 99% used [0x00000000ebb00000,0x00000000ebd7a070,0x00000000ebd80000)
  to   space 2560K, 0% used [0x00000000ecd80000,0x00000000ecd80000,0x00000000ed000000)
 ParOldGen       total 44032K, used 24447K [0x00000000c0000000, 0x00000000c2b00000, 0x00000000eab00000)
  object space 44032K, 55% used [0x00000000c0000000,0x00000000c17dfed8,0x00000000c2b00000)
 Metaspace       used 10049K, capacity 10218K, committed 10496K, reserved 1058816K
  class space    used 1170K, capacity 1219K, committed 1280K, reserved 1048576K
}
Event: 1.527 GC heap before
{Heap before GC invocations=4 (full 0):
 PSYoungGen      total 18944K, used 15809K [0x00000000eab00000, 0x00000000ed000000, 0x0000000100000000)
  eden space 16384K, 81% used [0x00000000eab00000,0x00000000eb7f6708,0x00000000ebb00000)
  from space 2560K, 99% used [0x00000000ebb00000,0x00000000ebd7a070,0x00000000ebd80000)
  to   space 2560K, 0% used [0x00000000ecd80000,0x00000000ecd80000,0x00000000ed000000)
 ParOldGen       total 44032K, used 24447K [0x00000000c0000000, 0x00000000c2b00000, 0x00000000eab00000)
  object space 44032K, 55% used [0x00000000c0000000,0x00000000c17dfed8,0x00000000c2b00000)
 Metaspace       used 10054K, capacity 10218K, committed 10496K, reserved 1058816K
  class space    used 1172K, capacity 1219K, committed 1280K, reserved 1048576K
Event: 1.535 GC heap after
Heap after GC invocations=4 (full 0):
 PSYoungGen      total 35328K, used 2552K [0x00000000eab00000, 0x00000000ed000000, 0x0000000100000000)
  eden space 32768K, 0% used [0x00000000eab00000,0x00000000eab00000,0x00000000ecb00000)
  from space 2560K, 99% used [0x00000000ecd80000,0x00000000ecffe060,0x00000000ed000000)
  to   space 2560K, 0% used [0x00000000ecb00000,0x00000000ecb00000,0x00000000ecd80000)
 ParOldGen       total 44032K, used 34841K [0x00000000c0000000, 0x00000000c2b00000, 0x00000000eab00000)
  object space 44032K, 79% used [0x00000000c0000000,0x00000000c22066a8,0x00000000c2b00000)
 Metaspace       used 10054K, capacity 10218K, committed 10496K, reserved 1058816K
  class space    used 1172K, capacity 1219K, committed 1280K, reserved 1048576K
}
Event: 1.535 GC heap before
{Heap before GC invocations=5 (full 1):
 PSYoungGen      total 35328K, used 2552K [0x00000000eab00000, 0x00000000ed000000, 0x0000000100000000)
  eden space 32768K, 0% used [0x00000000eab00000,0x00000000eab00000,0x00000000ecb00000)
  from space 2560K, 99% used [0x00000000ecd80000,0x00000000ecffe060,0x00000000ed000000)
  to   space 2560K, 0% used [0x00000000ecb00000,0x00000000ecb00000,0x00000000ecd80000)
 ParOldGen       total 44032K, used 34841K [0x00000000c0000000, 0x00000000c2b00000, 0x00000000eab00000)
  object space 44032K, 79% used [0x00000000c0000000,0x00000000c22066a8,0x00000000c2b00000)
 Metaspace       used 10054K, capacity 10218K, committed 10496K, reserved 1058816K
  class space    used 1172K, capacity 1219K, committed 1280K, reserved 1048576K
Event: 1.558 GC heap after
Heap after GC invocations=5 (full 1):
 PSYoungGen      total 35328K, used 0K [0x00000000eab00000, 0x00000000ed000000, 0x0000000100000000)
  eden space 32768K, 0% used [0x00000000eab00000,0x00000000eab00000,0x00000000ecb00000)
  from space 2560K, 0% used [0x00000000ecd80000,0x00000000ecd80000,0x00000000ed000000)
  to   space 2560K, 0% used [0x00000000ecb00000,0x00000000ecb00000,0x00000000ecd80000)
 ParOldGen       total 53760K, used 17380K [0x00000000c0000000, 0x00000000c3480000, 0x00000000eab00000)
  object space 53760K, 32% used [0x00000000c0000000,0x00000000c10f9398,0x00000000c3480000)
 Metaspace       used 10053K, capacity 10216K, committed 10496K, reserved 1058816K
  class space    used 1171K, capacity 1218K, committed 1280K, reserved 1048576K
}

Deoptimization events (0 events):
No events

Internal exceptions (10 events):
Event: 1.168 Thread 0x0000000002c50800 Exception <a 'java/security/PrivilegedActionException'> (0x00000000eb468bf0) thrown at [C:\workspace\8-2-build-windows-amd64-cygwin\jdk8u31\2394\hotspot\src\share\vm\prims\jvm.cpp, line 1312]
Event: 1.173 Thread 0x0000000002c50800 Exception <a 'java/security/PrivilegedActionException'> (0x00000000eb46c708) thrown at [C:\workspace\8-2-build-windows-amd64-cygwin\jdk8u31\2394\hotspot\src\share\vm\prims\jvm.cpp, line 1312]
Event: 1.287 Thread 0x0000000002c50800 Exception <a 'java/security/PrivilegedActionException'> (0x00000000eb85bd50) thrown at [C:\workspace\8-2-build-windows-amd64-cygwin\jdk8u31\2394\hotspot\src\share\vm\prims\jvm.cpp, line 1312]
Event: 1.288 Thread 0x0000000002c50800 Exception <a 'java/security/PrivilegedActionException'> (0x00000000eb8605f0) thrown at [C:\workspace\8-2-build-windows-amd64-cygwin\jdk8u31\2394\hotspot\src\share\vm\prims\jvm.cpp, line 1312]
Event: 1.292 Thread 0x0000000002c50800 Exception <a 'java/security/PrivilegedActionException'> (0x00000000eb967ef0) thrown at [C:\workspace\8-2-build-windows-amd64-cygwin\jdk8u31\2394\hotspot\src\share\vm\prims\jvm.cpp, line 1312]
Event: 1.293 Thread 0x0000000002c50800 Exception <a 'java/security/PrivilegedActionException'> (0x00000000eb970f08) thrown at [C:\workspace\8-2-build-windows-amd64-cygwin\jdk8u31\2394\hotspot\src\share\vm\prims\jvm.cpp, line 1312]
Event: 1.294 Thread 0x0000000002c50800 Exception <a 'java/security/PrivilegedActionException'> (0x00000000eb97db58) thrown at [C:\workspace\8-2-build-windows-amd64-cygwin\jdk8u31\2394\hotspot\src\share\vm\prims\jvm.cpp, line 1312]
Event: 1.300 Thread 0x0000000002c50800 Exception <a 'java/security/PrivilegedActionException'> (0x00000000eb9c44a0) thrown at [C:\workspace\8-2-build-windows-amd64-cygwin\jdk8u31\2394\hotspot\src\share\vm\prims\jvm.cpp, line 1312]
Event: 1.358 Thread 0x0000000002c50800 Exception <a 'java/security/PrivilegedActionException'> (0x00000000eac7dd38) thrown at [C:\workspace\8-2-build-windows-amd64-cygwin\jdk8u31\2394\hotspot\src\share\vm\prims\jvm.cpp, line 1312]
Event: 1.503 Thread 0x0000000002c50800 Exception <a 'java/security/PrivilegedActionException'> (0x00000000eafa90b0) thrown at [C:\workspace\8-2-build-windows-amd64-cygwin\jdk8u31\2394\hotspot\src\share\vm\prims\jvm.cpp, line 1312]

Events (10 events):
Event: 1.358 loading class SpaceInvaders_V4/Entity/ShipEntity
Event: 1.358 loading class SpaceInvaders_V4/Entity/ShipEntity done
Event: 1.465 Executing VM operation: ParallelGCFailedAllocation
Event: 1.480 Executing VM operation: ParallelGCFailedAllocation done
Event: 1.503 loading class SpaceInvaders_V4/Util/SystemTimer
Event: 1.503 loading class SpaceInvaders_V4/Util/SystemTimer done
Event: 1.504 loading class java/lang/InterruptedException
Event: 1.504 loading class java/lang/InterruptedException done
Event: 1.527 Executing VM operation: ParallelGCFailedAllocation
Event: 1.558 Executing VM operation: ParallelGCFailedAllocation done


Dynamic libraries:
0x000007f7fbc80000 - 0x000007f7fbcb4000 	C:\Program Files\Java\jdk1.8.0_31\bin\java.exe
0x000007fa6ca20000 - 0x000007fa6cbdd000 	C:\Windows\SYSTEM32\ntdll.dll
0x000007fa6a920000 - 0x000007fa6aa57000 	C:\Windows\system32\KERNEL32.DLL
0x000007fa69980000 - 0x000007fa69a74000 	C:\Windows\system32\KERNELBASE.dll
0x000007fa6ad40000 - 0x000007fa6ae1e000 	C:\Windows\system32\ADVAPI32.dll
0x000007fa6a5b0000 - 0x000007fa6a6fc000 	C:\Windows\system32\USER32.dll
0x000007fa65ad0000 - 0x000007fa65d3a000 	C:\Windows\WinSxS\amd64_microsoft.windows.common-controls_6595b64144ccf1df_6.0.9200.17321_none_41866eeb718ed8b9\COMCTL32.dll
0x000007fa6ab10000 - 0x000007fa6abb5000 	C:\Windows\system32\msvcrt.dll
0x000007fa6a8d0000 - 0x000007fa6a918000 	C:\Windows\SYSTEM32\sechost.dll
0x000007fa6b1c0000 - 0x000007fa6b305000 	C:\Windows\system32\RPCRT4.dll
0x000007fa6c8d0000 - 0x000007fa6ca11000 	C:\Windows\system32\GDI32.dll
0x000007fa6b0e0000 - 0x000007fa6b119000 	C:\Windows\system32\IMM32.DLL
0x000007fa6a490000 - 0x000007fa6a5a5000 	C:\Windows\system32\MSCTF.dll
0x0000000067fa0000 - 0x0000000068072000 	C:\Program Files\Java\jdk1.8.0_31\jre\bin\msvcr100.dll
0x0000000068080000 - 0x00000000688da000 	C:\Program Files\Java\jdk1.8.0_31\jre\bin\server\jvm.dll
0x000007fa62900000 - 0x000007fa62909000 	C:\Windows\SYSTEM32\WSOCK32.dll
0x000007fa65490000 - 0x000007fa654b0000 	C:\Windows\SYSTEM32\WINMM.dll
0x000007fa6c8b0000 - 0x000007fa6c8b7000 	C:\Windows\system32\PSAPI.DLL
0x000007fa6b310000 - 0x000007fa6b368000 	C:\Windows\system32\WS2_32.dll
0x000007fa65100000 - 0x000007fa65133000 	C:\Windows\SYSTEM32\WINMMBASE.dll
0x000007fa6c670000 - 0x000007fa6c679000 	C:\Windows\system32\NSI.dll
0x000007fa69a80000 - 0x000007fa69acf000 	C:\Windows\SYSTEM32\cfgmgr32.dll
0x000007fa69dc0000 - 0x000007fa69de2000 	C:\Windows\system32\DEVOBJ.dll
0x0000000067f50000 - 0x0000000067f5f000 	C:\Program Files\Java\jdk1.8.0_31\jre\bin\verify.dll
0x0000000067f20000 - 0x0000000067f48000 	C:\Program Files\Java\jdk1.8.0_31\jre\bin\java.dll
0x0000000067f00000 - 0x0000000067f16000 	C:\Program Files\Java\jdk1.8.0_31\jre\bin\zip.dll
0x000007fa6b370000 - 0x000007fa6c655000 	C:\Windows\system32\SHELL32.dll
0x000007fa6a720000 - 0x000007fa6a8d0000 	C:\Windows\SYSTEM32\combase.dll
0x000007fa6ae20000 - 0x000007fa6ae70000 	C:\Windows\system32\SHLWAPI.dll
0x000007fa68a70000 - 0x000007fa68b06000 	C:\Windows\SYSTEM32\SHCORE.dll
0x000007fa69920000 - 0x000007fa69935000 	C:\Windows\system32\profapi.dll
0x0000000067d20000 - 0x0000000067eb8000 	C:\Program Files\Java\jdk1.8.0_31\jre\bin\awt.dll
0x000007fa6ae70000 - 0x000007fa6af33000 	C:\Windows\system32\OLEAUT32.dll
0x000007fa62390000 - 0x000007fa6242f000 	C:\Windows\system32\apphelp.dll
0x000000006b340000 - 0x000000006b437000 	C:\Users\Bee-Jay\AppData\Local\Temp\libgdxBee-Jay\783853fc\jglfw64.dll
0x000007fa60dd0000 - 0x000007fa60eef000 	C:\Windows\SYSTEM32\OPENGL32.dll
0x000007fa60f10000 - 0x000007fa60f3c000 	C:\Windows\SYSTEM32\GLU32.dll
0x000007fa5f050000 - 0x000007fa5f13a000 	C:\Windows\SYSTEM32\DDRAW.dll
0x000007fa628e0000 - 0x000007fa628e8000 	C:\Windows\SYSTEM32\DCIMAN32.dll
0x000007fa68690000 - 0x000007fa68776000 	C:\Windows\system32\uxtheme.dll
0x000007fa67e00000 - 0x000007fa67e21000 	C:\Windows\system32\DWMAPI.DLL
0x000007fa61040000 - 0x000007fa61051000 	C:\Program Files (x86)\Dexpot\hooxpot64.dll
0x000007fa6abc0000 - 0x000007fa6ad3e000 	C:\Windows\system32\ole32.dll
0x000007fa696d0000 - 0x000007fa696da000 	C:\Windows\SYSTEM32\CRYPTBASE.dll
0x000007fa69670000 - 0x000007fa696cc000 	C:\Windows\SYSTEM32\bcryptPrimitives.dll
0x000007fa5ec00000 - 0x000007fa5ee00000 	C:\Windows\system32\d3d9.dll
0x000007fa66080000 - 0x000007fa66089000 	C:\Windows\SYSTEM32\VERSION.dll
0x000007fa4ab30000 - 0x000007fa4bbe6000 	C:\Windows\SYSTEM32\nvd3dumx.dll
0x000007fa69830000 - 0x000007fa69873000 	C:\Windows\system32\powrprof.dll
0x000007fa66090000 - 0x000007fa661fa000 	C:\Program Files (x86)\NVIDIA Corporation\3D Vision\nvSCPAPI64.dll
0x000007fa6a150000 - 0x000007fa6a320000 	C:\Windows\system32\SETUPAPI.dll
0x000007fa65d40000 - 0x000007fa66073000 	C:\Windows\system32\nvapi64.dll
0x000007fa69d60000 - 0x000007fa69db5000 	C:\Windows\system32\WINTRUST.dll
0x000007fa69ad0000 - 0x000007fa69ca1000 	C:\Windows\system32\CRYPT32.dll
0x000007fa69940000 - 0x000007fa69956000 	C:\Windows\system32\MSASN1.dll
0x000007fa67b40000 - 0x000007fa67bb4000 	C:\Windows\system32\dxgi.dll
0x0000000067cd0000 - 0x0000000067d17000 	C:\Program Files\Java\jdk1.8.0_31\jre\bin\fontmanager.dll
0x000007fa69140000 - 0x000007fa6915a000 	C:\Windows\SYSTEM32\CRYPTSP.dll
0x000007fa68de0000 - 0x000007fa68e2b000 	C:\Windows\system32\rsaenh.dll
0x000007fa69960000 - 0x000007fa6997f000 	C:\Windows\system32\USERENV.dll
0x0000000067ee0000 - 0x0000000067efa000 	C:\Program Files\Java\jdk1.8.0_31\jre\bin\net.dll
0x000007fa690e0000 - 0x000007fa6913c000 	C:\Windows\system32\mswsock.dll
0x000007fa638c0000 - 0x000007fa638ea000 	C:\Windows\SYSTEM32\IPHLPAPI.DLL
0x000007fa638a0000 - 0x000007fa638aa000 	C:\Windows\SYSTEM32\WINNSI.DLL
0x000007fa633b0000 - 0x000007fa633c3000 	C:\Windows\SYSTEM32\dhcpcsvc6.DLL
0x000007fa633f0000 - 0x000007fa63408000 	C:\Windows\SYSTEM32\dhcpcsvc.DLL
0x0000000067ec0000 - 0x0000000067ed1000 	C:\Program Files\Java\jdk1.8.0_31\jre\bin\nio.dll
0x000007fa5a090000 - 0x000007fa5a1f3000 	C:\Windows\SYSTEM32\dbghelp.dll

VM Arguments:
jvm_args: -Dfile.encoding=UTF-8 -Djava.library.path=lib/natives/ 
java_command: SpaceInvaders_V4.Main.Game
java_class_path (initial): C:\Users\Bee-Jay\OneDrive\Courses\CIS-18B Java Objects\WarfieldBrian_CSC18B_42029\Project\space_invaders\SpaceInvaders_solo\lib\jars\lwjgl.jar;C:\Users\Bee-Jay\OneDrive\Courses\CIS-18B Java Objects\WarfieldBrian_CSC18B_42029\Project\space_invaders\SpaceInvaders_solo\lib\jars\lwjgl_util.jar;C:\Users\Bee-Jay\OneDrive\Courses\CIS-18B Java Objects\WarfieldBrian_CSC18B_42029\Project\space_invaders\SpaceInvaders_solo\lib\jars\jglfw.jar;C:\Users\Bee-Jay\OneDrive\Courses\CIS-18B Java Objects\WarfieldBrian_CSC18B_42029\Project\space_invaders\SpaceInvaders_solo\lib\jars\jglfw-natives.jar;C:\Users\Bee-Jay\OneDrive\Courses\CIS-18B Java Objects\WarfieldBrian_CSC18B_42029\Project\space_invaders\SpaceInvaders_solo\lib\jars\slick-util.jar;C:\Users\Bee-Jay\OneDrive\Courses\CIS-18B Java Objects\WarfieldBrian_CSC18B_42029\Project\space_invaders\SpaceInvaders_solo\lib\jars\json-simple-1.1.1.jar;C:\Users\Bee-Jay\OneDrive\Courses\CIS-18B Java Objects\WarfieldBrian_CSC18B_42029\Project\space_invaders\SpaceInvaders_solo\lib\absolutelayout\AbsoluteLayout.jar;C:\Users\Bee-Jay\OneDrive\Courses\CIS-18B Java Objects\WarfieldBrian_CSC18B_42029\Project\space_invaders\SpaceInvaders_solo\build\classes
Launcher Type: SUN_STANDARD

Environment Variables:
PATH=C:\ProgramData\Oracle\Java\javapath;C:\Program Files (x86)\NVIDIA Corporation\PhysX\Common;C:\Windows\system32;C:\Windows;C:\Windows\System32\Wbem;C:\Windows\System32\WindowsPowerShell\v1.0\;C:\Program Files (x86)\QuickTime\QTSystem\;C:\Users\Bee-Jay\Desktop\App Dump\exercism;C:\Program Files\nodejs\;C:\Program Files (x86)\AAC Audiobook Creator\Tools\SSA;C:\Users\Bee-Jay\AppData\Roaming\npm;C:\Program Files (x86)\AAC Audiobook Creator\Tools\SSA;C:\Program Files\Java\jdk1.8.0_40\bin;C:\Program Files (x86)\gradle-2.3\bin;
USERNAME=Bee-Jay
OS=Windows_NT
PROCESSOR_IDENTIFIER=Intel64 Family 6 Model 23 Stepping 6, GenuineIntel



---------------  S Y S T E M  ---------------

OS: Windows 8 , 64 bit Build 9200 

CPU:total 2 (2 cores per cpu, 1 threads per core) family 6 model 23 stepping 6, cmov, cx8, fxsr, mmx, sse, sse2, sse3, ssse3, sse4.1, tsc

Memory: 4k page, physical 4191712k(1660308k free), swap 11269600k(7721176k free)

vm_info: Java HotSpot(TM) 64-Bit Server VM (25.31-b07) for windows-amd64 JRE (1.8.0_31-b13), built on Dec 17 2014 21:00:28 by "java_re" with MS VC++ 10.0 (VS2010)

time: Wed Jun 03 04:29:50 2015
elapsed time: 1 seconds (0d 0h 0m 1s)

