#
# A fatal error has been detected by the Java Runtime Environment:
#
#  EXCEPTION_ACCESS_VIOLATION (0xc0000005) at pc=0xffffffffa30d5120, pid=5460, tid=3196
#
# JRE version: Java(TM) SE Runtime Environment (8.0_31-b13) (build 1.8.0_31-b13)
# Java VM: Java HotSpot(TM) 64-Bit Server VM (25.31-b07 mixed mode windows-amd64 compressed oops)
# Problematic frame:
# C  0xffffffffa30d5120
#
# Failed to write core dump. Minidumps are not enabled by default on client versions of Windows
#
# If you would like to submit a bug report, please visit:
#   http://bugreport.java.com/bugreport/crash.jsp
#

---------------  T H R E A D  ---------------

Current thread (0x0000000001fd0800):  JavaThread "main" [_thread_in_Java, id=3196, stack(0x0000000001bf0000,0x0000000001cf0000)]

siginfo: ExceptionCode=0xc0000005, ExceptionInformation=0x0000000000000008 0xffffffffa30d5120

Registers:
RAX=0x0000000013c20488, RBX=0x0000000013c20488, RCX=0x00000000eabe9148, RDX=0x00000000eabe9148
RSP=0x0000000001cec5f8, RBP=0x0000000001cec658, RSI=0x00000000200039a3, RDI=0x000000000000000a
R8 =0x0000000000000148, R9 =0x00000000000000b1, R10=0x00000000688462c0, R11=0x00000000021cfc00
R12=0x0000000000000000, R13=0x0000000001cec610, R14=0x0000000001cec688, R15=0x0000000001fd0800
RIP=0xffffffffa30d5120, EFLAGS=0x0000000000010206

Top of Stack: (sp=0x0000000001cec5f8)
0x0000000001cec5f8:   00000000020d7a2d 0000000001cec660
0x0000000001cec608:   00000000020d7a2d 00000000eabe9148
0x0000000001cec618:   0000000001cec618 0000000013d0c539
0x0000000001cec628:   0000000001cec688 0000000013d0ca08
0x0000000001cec638:   0000000000000000 0000000013d0c560
0x0000000001cec648:   0000000001cec610 0000000001cec668
0x0000000001cec658:   0000000001cec6d8 00000000020d7a2d
0x0000000001cec668:   0000000000000000 00000000eabc7c00
0x0000000001cec678:   00000000eabcf3c0 000000007406cbfe
0x0000000001cec688:   00000000eabe9148 00000000eabe9148
0x0000000001cec698:   0000000001cec698 0000000013d0b009
0x0000000001cec6a8:   0000000001cec708 0000000013d0b650
0x0000000001cec6b8:   0000000000000000 0000000013d0b018
0x0000000001cec6c8:   0000000001cec668 0000000001cec6e8
0x0000000001cec6d8:   0000000001cec760 00000000020d77b0
0x0000000001cec6e8:   0000000000000000 00000000eabc7c00 

Instructions: (pc=0xffffffffa30d5120)
0xffffffffa30d5100:   
[error occurred during error reporting (printing registers, top of stack, instructions near pc), id 0xc0000005]

Register to memory mapping:

RAX={method} {0x0000000013c20490} '<init>' '()V' in 'java/lang/Object'
RBX={method} {0x0000000013c20490} '<init>' '()V' in 'java/lang/Object'
RCX=0x00000000eabe9148 is an oop
java.util.HashMap$Node 
 - klass: 'java/util/HashMap$Node'
RDX=0x00000000eabe9148 is an oop
java.util.HashMap$Node 
 - klass: 'java/util/HashMap$Node'
RSP=0x0000000001cec5f8 is pointing into the stack for thread: 0x0000000001fd0800
RBP=0x0000000001cec658 is pointing into the stack for thread: 0x0000000001fd0800
RSI=0x00000000200039a3 is an unknown value
RDI=0x000000000000000a is an unknown value
R8 =0x0000000000000148 is an unknown value
R9 =0x00000000000000b1 is an unknown value
R10=0x00000000688462c0 is an unknown value
R11=0x00000000021cfc00 is at entry_point+32 in (nmethod*)0x00000000021cfa90
R12=0x0000000000000000 is an unknown value
R13=0x0000000001cec610 is pointing into the stack for thread: 0x0000000001fd0800
R14=0x0000000001cec688 is pointing into the stack for thread: 0x0000000001fd0800
R15=0x0000000001fd0800 is a thread


Stack: [0x0000000001bf0000,0x0000000001cf0000],  sp=0x0000000001cec5f8,  free space=1009k
Native frames: (J=compiled Java code, j=interpreted, Vv=VM code, C=native code)
C  0xffffffffa30d5120


---------------  P R O C E S S  ---------------

Java Threads: ( => current thread )
  0x00000000145dc800 JavaThread "Service Thread" daemon [_thread_blocked, id=3692, stack(0x00000000156b0000,0x00000000157b0000)]
  0x000000001457c000 JavaThread "C1 CompilerThread1" daemon [_thread_blocked, id=5380, stack(0x00000000155b0000,0x00000000156b0000)]
  0x0000000014575000 JavaThread "C2 CompilerThread0" daemon [_thread_blocked, id=2868, stack(0x00000000154b0000,0x00000000155b0000)]
  0x0000000014573000 JavaThread "Attach Listener" daemon [_thread_blocked, id=5368, stack(0x00000000153b0000,0x00000000154b0000)]
  0x000000001457f800 JavaThread "Signal Dispatcher" daemon [_thread_blocked, id=5324, stack(0x00000000152b0000,0x00000000153b0000)]
  0x0000000014538800 JavaThread "Finalizer" daemon [_thread_blocked, id=4016, stack(0x00000000151b0000,0x00000000152b0000)]
  0x0000000014530800 JavaThread "Reference Handler" daemon [_thread_blocked, id=5536, stack(0x00000000150b0000,0x00000000151b0000)]
=>0x0000000001fd0800 JavaThread "main" [_thread_in_Java, id=3196, stack(0x0000000001bf0000,0x0000000001cf0000)]

Other Threads:
  0x000000001452c000 VMThread [stack: 0x0000000014fb0000,0x00000000150b0000] [id=1300]
  0x00000000145fe000 WatcherThread [stack: 0x00000000157b0000,0x00000000158b0000] [id=4508]

VM state:not at safepoint (normal execution)

VM Mutex/Monitor currently owned by a thread: None

Heap:
 PSYoungGen      total 18944K, used 1311K [0x00000000eab00000, 0x00000000ec000000, 0x0000000100000000)
  eden space 16384K, 8% used [0x00000000eab00000,0x00000000eac47ce8,0x00000000ebb00000)
  from space 2560K, 0% used [0x00000000ebd80000,0x00000000ebd80000,0x00000000ec000000)
  to   space 2560K, 0% used [0x00000000ebb00000,0x00000000ebb00000,0x00000000ebd80000)
 ParOldGen       total 44032K, used 0K [0x00000000c0000000, 0x00000000c2b00000, 0x00000000eab00000)
  object space 44032K, 0% used [0x00000000c0000000,0x00000000c0000000,0x00000000c2b00000)
 Metaspace       used 2529K, capacity 4480K, committed 4480K, reserved 1056768K
  class space    used 274K, capacity 384K, committed 384K, reserved 1048576K

Card table byte_map: [0x0000000011490000,0x00000000116a0000] byte_map_base: 0x0000000010e90000

Marking Bits: (ParMarkBitMap*) 0x000000006885d4f0
 Begin Bits: [0x0000000011a00000, 0x0000000012a00000)
 End Bits:   [0x0000000012a00000, 0x0000000013a00000)

Polling page: 0x0000000000380000

CodeCache: size=245760Kb used=1125Kb max_used=1125Kb free=244634Kb
 bounds [0x00000000020d0000, 0x0000000002340000, 0x00000000110d0000]
 total_blobs=261 nmethods=31 adapters=146
 compilation: enabled

Compilation events (10 events):
Event: 0.086 Thread 0x000000001457c000   29       3       java.io.DataInputStream::readShort (40 bytes)
Event: 0.087 Thread 0x000000001457c000 nmethod 29 0x00000000021e8110 code [0x00000000021e82a0, 0x00000000021e8648]
Event: 0.087 Thread 0x000000001457c000   24       3       java.io.DataInputStream::readUTF (5 bytes)
Event: 0.087 Thread 0x000000001457c000 nmethod 24 0x00000000021e8790 code [0x00000000021e8900, 0x00000000021e8a88]
Event: 0.087 Thread 0x000000001457c000   25       3       java.io.DataInputStream::readUnsignedShort (39 bytes)
Event: 0.087 Thread 0x000000001457c000 nmethod 25 0x00000000021e8b10 code [0x00000000021e8ca0, 0x00000000021e9048]
Event: 0.087 Thread 0x000000001457c000   30       3       java.io.DataInputStream::readFully (9 bytes)
Event: 0.087 Thread 0x000000001457c000 nmethod 30 0x00000000021e9190 code [0x00000000021e9300, 0x00000000021e9528]
Event: 0.087 Thread 0x000000001457c000   31       1       java.lang.Object::<init> (1 bytes)
Event: 0.087 Thread 0x000000001457c000 nmethod 31 0x00000000021e9610 code [0x00000000021e9760, 0x00000000021e9870]

GC Heap History (0 events):
No events

Deoptimization events (0 events):
No events

Internal exceptions (3 events):
Event: 0.034 Thread 0x0000000001fd0800 Exception <a 'java/lang/NoSuchMethodError': Method sun.misc.Unsafe.defineClass(Ljava/lang/String;[BII)Ljava/lang/Class; name or signature does not match> (0x00000000eab0c980) thrown at [C:\workspace\8-2-build-windows-amd64-cygwin\jdk8u31\2394\hotspot\src\s¶7K³­¡?
Event: 0.035 Thread 0x0000000001fd0800 Exception <a 'java/lang/NoSuchMethodError': Method sun.misc.Unsafe.prefetchRead(Ljava/lang/Object;J)V name or signature does not match> (0x00000000eab0cc10) thrown at [C:\workspace\8-2-build-windows-amd64-cygwin\jdk8u31\2394\hotspot\src\share\vm\prims\jni.ŽÂç«Œ³?
Event: 0.076 Thread 0x0000000001fd0800 Exception <a 'java/security/PrivilegedActionException'> (0x00000000eabb98c8) thrown at [C:\workspace\8-2-build-windows-amd64-cygwin\jdk8u31\2394\hotspot\src\share\vm\prims\jvm.cpp, line 1312]

Events (10 events):
Event: 0.082 loading class sun/util/calendar/ZoneInfo
Event: 0.082 loading class sun/util/calendar/ZoneInfo done
Event: 0.082 loading class sun/util/calendar/ZoneInfoFile
Event: 0.082 loading class sun/util/calendar/ZoneInfoFile done
Event: 0.083 loading class sun/util/calendar/ZoneInfoFile$1
Event: 0.083 loading class sun/util/calendar/ZoneInfoFile$1 done
Event: 0.083 loading class java/io/DataInputStream
Event: 0.083 loading class java/io/DataInput
Event: 0.083 loading class java/io/DataInput done
Event: 0.083 loading class java/io/DataInputStream done


Dynamic libraries:
0x000007f666cf0000 - 0x000007f666d24000 	C:\Program Files\Java\jdk1.8.0_31\bin\java.exe
0x000007fa6ca20000 - 0x000007fa6cbdd000 	C:\Windows\SYSTEM32\ntdll.dll
0x000007fa6a920000 - 0x000007fa6aa57000 	C:\Windows\system32\KERNEL32.DLL
0x000007fa69980000 - 0x000007fa69a74000 	C:\Windows\system32\KERNELBASE.dll
0x000007fa6ad40000 - 0x000007fa6ae1e000 	C:\Windows\system32\ADVAPI32.dll
0x000007fa6a5b0000 - 0x000007fa6a6fc000 	C:\Windows\system32\USER32.dll
0x000007fa65ad0000 - 0x000007fa65d3a000 	C:\Windows\WinSxS\amd64_microsoft.windows.common-controls_6595b64144ccf1df_6.0.9200.17321_none_41866eeb718ed8b9\COMCTL32.dll
0x000007fa6ab10000 - 0x000007fa6abb5000 	C:\Windows\system32\msvcrt.dll
0x000007fa6a8d0000 - 0x000007fa6a918000 	C:\Windows\SYSTEM32\sechost.dll
0x000007fa6b1c0000 - 0x000007fa6b305000 	C:\Windows\system32\RPCRT4.dll
0x000007fa6c8d0000 - 0x000007fa6ca11000 	C:\Windows\system32\GDI32.dll
0x000007fa6b0e0000 - 0x000007fa6b119000 	C:\Windows\system32\IMM32.DLL
0x000007fa6a490000 - 0x000007fa6a5a5000 	C:\Windows\system32\MSCTF.dll
0x0000000067fa0000 - 0x0000000068072000 	C:\Program Files\Java\jdk1.8.0_31\jre\bin\msvcr100.dll
0x0000000068080000 - 0x00000000688da000 	C:\Program Files\Java\jdk1.8.0_31\jre\bin\server\jvm.dll
0x000007fa62900000 - 0x000007fa62909000 	C:\Windows\SYSTEM32\WSOCK32.dll
0x000007fa65490000 - 0x000007fa654b0000 	C:\Windows\SYSTEM32\WINMM.dll
0x000007fa6c8b0000 - 0x000007fa6c8b7000 	C:\Windows\system32\PSAPI.DLL
0x000007fa6b310000 - 0x000007fa6b368000 	C:\Windows\system32\WS2_32.dll
0x000007fa65100000 - 0x000007fa65133000 	C:\Windows\SYSTEM32\WINMMBASE.dll
0x000007fa6c670000 - 0x000007fa6c679000 	C:\Windows\system32\NSI.dll
0x000007fa69a80000 - 0x000007fa69acf000 	C:\Windows\SYSTEM32\cfgmgr32.dll
0x000007fa69dc0000 - 0x000007fa69de2000 	C:\Windows\system32\DEVOBJ.dll
0x0000000067f50000 - 0x0000000067f5f000 	C:\Program Files\Java\jdk1.8.0_31\jre\bin\verify.dll
0x0000000067f20000 - 0x0000000067f48000 	C:\Program Files\Java\jdk1.8.0_31\jre\bin\java.dll
0x0000000067f00000 - 0x0000000067f16000 	C:\Program Files\Java\jdk1.8.0_31\jre\bin\zip.dll
0x000007fa6b370000 - 0x000007fa6c655000 	C:\Windows\system32\SHELL32.dll
0x000007fa6a720000 - 0x000007fa6a8d0000 	C:\Windows\SYSTEM32\combase.dll
0x000007fa6ae20000 - 0x000007fa6ae70000 	C:\Windows\system32\SHLWAPI.dll
0x000007fa68a70000 - 0x000007fa68b06000 	C:\Windows\SYSTEM32\SHCORE.dll
0x000007fa69920000 - 0x000007fa69935000 	C:\Windows\system32\profapi.dll
0x000007fa5a090000 - 0x000007fa5a1f3000 	C:\Windows\SYSTEM32\dbghelp.dll

VM Arguments:
jvm_args: -Dfile.encoding=UTF-8 -Djava.library.path=lib/natives/ 
java_command: SpaceInvaders_V4.Main.Game
java_class_path (initial): C:\Users\Bee-Jay\OneDrive\Courses\CIS-18B Java Objects\WarfieldBrian_CSC18B_42029\Project\space_invaders\SpaceInvaders_solo\lib\jars\lwjgl.jar;C:\Users\Bee-Jay\OneDrive\Courses\CIS-18B Java Objects\WarfieldBrian_CSC18B_42029\Project\space_invaders\SpaceInvaders_solo\lib\jars\lwjgl_util.jar;C:\Users\Bee-Jay\OneDrive\Courses\CIS-18B Java Objects\WarfieldBrian_CSC18B_42029\Project\space_invaders\SpaceInvaders_solo\lib\jars\jglfw.jar;C:\Users\Bee-Jay\OneDrive\Courses\CIS-18B Java Objects\WarfieldBrian_CSC18B_42029\Project\space_invaders\SpaceInvaders_solo\lib\jars\jglfw-natives.jar;C:\Users\Bee-Jay\OneDrive\Courses\CIS-18B Java Objects\WarfieldBrian_CSC18B_42029\Project\space_invaders\SpaceInvaders_solo\lib\jars\slick-util.jar;C:\Users\Bee-Jay\OneDrive\Courses\CIS-18B Java Objects\WarfieldBrian_CSC18B_42029\Project\space_invaders\SpaceInvaders_solo\lib\jars\json-simple-1.1.1.jar;C:\Users\Bee-Jay\OneDrive\Courses\CIS-18B Java Objects\WarfieldBrian_CSC18B_42029\Project\space_invaders\SpaceInvaders_solo\lib\absolutelayout\AbsoluteLayout.jar;C:\Users\Bee-Jay\OneDrive\Courses\CIS-18B Java Objects\WarfieldBrian_CSC18B_42029\Project\space_invaders\SpaceInvaders_solo\build\classes
Launcher Type: SUN_STANDARD

Environment Variables:
PATH=C:\ProgramData\Oracle\Java\javapath;C:\Program Files (x86)\NVIDIA Corporation\PhysX\Common;C:\Windows\system32;C:\Windows;C:\Windows\System32\Wbem;C:\Windows\System32\WindowsPowerShell\v1.0\;C:\Program Files (x86)\QuickTime\QTSystem\;C:\Users\Bee-Jay\Desktop\App Dump\exercism;C:\Program Files\nodejs\;C:\Program Files (x86)\AAC Audiobook Creator\Tools\SSA;C:\Users\Bee-Jay\AppData\Roaming\npm;C:\Program Files (x86)\AAC Audiobook Creator\Tools\SSA;C:\Program Files\Java\jdk1.8.0_40\bin;C:\Program Files (x86)\gradle-2.3\bin;
USERNAME=Bee-Jay
OS=Windows_NT
PROCESSOR_IDENTIFIER=Intel64 Family 6 Model 23 Stepping 6, GenuineIntel



---------------  S Y S T E M  ---------------

OS: Windows 8 , 64 bit Build 9200 

CPU:total 2 (2 cores per cpu, 1 threads per core) family 6 model 23 stepping 6, cmov, cx8, fxsr, mmx, sse, sse2, sse3, ssse3, sse4.1, tsc

Memory: 4k page, physical 4191712k(1330124k free), swap 11269600k(7331312k free)

vm_info: Java HotSpot(TM) 64-Bit Server VM (25.31-b07) for windows-amd64 JRE (1.8.0_31-b13), built on Dec 17 2014 21:00:28 by "java_re" with MS VC++ 10.0 (VS2010)

time: Fri May 29 07:39:39 2015
elapsed time: 0 seconds (0d 0h 0m 0s)

