#
# A fatal error has been detected by the Java Runtime Environment:
#
#  EXCEPTION_ACCESS_VIOLATION (0xc0000005) at pc=0xffffffffa3365120, pid=2632, tid=4804
#
# JRE version: Java(TM) SE Runtime Environment (8.0_31-b13) (build 1.8.0_31-b13)
# Java VM: Java HotSpot(TM) 64-Bit Server VM (25.31-b07 mixed mode windows-amd64 compressed oops)
# Problematic frame:
# C  0xffffffffa3365120
#
# Failed to write core dump. Minidumps are not enabled by default on client versions of Windows
#
# If you would like to submit a bug report, please visit:
#   http://bugreport.java.com/bugreport/crash.jsp
#

---------------  T H R E A D  ---------------

Current thread (0x0000000002260800):  JavaThread "main" [_thread_in_Java, id=4804, stack(0x0000000001d90000,0x0000000001e90000)]

siginfo: ExceptionCode=0xc0000005, ExceptionInformation=0x0000000000000008 0xffffffffa3365120

Registers:
RAX=0x0000000019da0f50, RBX=0x0000000019da0f50, RCX=0x0000000019da1218, RDX=0x00000000023676e0
RSP=0x0000000001e8f628, RBP=0x0000000001e8f678, RSI=0x0000000019da1588, RDI=0x0000000000000fe8
R8 =0x0000000001e8f558, R9 =0x0000000001e8f620, R10=0x00000000688462c0, R11=0x0000000002618640
R12=0x0000000000000000, R13=0x0000000001e8f638, R14=0x0000000001e8f6d0, R15=0x0000000002260800
RIP=0xffffffffa3365120, EFLAGS=0x0000000000010206

Top of Stack: (sp=0x0000000001e8f628)
0x0000000001e8f628:   00000000023676e0 00000000023676e0
0x0000000001e8f638:   0000000001e8f638 0000000019da0ff3
0x0000000001e8f648:   0000000001e8f6d0 0000000019da1218
0x0000000001e8f658:   0000000000000000 0000000019da1190
0x0000000001e8f668:   0000000001e8f638 0000000001e8f6d0
0x0000000001e8f678:   0000000001e8f718 0000000002367a2d
0x0000000001e8f688:   0000000000000000 3f90f23a461a0f80
0x0000000001e8f698:   0000000000000000 0000000000000000
0x0000000001e8f6a8:   0000000000000000 3f54c0c8fa210a81
0x0000000001e8f6b8:   0000000000000000 3f91111111111111
0x0000000001e8f6c8:   0000000000000000 000000000000003c
0x0000000001e8f6d8:   0000000001e8f6d8 000000001429d8fe
0x0000000001e8f6e8:   0000000001e8f768 000000001429e1a0
0x0000000001e8f6f8:   0000000000000000 000000001429d990
0x0000000001e8f708:   0000000001e8f6d0 0000000001e8f768
0x0000000001e8f718:   0000000001e8f7b0 0000000002367a2d 

Instructions: (pc=0xffffffffa3365120)
0xffffffffa3365100:   
[error occurred during error reporting (printing registers, top of stack, instructions near pc), id 0xc0000005]

Register to memory mapping:

RAX={method} {0x0000000019da0f58} 'getTime' '()D' in 'SpaceInvaders_V4/Util/SystemTimer'
RBX={method} {0x0000000019da0f58} 'getTime' '()D' in 'SpaceInvaders_V4/Util/SystemTimer'
RCX=0x0000000019da1218 is pointing into metadata
RDX=0x00000000023676e0 is at code_begin+1248 in an Interpreter codelet
invoke return entry points  [0x0000000002367200, 0x0000000002367b00]  2304 bytes
RSP=0x0000000001e8f628 is pointing into the stack for thread: 0x0000000002260800
RBP=0x0000000001e8f678 is pointing into the stack for thread: 0x0000000002260800
RSI=0x0000000019da1588 is pointing into metadata
RDI=0x0000000000000fe8 is an unknown value
R8 =0x0000000001e8f558 is pointing into the stack for thread: 0x0000000002260800
R9 =0x0000000001e8f620 is pointing into the stack for thread: 0x0000000002260800
R10=0x00000000688462c0 is an unknown value
R11=0x0000000002618640 is at entry_point+0 in (nmethod*)0x00000000026184d0
R12=0x0000000000000000 is an unknown value
R13=0x0000000001e8f638 is pointing into the stack for thread: 0x0000000002260800
R14=0x0000000001e8f6d0 is pointing into the stack for thread: 0x0000000002260800
R15=0x0000000002260800 is a thread


Stack: [0x0000000001d90000,0x0000000001e90000],  sp=0x0000000001e8f628,  free space=1021k
Native frames: (J=compiled Java code, j=interpreted, Vv=VM code, C=native code)
C  0xffffffffa3365120


---------------  P R O C E S S  ---------------

Java Threads: ( => current thread )
  0x0000000018f9a000 JavaThread "D3D Screen Updater" daemon [_thread_blocked, id=6008, stack(0x0000000019940000,0x0000000019a40000)]
  0x0000000015f19800 JavaThread "AWT-EventQueue-0" [_thread_blocked, id=3368, stack(0x0000000019740000,0x0000000019840000)]
  0x0000000015ee0800 JavaThread "AWT-Windows" daemon [_thread_in_native, id=936, stack(0x0000000016720000,0x0000000016820000)]
  0x0000000015ede800 JavaThread "AWT-Shutdown" [_thread_blocked, id=3276, stack(0x0000000016620000,0x0000000016720000)]
  0x0000000015edb800 JavaThread "Java2D Disposer" daemon [_thread_blocked, id=2188, stack(0x0000000016520000,0x0000000016620000)]
  0x0000000014848800 JavaThread "Service Thread" daemon [_thread_blocked, id=5520, stack(0x0000000015920000,0x0000000015a20000)]
  0x00000000147ec800 JavaThread "C1 CompilerThread1" daemon [_thread_blocked, id=5908, stack(0x0000000015820000,0x0000000015920000)]
  0x00000000147e9000 JavaThread "C2 CompilerThread0" daemon [_thread_blocked, id=3636, stack(0x0000000015720000,0x0000000015820000)]
  0x00000000147e7000 JavaThread "Attach Listener" daemon [_thread_blocked, id=4976, stack(0x0000000015620000,0x0000000015720000)]
  0x00000000147e4000 JavaThread "Signal Dispatcher" daemon [_thread_blocked, id=4572, stack(0x0000000015520000,0x0000000015620000)]
  0x00000000147a8800 JavaThread "Finalizer" daemon [_thread_blocked, id=4604, stack(0x0000000015420000,0x0000000015520000)]
  0x00000000147a0800 JavaThread "Reference Handler" daemon [_thread_blocked, id=5748, stack(0x0000000015320000,0x0000000015420000)]
=>0x0000000002260800 JavaThread "main" [_thread_in_Java, id=4804, stack(0x0000000001d90000,0x0000000001e90000)]

Other Threads:
  0x000000001479c000 VMThread [stack: 0x0000000015220000,0x0000000015320000] [id=1656]
  0x0000000014853800 WatcherThread [stack: 0x0000000015a20000,0x0000000015b20000] [id=236]

VM state:not at safepoint (normal execution)

VM Mutex/Monitor currently owned by a thread: None

Heap:
 PSYoungGen      total 35328K, used 11630K [0x00000000eab00000, 0x00000000ed000000, 0x0000000100000000)
  eden space 32768K, 27% used [0x00000000eab00000,0x00000000eb3e2780,0x00000000ecb00000)
  from space 2560K, 98% used [0x00000000ecd80000,0x00000000ecff9450,0x00000000ed000000)
  to   space 2560K, 0% used [0x00000000ecb00000,0x00000000ecb00000,0x00000000ecd80000)
 ParOldGen       total 44032K, used 24169K [0x00000000c0000000, 0x00000000c2b00000, 0x00000000eab00000)
  object space 44032K, 54% used [0x00000000c0000000,0x00000000c179a710,0x00000000c2b00000)
 Metaspace       used 10113K, capacity 10282K, committed 10496K, reserved 1058816K
  class space    used 1169K, capacity 1219K, committed 1280K, reserved 1048576K

Card table byte_map: [0x0000000011720000,0x0000000011930000] byte_map_base: 0x0000000011120000

Marking Bits: (ParMarkBitMap*) 0x000000006885d4f0
 Begin Bits: [0x0000000011c90000, 0x0000000012c90000)
 End Bits:   [0x0000000012c90000, 0x0000000013c90000)

Polling page: 0x0000000001ca0000

CodeCache: size=245760Kb used=2860Kb max_used=2871Kb free=242899Kb
 bounds [0x0000000002360000, 0x0000000002630000, 0x0000000011360000]
 total_blobs=1192 nmethods=714 adapters=393
 compilation: enabled

Compilation events (10 events):
Event: 1.618 Thread 0x00000000147ec800  711       3       sun.java2d.d3d.D3DSurfaceData::getContext (5 bytes)
Event: 1.618 Thread 0x00000000147ec800 nmethod 711 0x00000000026253d0 code [0x0000000002625540, 0x0000000002625790]
Event: 1.618 Thread 0x00000000147ec800  712       3       sun.java2d.d3d.D3DSurfaceDataProxy::isSupportedOperation (19 bytes)
Event: 1.618 Thread 0x00000000147ec800 nmethod 712 0x0000000002625010 code [0x0000000002625160, 0x0000000002625350]
Event: 1.635 Thread 0x00000000147ec800  713       3       sun.java2d.pipe.Region::dimAdd (20 bytes)
Event: 1.635 Thread 0x00000000147ec800 nmethod 713 0x0000000002624c50 code [0x0000000002624da0, 0x0000000002624f70]
Event: 1.635 Thread 0x00000000147ec800  714       3       sun.java2d.pipe.BufferedContext::setSurfaces (49 bytes)
Event: 1.636 Thread 0x00000000147ec800 nmethod 714 0x000000000262a8d0 code [0x000000000262aac0, 0x000000000262b888]
Event: 1.650 Thread 0x00000000147e9000  715       4       SpaceInvaders_V4.Util.SystemTimer::getTime (4 bytes)
Event: 1.651 Thread 0x00000000147e9000 nmethod 715 0x000000000262eb10 code [0x000000000262ec60, 0x000000000262ecc8]

GC Heap History (8 events):
Event: 1.045 GC heap before
{Heap before GC invocations=1 (full 0):
 PSYoungGen      total 18944K, used 16085K [0x00000000eab00000, 0x00000000ec000000, 0x0000000100000000)
  eden space 16384K, 98% used [0x00000000eab00000,0x00000000ebab57c0,0x00000000ebb00000)
  from space 2560K, 0% used [0x00000000ebd80000,0x00000000ebd80000,0x00000000ec000000)
  to   space 2560K, 0% used [0x00000000ebb00000,0x00000000ebb00000,0x00000000ebd80000)
 ParOldGen       total 44032K, used 0K [0x00000000c0000000, 0x00000000c2b00000, 0x00000000eab00000)
  object space 44032K, 0% used [0x00000000c0000000,0x00000000c0000000,0x00000000c2b00000)
 Metaspace       used 9888K, capacity 10090K, committed 10240K, reserved 1058816K
  class space    used 1154K, capacity 1219K, committed 1280K, reserved 1048576K
Event: 1.052 GC heap after
Heap after GC invocations=1 (full 0):
 PSYoungGen      total 18944K, used 2528K [0x00000000eab00000, 0x00000000ec000000, 0x0000000100000000)
  eden space 16384K, 0% used [0x00000000eab00000,0x00000000eab00000,0x00000000ebb00000)
  from space 2560K, 98% used [0x00000000ebb00000,0x00000000ebd78030,0x00000000ebd80000)
  to   space 2560K, 0% used [0x00000000ebd80000,0x00000000ebd80000,0x00000000ec000000)
 ParOldGen       total 44032K, used 2607K [0x00000000c0000000, 0x00000000c2b00000, 0x00000000eab00000)
  object space 44032K, 5% used [0x00000000c0000000,0x00000000c028bcb0,0x00000000c2b00000)
 Metaspace       used 9888K, capacity 10090K, committed 10240K, reserved 1058816K
  class space    used 1154K, capacity 1219K, committed 1280K, reserved 1048576K
}
Event: 1.197 GC heap before
{Heap before GC invocations=2 (full 0):
 PSYoungGen      total 18944K, used 18906K [0x00000000eab00000, 0x00000000ec000000, 0x0000000100000000)
  eden space 16384K, 99% used [0x00000000eab00000,0x00000000ebafe918,0x00000000ebb00000)
  from space 2560K, 98% used [0x00000000ebb00000,0x00000000ebd78030,0x00000000ebd80000)
  to   space 2560K, 0% used [0x00000000ebd80000,0x00000000ebd80000,0x00000000ec000000)
 ParOldGen       total 44032K, used 2607K [0x00000000c0000000, 0x00000000c2b00000, 0x00000000eab00000)
  object space 44032K, 5% used [0x00000000c0000000,0x00000000c028bcb0,0x00000000c2b00000)
 Metaspace       used 10046K, capacity 10218K, committed 10496K, reserved 1058816K
  class space    used 1167K, capacity 1219K, committed 1280K, reserved 1048576K
Event: 1.207 GC heap after
Heap after GC invocations=2 (full 0):
 PSYoungGen      total 18944K, used 2549K [0x00000000eab00000, 0x00000000ed000000, 0x0000000100000000)
  eden space 16384K, 0% used [0x00000000eab00000,0x00000000eab00000,0x00000000ebb00000)
  from space 2560K, 99% used [0x00000000ebd80000,0x00000000ebffd460,0x00000000ec000000)
  to   space 2560K, 0% used [0x00000000ebb00000,0x00000000ebb00000,0x00000000ebd80000)
 ParOldGen       total 44032K, used 8444K [0x00000000c0000000, 0x00000000c2b00000, 0x00000000eab00000)
  object space 44032K, 19% used [0x00000000c0000000,0x00000000c083f320,0x00000000c2b00000)
 Metaspace       used 10046K, capacity 10218K, committed 10496K, reserved 1058816K
  class space    used 1167K, capacity 1219K, committed 1280K, reserved 1048576K
}
Event: 1.352 GC heap before
{Heap before GC invocations=3 (full 0):
 PSYoungGen      total 18944K, used 18264K [0x00000000eab00000, 0x00000000ed000000, 0x0000000100000000)
  eden space 16384K, 95% used [0x00000000eab00000,0x00000000eba58c98,0x00000000ebb00000)
  from space 2560K, 99% used [0x00000000ebd80000,0x00000000ebffd460,0x00000000ec000000)
  to   space 2560K, 0% used [0x00000000ebb00000,0x00000000ebb00000,0x00000000ebd80000)
 ParOldGen       total 44032K, used 8444K [0x00000000c0000000, 0x00000000c2b00000, 0x00000000eab00000)
  object space 44032K, 19% used [0x00000000c0000000,0x00000000c083f320,0x00000000c2b00000)
 Metaspace       used 10050K, capacity 10218K, committed 10496K, reserved 1058816K
  class space    used 1168K, capacity 1219K, committed 1280K, reserved 1048576K
Event: 1.363 GC heap after
Heap after GC invocations=3 (full 0):
 PSYoungGen      total 18944K, used 2533K [0x00000000eab00000, 0x00000000ed000000, 0x0000000100000000)
  eden space 16384K, 0% used [0x00000000eab00000,0x00000000eab00000,0x00000000ebb00000)
  from space 2560K, 98% used [0x00000000ebb00000,0x00000000ebd79450,0x00000000ebd80000)
  to   space 2560K, 0% used [0x00000000ecd80000,0x00000000ecd80000,0x00000000ed000000)
 ParOldGen       total 44032K, used 24145K [0x00000000c0000000, 0x00000000c2b00000, 0x00000000eab00000)
  object space 44032K, 54% used [0x00000000c0000000,0x00000000c1794710,0x00000000c2b00000)
 Metaspace       used 10050K, capacity 10218K, committed 10496K, reserved 1058816K
  class space    used 1168K, capacity 1219K, committed 1280K, reserved 1048576K
}
Event: 1.405 GC heap before
{Heap before GC invocations=4 (full 0):
 PSYoungGen      total 18944K, used 16066K [0x00000000eab00000, 0x00000000ed000000, 0x0000000100000000)
  eden space 16384K, 82% used [0x00000000eab00000,0x00000000eb837798,0x00000000ebb00000)
  from space 2560K, 98% used [0x00000000ebb00000,0x00000000ebd79450,0x00000000ebd80000)
  to   space 2560K, 0% used [0x00000000ecd80000,0x00000000ecd80000,0x00000000ed000000)
 ParOldGen       total 44032K, used 24145K [0x00000000c0000000, 0x00000000c2b00000, 0x00000000eab00000)
  object space 44032K, 54% used [0x00000000c0000000,0x00000000c1794710,0x00000000c2b00000)
 Metaspace       used 10055K, capacity 10218K, committed 10496K, reserved 1058816K
  class space    used 1169K, capacity 1219K, committed 1280K, reserved 1048576K
Event: 1.409 GC heap after
Heap after GC invocations=4 (full 0):
 PSYoungGen      total 35328K, used 2533K [0x00000000eab00000, 0x00000000ed000000, 0x0000000100000000)
  eden space 32768K, 0% used [0x00000000eab00000,0x00000000eab00000,0x00000000ecb00000)
  from space 2560K, 98% used [0x00000000ecd80000,0x00000000ecff9450,0x00000000ed000000)
  to   space 2560K, 0% used [0x00000000ecb00000,0x00000000ecb00000,0x00000000ecd80000)
 ParOldGen       total 44032K, used 24169K [0x00000000c0000000, 0x00000000c2b00000, 0x00000000eab00000)
  object space 44032K, 54% used [0x00000000c0000000,0x00000000c179a710,0x00000000c2b00000)
 Metaspace       used 10055K, capacity 10218K, committed 10496K, reserved 1058816K
  class space    used 1169K, capacity 1219K, committed 1280K, reserved 1048576K
}

Deoptimization events (0 events):
No events

Internal exceptions (10 events):
Event: 1.093 Thread 0x0000000002260800 Exception <a 'java/security/PrivilegedActionException'> (0x00000000eb43fa80) thrown at [C:\workspace\8-2-build-windows-amd64-cygwin\jdk8u31\2394\hotspot\src\share\vm\prims\jvm.cpp, line 1312]
Event: 1.094 Thread 0x0000000002260800 Exception <a 'java/security/PrivilegedActionException'> (0x00000000eb443598) thrown at [C:\workspace\8-2-build-windows-amd64-cygwin\jdk8u31\2394\hotspot\src\share\vm\prims\jvm.cpp, line 1312]
Event: 1.155 Thread 0x0000000002260800 Exception <a 'java/security/PrivilegedActionException'> (0x00000000eb833098) thrown at [C:\workspace\8-2-build-windows-amd64-cygwin\jdk8u31\2394\hotspot\src\share\vm\prims\jvm.cpp, line 1312]
Event: 1.156 Thread 0x0000000002260800 Exception <a 'java/security/PrivilegedActionException'> (0x00000000eb837938) thrown at [C:\workspace\8-2-build-windows-amd64-cygwin\jdk8u31\2394\hotspot\src\share\vm\prims\jvm.cpp, line 1312]
Event: 1.156 Thread 0x0000000002260800 Exception <a 'java/security/PrivilegedActionException'> (0x00000000eb954a38) thrown at [C:\workspace\8-2-build-windows-amd64-cygwin\jdk8u31\2394\hotspot\src\share\vm\prims\jvm.cpp, line 1312]
Event: 1.157 Thread 0x0000000002260800 Exception <a 'java/security/PrivilegedActionException'> (0x00000000eb95aa18) thrown at [C:\workspace\8-2-build-windows-amd64-cygwin\jdk8u31\2394\hotspot\src\share\vm\prims\jvm.cpp, line 1312]
Event: 1.158 Thread 0x0000000002260800 Exception <a 'java/security/PrivilegedActionException'> (0x00000000eb9637b0) thrown at [C:\workspace\8-2-build-windows-amd64-cygwin\jdk8u31\2394\hotspot\src\share\vm\prims\jvm.cpp, line 1312]
Event: 1.169 Thread 0x0000000002260800 Exception <a 'java/security/PrivilegedActionException'> (0x00000000eb9a9f30) thrown at [C:\workspace\8-2-build-windows-amd64-cygwin\jdk8u31\2394\hotspot\src\share\vm\prims\jvm.cpp, line 1312]
Event: 1.217 Thread 0x0000000002260800 Exception <a 'java/security/PrivilegedActionException'> (0x00000000eac1ea48) thrown at [C:\workspace\8-2-build-windows-amd64-cygwin\jdk8u31\2394\hotspot\src\share\vm\prims\jvm.cpp, line 1312]
Event: 1.381 Thread 0x0000000002260800 Exception <a 'java/security/PrivilegedActionException'> (0x00000000eafe9a88) thrown at [C:\workspace\8-2-build-windows-amd64-cygwin\jdk8u31\2394\hotspot\src\share\vm\prims\jvm.cpp, line 1312]

Events (10 events):
Event: 1.244 Thread 0x0000000002260800 DEOPT PACKING pc=0x00000000025e23ee sp=0x0000000001e8eed0
Event: 1.244 Thread 0x0000000002260800 DEOPT UNPACKING pc=0x00000000023a71bf sp=0x0000000001e8ec18 mode 0
Event: 1.351 Executing VM operation: ParallelGCFailedAllocation
Event: 1.363 Executing VM operation: ParallelGCFailedAllocation done
Event: 1.381 loading class SpaceInvaders_V4/Util/SystemTimer
Event: 1.381 loading class SpaceInvaders_V4/Util/SystemTimer done
Event: 1.382 loading class java/lang/InterruptedException
Event: 1.382 loading class java/lang/InterruptedException done
Event: 1.405 Executing VM operation: ParallelGCFailedAllocation
Event: 1.409 Executing VM operation: ParallelGCFailedAllocation done


Dynamic libraries:
0x000007f638790000 - 0x000007f6387c4000 	C:\Program Files\Java\jdk1.8.0_31\bin\java.exe
0x000007fa6ca20000 - 0x000007fa6cbdd000 	C:\Windows\SYSTEM32\ntdll.dll
0x000007fa6a920000 - 0x000007fa6aa57000 	C:\Windows\system32\KERNEL32.DLL
0x000007fa69980000 - 0x000007fa69a74000 	C:\Windows\system32\KERNELBASE.dll
0x000007fa6ad40000 - 0x000007fa6ae1e000 	C:\Windows\system32\ADVAPI32.dll
0x000007fa6a5b0000 - 0x000007fa6a6fc000 	C:\Windows\system32\USER32.dll
0x000007fa65ad0000 - 0x000007fa65d3a000 	C:\Windows\WinSxS\amd64_microsoft.windows.common-controls_6595b64144ccf1df_6.0.9200.17321_none_41866eeb718ed8b9\COMCTL32.dll
0x000007fa6ab10000 - 0x000007fa6abb5000 	C:\Windows\system32\msvcrt.dll
0x000007fa6a8d0000 - 0x000007fa6a918000 	C:\Windows\SYSTEM32\sechost.dll
0x000007fa6b1c0000 - 0x000007fa6b305000 	C:\Windows\system32\RPCRT4.dll
0x000007fa6c8d0000 - 0x000007fa6ca11000 	C:\Windows\system32\GDI32.dll
0x000007fa6b0e0000 - 0x000007fa6b119000 	C:\Windows\system32\IMM32.DLL
0x000007fa6a490000 - 0x000007fa6a5a5000 	C:\Windows\system32\MSCTF.dll
0x0000000067fa0000 - 0x0000000068072000 	C:\Program Files\Java\jdk1.8.0_31\jre\bin\msvcr100.dll
0x0000000068080000 - 0x00000000688da000 	C:\Program Files\Java\jdk1.8.0_31\jre\bin\server\jvm.dll
0x000007fa62900000 - 0x000007fa62909000 	C:\Windows\SYSTEM32\WSOCK32.dll
0x000007fa65490000 - 0x000007fa654b0000 	C:\Windows\SYSTEM32\WINMM.dll
0x000007fa6c8b0000 - 0x000007fa6c8b7000 	C:\Windows\system32\PSAPI.DLL
0x000007fa6b310000 - 0x000007fa6b368000 	C:\Windows\system32\WS2_32.dll
0x000007fa65100000 - 0x000007fa65133000 	C:\Windows\SYSTEM32\WINMMBASE.dll
0x000007fa6c670000 - 0x000007fa6c679000 	C:\Windows\system32\NSI.dll
0x000007fa69a80000 - 0x000007fa69acf000 	C:\Windows\SYSTEM32\cfgmgr32.dll
0x000007fa69dc0000 - 0x000007fa69de2000 	C:\Windows\system32\DEVOBJ.dll
0x0000000067f50000 - 0x0000000067f5f000 	C:\Program Files\Java\jdk1.8.0_31\jre\bin\verify.dll
0x0000000067f20000 - 0x0000000067f48000 	C:\Program Files\Java\jdk1.8.0_31\jre\bin\java.dll
0x0000000067f00000 - 0x0000000067f16000 	C:\Program Files\Java\jdk1.8.0_31\jre\bin\zip.dll
0x000007fa6b370000 - 0x000007fa6c655000 	C:\Windows\system32\SHELL32.dll
0x000007fa6a720000 - 0x000007fa6a8d0000 	C:\Windows\SYSTEM32\combase.dll
0x000007fa6ae20000 - 0x000007fa6ae70000 	C:\Windows\system32\SHLWAPI.dll
0x000007fa68a70000 - 0x000007fa68b06000 	C:\Windows\SYSTEM32\SHCORE.dll
0x000007fa69920000 - 0x000007fa69935000 	C:\Windows\system32\profapi.dll
0x0000000067d20000 - 0x0000000067eb8000 	C:\Program Files\Java\jdk1.8.0_31\jre\bin\awt.dll
0x000007fa6ae70000 - 0x000007fa6af33000 	C:\Windows\system32\OLEAUT32.dll
0x000007fa62390000 - 0x000007fa6242f000 	C:\Windows\system32\apphelp.dll
0x000000006b340000 - 0x000000006b437000 	C:\Users\Bee-Jay\AppData\Local\Temp\libgdxBee-Jay\783853fc\jglfw64.dll
0x000007fa4f010000 - 0x000007fa4f12f000 	C:\Windows\SYSTEM32\OPENGL32.dll
0x000007fa60070000 - 0x000007fa6009c000 	C:\Windows\SYSTEM32\GLU32.dll
0x000007fa4e620000 - 0x000007fa4e70a000 	C:\Windows\SYSTEM32\DDRAW.dll
0x000007fa628e0000 - 0x000007fa628e8000 	C:\Windows\SYSTEM32\DCIMAN32.dll
0x000007fa68690000 - 0x000007fa68776000 	C:\Windows\system32\uxtheme.dll
0x000007fa67e00000 - 0x000007fa67e21000 	C:\Windows\system32\DWMAPI.DLL
0x000007fa61040000 - 0x000007fa61051000 	C:\Program Files (x86)\Dexpot\hooxpot64.dll
0x000007fa6abc0000 - 0x000007fa6ad3e000 	C:\Windows\system32\ole32.dll
0x000007fa696d0000 - 0x000007fa696da000 	C:\Windows\SYSTEM32\CRYPTBASE.dll
0x000007fa69670000 - 0x000007fa696cc000 	C:\Windows\SYSTEM32\bcryptPrimitives.dll
0x000007fa5dbb0000 - 0x000007fa5ddb0000 	C:\Windows\system32\d3d9.dll
0x000007fa66080000 - 0x000007fa66089000 	C:\Windows\SYSTEM32\VERSION.dll
0x000007fa4a950000 - 0x000007fa4ba06000 	C:\Windows\SYSTEM32\nvd3dumx.dll
0x000007fa69830000 - 0x000007fa69873000 	C:\Windows\system32\powrprof.dll
0x000007fa66090000 - 0x000007fa661fa000 	C:\Program Files (x86)\NVIDIA Corporation\3D Vision\nvSCPAPI64.dll
0x000007fa6a150000 - 0x000007fa6a320000 	C:\Windows\system32\SETUPAPI.dll
0x000007fa65d40000 - 0x000007fa66073000 	C:\Windows\system32\nvapi64.dll
0x000007fa69d60000 - 0x000007fa69db5000 	C:\Windows\system32\WINTRUST.dll
0x000007fa69ad0000 - 0x000007fa69ca1000 	C:\Windows\system32\CRYPT32.dll
0x000007fa69940000 - 0x000007fa69956000 	C:\Windows\system32\MSASN1.dll
0x000007fa67b40000 - 0x000007fa67bb4000 	C:\Windows\system32\dxgi.dll
0x0000000067cd0000 - 0x0000000067d17000 	C:\Program Files\Java\jdk1.8.0_31\jre\bin\fontmanager.dll
0x000007fa69140000 - 0x000007fa6915a000 	C:\Windows\SYSTEM32\CRYPTSP.dll
0x000007fa68de0000 - 0x000007fa68e2b000 	C:\Windows\system32\rsaenh.dll
0x000007fa69960000 - 0x000007fa6997f000 	C:\Windows\system32\USERENV.dll
0x0000000067ee0000 - 0x0000000067efa000 	C:\Program Files\Java\jdk1.8.0_31\jre\bin\net.dll
0x000007fa690e0000 - 0x000007fa6913c000 	C:\Windows\system32\mswsock.dll
0x000007fa638c0000 - 0x000007fa638ea000 	C:\Windows\SYSTEM32\IPHLPAPI.DLL
0x000007fa638a0000 - 0x000007fa638aa000 	C:\Windows\SYSTEM32\WINNSI.DLL
0x000007fa633b0000 - 0x000007fa633c3000 	C:\Windows\SYSTEM32\dhcpcsvc6.DLL
0x000007fa633f0000 - 0x000007fa63408000 	C:\Windows\SYSTEM32\dhcpcsvc.DLL
0x0000000067ec0000 - 0x0000000067ed1000 	C:\Program Files\Java\jdk1.8.0_31\jre\bin\nio.dll
0x000007fa5a090000 - 0x000007fa5a1f3000 	C:\Windows\SYSTEM32\dbghelp.dll

VM Arguments:
jvm_args: -Dfile.encoding=UTF-8 -Djava.library.path=lib/natives/ 
java_command: SpaceInvaders_V4.Main.Game
java_class_path (initial): C:\Users\Bee-Jay\OneDrive\Courses\CIS-18B Java Objects\WarfieldBrian_CSC18B_42029\Project\space_invaders\SpaceInvaders_solo\lib\jars\lwjgl.jar;C:\Users\Bee-Jay\OneDrive\Courses\CIS-18B Java Objects\WarfieldBrian_CSC18B_42029\Project\space_invaders\SpaceInvaders_solo\lib\jars\lwjgl_util.jar;C:\Users\Bee-Jay\OneDrive\Courses\CIS-18B Java Objects\WarfieldBrian_CSC18B_42029\Project\space_invaders\SpaceInvaders_solo\lib\jars\jglfw.jar;C:\Users\Bee-Jay\OneDrive\Courses\CIS-18B Java Objects\WarfieldBrian_CSC18B_42029\Project\space_invaders\SpaceInvaders_solo\lib\jars\jglfw-natives.jar;C:\Users\Bee-Jay\OneDrive\Courses\CIS-18B Java Objects\WarfieldBrian_CSC18B_42029\Project\space_invaders\SpaceInvaders_solo\lib\jars\slick-util.jar;C:\Users\Bee-Jay\OneDrive\Courses\CIS-18B Java Objects\WarfieldBrian_CSC18B_42029\Project\space_invaders\SpaceInvaders_solo\lib\jars\json-simple-1.1.1.jar;C:\Users\Bee-Jay\OneDrive\Courses\CIS-18B Java Objects\WarfieldBrian_CSC18B_42029\Project\space_invaders\SpaceInvaders_solo\lib\absolutelayout\AbsoluteLayout.jar;C:\Users\Bee-Jay\OneDrive\Courses\CIS-18B Java Objects\WarfieldBrian_CSC18B_42029\Project\space_invaders\SpaceInvaders_solo\build\classes
Launcher Type: SUN_STANDARD

Environment Variables:
PATH=C:\ProgramData\Oracle\Java\javapath;C:\Program Files (x86)\NVIDIA Corporation\PhysX\Common;C:\Windows\system32;C:\Windows;C:\Windows\System32\Wbem;C:\Windows\System32\WindowsPowerShell\v1.0\;C:\Program Files (x86)\QuickTime\QTSystem\;C:\Users\Bee-Jay\Desktop\App Dump\exercism;C:\Program Files\nodejs\;C:\Program Files (x86)\AAC Audiobook Creator\Tools\SSA;C:\Users\Bee-Jay\AppData\Roaming\npm;C:\Program Files (x86)\AAC Audiobook Creator\Tools\SSA;C:\Program Files\Java\jdk1.8.0_40\bin;C:\Program Files (x86)\gradle-2.3\bin;
USERNAME=Bee-Jay
OS=Windows_NT
PROCESSOR_IDENTIFIER=Intel64 Family 6 Model 23 Stepping 6, GenuineIntel



---------------  S Y S T E M  ---------------

OS: Windows 8 , 64 bit Build 9200 

CPU:total 2 (2 cores per cpu, 1 threads per core) family 6 model 23 stepping 6, cmov, cx8, fxsr, mmx, sse, sse2, sse3, ssse3, sse4.1, tsc

Memory: 4k page, physical 4191712k(1752676k free), swap 11269600k(7554696k free)

vm_info: Java HotSpot(TM) 64-Bit Server VM (25.31-b07) for windows-amd64 JRE (1.8.0_31-b13), built on Dec 17 2014 21:00:28 by "java_re" with MS VC++ 10.0 (VS2010)

time: Fri May 29 22:58:48 2015
elapsed time: 1 seconds (0d 0h 0m 1s)

